Analysis & Synthesis report for 3lab
Thu Oct 05 10:56:41 2017
Quartus II Version 9.1 Build 222 10/21/2009 SJ Web Edition


---------------------
; Table of Contents ;
---------------------
  1. Legal Notice
  2. Analysis & Synthesis Summary
  3. Analysis & Synthesis Settings
  4. Parallel Compilation
  5. Analysis & Synthesis Source Files Read
  6. Analysis & Synthesis Resource Usage Summary
  7. Analysis & Synthesis Resource Utilization by Entity
  8. Analysis & Synthesis RAM Summary
  9. General Register Statistics
 10. Source assignments for LogicUnit:inst5|lpm_counter0:inst4|lpm_counter:lpm_counter_component
 11. Source assignments for LogicUnit:inst5|lpm_counter1:inst5|lpm_counter:lpm_counter_component
 12. Source assignments for lpm_rom0:inst4|altsyncram:altsyncram_component|altsyncram_gp61:auto_generated
 13. Source assignments for lpm_ram_dq0:inst|altsyncram:altsyncram_component|altsyncram_u3a1:auto_generated
 14. Parameter Settings for User Entity Instance: LogicUnit:inst5|lpm_decode0:inst3|lpm_decode:lpm_decode_component
 15. Parameter Settings for User Entity Instance: LogicUnit:inst5|lpm_counter0:inst4|lpm_counter:lpm_counter_component
 16. Parameter Settings for User Entity Instance: LogicUnit:inst5|lpm_decode0:inst2|lpm_decode:lpm_decode_component
 17. Parameter Settings for User Entity Instance: LogicUnit:inst5|lpm_counter1:inst5|lpm_counter:lpm_counter_component
 18. Parameter Settings for User Entity Instance: lpm_bustri0:inst8|lpm_bustri:lpm_bustri_component
 19. Parameter Settings for User Entity Instance: lpm_rom0:inst4
 20. Parameter Settings for User Entity Instance: lpm_rom0:inst4|altsyncram:altsyncram_component
 21. Parameter Settings for User Entity Instance: lpm_bustri0:inst6|lpm_bustri:lpm_bustri_component
 22. Parameter Settings for User Entity Instance: Registers:inst1|lpm_dff0:inst|lpm_ff:lpm_ff_component
 23. Parameter Settings for User Entity Instance: Registers:inst1|lpm_dff0:inst1|lpm_ff:lpm_ff_component
 24. Parameter Settings for User Entity Instance: Registers:inst1|lpm_dff0:inst2|lpm_ff:lpm_ff_component
 25. Parameter Settings for User Entity Instance: Registers:inst1|lpm_dff0:inst3|lpm_ff:lpm_ff_component
 26. Parameter Settings for User Entity Instance: lpm_bustri0:inst9|lpm_bustri:lpm_bustri_component
 27. Parameter Settings for User Entity Instance: lpm_ram_dq0:inst
 28. Parameter Settings for User Entity Instance: lpm_ram_dq0:inst|altsyncram:altsyncram_component
 29. altsyncram Parameter Settings by Entity Instance
 30. Analysis & Synthesis Messages



----------------
; Legal Notice ;
----------------
Copyright (C) 1991-2009 Altera Corporation
Your use of Altera Corporation's design tools, logic functions 
and other software and tools, and its AMPP partner logic 
functions, and any output files from any of the foregoing 
(including device programming or simulation files), and any 
associated documentation or information are expressly subject 
to the terms and conditions of the Altera Program License 
Subscription Agreement, Altera MegaCore Function License 
Agreement, or other applicable license agreement, including, 
without limitation, that your use is for the sole purpose of 
programming logic devices manufactured by Altera and sold by 
Altera or its authorized distributors.  Please refer to the 
applicable agreement for further details.



+-------------------------------------------------------------------------+
; Analysis & Synthesis Summary                                            ;
+-------------------------------+-----------------------------------------+
; Analysis & Synthesis Status   ; Successful - Thu Oct 05 10:56:41 2017   ;
; Quartus II Version            ; 9.1 Build 222 10/21/2009 SJ Web Edition ;
; Revision Name                 ; 3lab                                    ;
; Top-level Entity Name         ; Main                                    ;
; Family                        ; Stratix II                              ;
; Logic utilization             ; N/A                                     ;
;     Combinational ALUTs       ; 26                                      ;
;     Dedicated logic registers ; 29                                      ;
; Total registers               ; 29                                      ;
; Total pins                    ; 35                                      ;
; Total virtual pins            ; 0                                       ;
; Total block memory bits       ; 256                                     ;
; DSP block 9-bit elements      ; 0                                       ;
; Total PLLs                    ; 0                                       ;
; Total DLLs                    ; 0                                       ;
+-------------------------------+-----------------------------------------+


+----------------------------------------------------------------------------------------------------------------------+
; Analysis & Synthesis Settings                                                                                        ;
+----------------------------------------------------------------------------+--------------------+--------------------+
; Option                                                                     ; Setting            ; Default Value      ;
+----------------------------------------------------------------------------+--------------------+--------------------+
; Top-level entity name                                                      ; Main               ; 3lab               ;
; Family name                                                                ; Stratix II         ; Stratix II         ;
; Use Generated Physical Constraints File                                    ; Off                ;                    ;
; Use smart compilation                                                      ; Off                ; Off                ;
; Enable parallel Assembler and TimeQuest Timing Analyzer during compilation ; On                 ; On                 ;
; Enable compact report table                                                ; Off                ; Off                ;
; Restructure Multiplexers                                                   ; Auto               ; Auto               ;
; Create Debugging Nodes for IP Cores                                        ; Off                ; Off                ;
; Preserve fewer node names                                                  ; On                 ; On                 ;
; Disable OpenCore Plus hardware evaluation                                  ; Off                ; Off                ;
; Verilog Version                                                            ; Verilog_2001       ; Verilog_2001       ;
; VHDL Version                                                               ; VHDL_1993          ; VHDL_1993          ;
; State Machine Processing                                                   ; Auto               ; Auto               ;
; Safe State Machine                                                         ; Off                ; Off                ;
; Extract Verilog State Machines                                             ; On                 ; On                 ;
; Extract VHDL State Machines                                                ; On                 ; On                 ;
; Ignore Verilog initial constructs                                          ; Off                ; Off                ;
; Iteration limit for constant Verilog loops                                 ; 5000               ; 5000               ;
; Iteration limit for non-constant Verilog loops                             ; 250                ; 250                ;
; Add Pass-Through Logic to Inferred RAMs                                    ; On                 ; On                 ;
; Parallel Synthesis                                                         ; On                 ; On                 ;
; DSP Block Balancing                                                        ; Auto               ; Auto               ;
; NOT Gate Push-Back                                                         ; On                 ; On                 ;
; Power-Up Don't Care                                                        ; On                 ; On                 ;
; Remove Redundant Logic Cells                                               ; Off                ; Off                ;
; Remove Duplicate Registers                                                 ; On                 ; On                 ;
; Ignore CARRY Buffers                                                       ; Off                ; Off                ;
; Ignore CASCADE Buffers                                                     ; Off                ; Off                ;
; Ignore GLOBAL Buffers                                                      ; Off                ; Off                ;
; Ignore ROW GLOBAL Buffers                                                  ; Off                ; Off                ;
; Ignore LCELL Buffers                                                       ; Off                ; Off                ;
; Ignore SOFT Buffers                                                        ; On                 ; On                 ;
; Limit AHDL Integers to 32 Bits                                             ; Off                ; Off                ;
; Optimization Technique                                                     ; Balanced           ; Balanced           ;
; Carry Chain Length                                                         ; 70                 ; 70                 ;
; Auto Carry Chains                                                          ; On                 ; On                 ;
; Auto Open-Drain Pins                                                       ; On                 ; On                 ;
; Perform WYSIWYG Primitive Resynthesis                                      ; Off                ; Off                ;
; Auto ROM Replacement                                                       ; On                 ; On                 ;
; Auto RAM Replacement                                                       ; On                 ; On                 ;
; Auto DSP Block Replacement                                                 ; On                 ; On                 ;
; Auto Shift Register Replacement                                            ; Auto               ; Auto               ;
; Auto Clock Enable Replacement                                              ; On                 ; On                 ;
; Strict RAM Replacement                                                     ; Off                ; Off                ;
; Allow Synchronous Control Signals                                          ; On                 ; On                 ;
; Force Use of Synchronous Clear Signals                                     ; Off                ; Off                ;
; Auto RAM Block Balancing                                                   ; On                 ; On                 ;
; Auto RAM to Logic Cell Conversion                                          ; Off                ; Off                ;
; Auto Resource Sharing                                                      ; Off                ; Off                ;
; Allow Any RAM Size For Recognition                                         ; Off                ; Off                ;
; Allow Any ROM Size For Recognition                                         ; Off                ; Off                ;
; Allow Any Shift Register Size For Recognition                              ; Off                ; Off                ;
; Use LogicLock Constraints during Resource Balancing                        ; On                 ; On                 ;
; Ignore translate_off and synthesis_off directives                          ; Off                ; Off                ;
; Timing-Driven Synthesis                                                    ; Off                ; Off                ;
; Show Parameter Settings Tables in Synthesis Report                         ; On                 ; On                 ;
; Ignore Maximum Fan-Out Assignments                                         ; Off                ; Off                ;
; Synchronization Register Chain Length                                      ; 2                  ; 2                  ;
; PowerPlay Power Optimization                                               ; Normal compilation ; Normal compilation ;
; HDL message level                                                          ; Level2             ; Level2             ;
; Suppress Register Optimization Related Messages                            ; Off                ; Off                ;
; Number of Removed Registers Reported in Synthesis Report                   ; 100                ; 100                ;
; Number of Inverted Registers Reported in Synthesis Report                  ; 100                ; 100                ;
; Clock MUX Protection                                                       ; On                 ; On                 ;
; Auto Gated Clock Conversion                                                ; Off                ; Off                ;
; Block Design Naming                                                        ; Auto               ; Auto               ;
; SDC constraint protection                                                  ; Off                ; Off                ;
; Synthesis Effort                                                           ; Auto               ; Auto               ;
; Shift Register Replacement - Allow Asynchronous Clear Signal               ; On                 ; On                 ;
; Analysis & Synthesis Message Level                                         ; Medium             ; Medium             ;
; Disable Register Merging Across Hierarchies                                ; Auto               ; Auto               ;
; Resource Aware Inference For Block RAM                                     ; On                 ; On                 ;
+----------------------------------------------------------------------------+--------------------+--------------------+


Parallel compilation was disabled, but you have multiple processors available. Enable parallel compilation to reduce compilation time.
+-------------------------------------+
; Parallel Compilation                ;
+----------------------------+--------+
; Processors                 ; Number ;
+----------------------------+--------+
; Number detected on machine ; 2      ;
; Maximum allowed            ; 1      ;
+----------------------------+--------+


+-----------------------------------------------------------------------------------------------------------------------------------------------------------+
; Analysis & Synthesis Source Files Read                                                                                                                    ;
+----------------------------------+-----------------+---------------------------------------+--------------------------------------------------------------+
; File Name with User-Entered Path ; Used in Netlist ; File Type                             ; File Name with Absolute Path                                 ;
+----------------------------------+-----------------+---------------------------------------+--------------------------------------------------------------+
; ROM.hex                          ; yes             ; User Hexadecimal (Intel-Format) File  ; E:/Антон/SIFO/3lab/ROM.hex                                   ;
; Registers.bdf                    ; yes             ; User Block Diagram/Schematic File     ; E:/Антон/SIFO/3lab/Registers.bdf                             ;
; Main.bdf                         ; yes             ; User Block Diagram/Schematic File     ; E:/Антон/SIFO/3lab/Main.bdf                                  ;
; LogicUnit.bdf                    ; yes             ; User Block Diagram/Schematic File     ; E:/Антон/SIFO/3lab/LogicUnit.bdf                             ;
; lpm_decode0.tdf                  ; yes             ; Auto-Found Wizard-Generated File      ; E:/Антон/SIFO/3lab/lpm_decode0.tdf                           ;
; lpm_decode.inc                   ; yes             ; Megafunction                          ; c:/altera/91/quartus/libraries/megafunctions/lpm_decode.inc  ;
; lpm_decode.tdf                   ; yes             ; Megafunction                          ; c:/altera/91/quartus/libraries/megafunctions/lpm_decode.tdf  ;
; db/decode_e9f.tdf                ; yes             ; Auto-Generated Megafunction           ; E:/Антон/SIFO/3lab/db/decode_e9f.tdf                         ;
; lpm_counter0.tdf                 ; yes             ; Auto-Found Wizard-Generated File      ; E:/Антон/SIFO/3lab/lpm_counter0.tdf                          ;
; lpm_counter.inc                  ; yes             ; Megafunction                          ; c:/altera/91/quartus/libraries/megafunctions/lpm_counter.inc ;
; lpm_counter.tdf                  ; yes             ; Megafunction                          ; c:/altera/91/quartus/libraries/megafunctions/lpm_counter.tdf ;
; db/cntr_e4i.tdf                  ; yes             ; Auto-Generated Megafunction           ; E:/Антон/SIFO/3lab/db/cntr_e4i.tdf                           ;
; 74393m.bdf                       ; yes             ; Megafunction                          ; c:/altera/91/quartus/libraries/others/maxplus2/74393m.bdf    ;
; lpm_counter1.tdf                 ; yes             ; Auto-Found Wizard-Generated File      ; E:/Антон/SIFO/3lab/lpm_counter1.tdf                          ;
; db/cntr_mki.tdf                  ; yes             ; Auto-Generated Megafunction           ; E:/Антон/SIFO/3lab/db/cntr_mki.tdf                           ;
; lpm_bustri0.tdf                  ; yes             ; Auto-Found Wizard-Generated File      ; E:/Антон/SIFO/3lab/lpm_bustri0.tdf                           ;
; lpm_bustri.inc                   ; yes             ; Auto-Found AHDL File                  ; c:/altera/91/quartus/libraries/megafunctions/lpm_bustri.inc  ;
; lpm_bustri.tdf                   ; yes             ; Megafunction                          ; c:/altera/91/quartus/libraries/megafunctions/lpm_bustri.tdf  ;
; lpm_rom0.tdf                     ; yes             ; Auto-Found Wizard-Generated File      ; E:/Антон/SIFO/3lab/lpm_rom0.tdf                              ;
; altsyncram.inc                   ; yes             ; Auto-Found AHDL File                  ; c:/altera/91/quartus/libraries/megafunctions/altsyncram.inc  ;
; altsyncram.tdf                   ; yes             ; Megafunction                          ; c:/altera/91/quartus/libraries/megafunctions/altsyncram.tdf  ;
; db/altsyncram_gp61.tdf           ; yes             ; Auto-Generated Megafunction           ; E:/Антон/SIFO/3lab/db/altsyncram_gp61.tdf                    ;
; lpm_dff0.tdf                     ; yes             ; Auto-Found Wizard-Generated File      ; E:/Антон/SIFO/3lab/lpm_dff0.tdf                              ;
; lpm_ff.inc                       ; yes             ; Auto-Found AHDL File                  ; c:/altera/91/quartus/libraries/megafunctions/lpm_ff.inc      ;
; lpm_ff.tdf                       ; yes             ; Megafunction                          ; c:/altera/91/quartus/libraries/megafunctions/lpm_ff.tdf      ;
; lpm_ram_dq0.tdf                  ; yes             ; Auto-Found Wizard-Generated File      ; E:/Антон/SIFO/3lab/lpm_ram_dq0.tdf                           ;
; db/altsyncram_u3a1.tdf           ; yes             ; Auto-Generated Megafunction           ; E:/Антон/SIFO/3lab/db/altsyncram_u3a1.tdf                    ;
+----------------------------------+-----------------+---------------------------------------+--------------------------------------------------------------+


+-------------------------------------------------------+
; Analysis & Synthesis Resource Usage Summary           ;
+-----------------------------------------------+-------+
; Resource                                      ; Usage ;
+-----------------------------------------------+-------+
; Estimated ALUTs Used                          ; 26    ;
; Dedicated logic registers                     ; 29    ;
;                                               ;       ;
; Estimated ALUTs Unavailable                   ; 0     ;
;                                               ;       ;
; Total combinational functions                 ; 26    ;
; Combinational ALUT usage by number of inputs  ;       ;
;     -- 7 input functions                      ; 0     ;
;     -- 6 input functions                      ; 1     ;
;     -- 5 input functions                      ; 6     ;
;     -- 4 input functions                      ; 4     ;
;     -- <=3 input functions                    ; 15    ;
;                                               ;       ;
; Combinational ALUTs by mode                   ;       ;
;     -- normal mode                            ; 17    ;
;     -- extended LUT mode                      ; 0     ;
;     -- arithmetic mode                        ; 9     ;
;     -- shared arithmetic mode                 ; 0     ;
;                                               ;       ;
; Estimated ALUT/register pairs used            ; 34    ;
;                                               ;       ;
; Total registers                               ; 29    ;
;     -- Dedicated logic registers              ; 29    ;
;     -- I/O registers                          ; 0     ;
;                                               ;       ;
; Estimated ALMs:  partially or completely used ; 17    ;
;                                               ;       ;
; I/O pins                                      ; 35    ;
; Total block memory bits                       ; 256   ;
; Maximum fan-out node                          ; clk   ;
; Maximum fan-out                               ; 18    ;
; Total fan-out                                 ; 241   ;
; Average fan-out                               ; 2.46  ;
+-----------------------------------------------+-------+


+------------------------------------------------------------------------------------------------------------------------------------------------------------------------------------------------------------------------------------------------------------------------------------------------+
; Analysis & Synthesis Resource Utilization by Entity                                                                                                                                                                                                                                            ;
+----------------------------------------------+-------------------+--------------+-------------------+--------------+---------+-----------+-----------+------+--------------+----------------------------------------------------------------------------------------------------+--------------+
; Compilation Hierarchy Node                   ; LC Combinationals ; LC Registers ; Block Memory Bits ; DSP Elements ; DSP 9x9 ; DSP 18x18 ; DSP 36x36 ; Pins ; Virtual Pins ; Full Hierarchy Name                                                                                ; Library Name ;
+----------------------------------------------+-------------------+--------------+-------------------+--------------+---------+-----------+-----------+------+--------------+----------------------------------------------------------------------------------------------------+--------------+
; |Main                                        ; 26 (0)            ; 29 (0)       ; 256               ; 0            ; 0       ; 0         ; 0         ; 35   ; 0            ; |Main                                                                                              ; work         ;
;    |LogicUnit:inst5|                         ; 22 (5)            ; 13 (0)       ; 0                 ; 0            ; 0       ; 0         ; 0         ; 0    ; 0            ; |Main|LogicUnit:inst5                                                                              ;              ;
;       |74393m:inst25|                        ; 4 (4)             ; 4 (4)        ; 0                 ; 0            ; 0       ; 0         ; 0         ; 0    ; 0            ; |Main|LogicUnit:inst5|74393m:inst25                                                                ; work         ;
;       |lpm_counter0:inst4|                   ; 4 (0)             ; 4 (0)        ; 0                 ; 0            ; 0       ; 0         ; 0         ; 0    ; 0            ; |Main|LogicUnit:inst5|lpm_counter0:inst4                                                           ; work         ;
;          |lpm_counter:lpm_counter_component| ; 4 (0)             ; 4 (0)        ; 0                 ; 0            ; 0       ; 0         ; 0         ; 0    ; 0            ; |Main|LogicUnit:inst5|lpm_counter0:inst4|lpm_counter:lpm_counter_component                         ; work         ;
;             |cntr_e4i:auto_generated|        ; 4 (4)             ; 4 (4)        ; 0                 ; 0            ; 0       ; 0         ; 0         ; 0    ; 0            ; |Main|LogicUnit:inst5|lpm_counter0:inst4|lpm_counter:lpm_counter_component|cntr_e4i:auto_generated ; work         ;
;       |lpm_counter1:inst5|                   ; 5 (0)             ; 5 (0)        ; 0                 ; 0            ; 0       ; 0         ; 0         ; 0    ; 0            ; |Main|LogicUnit:inst5|lpm_counter1:inst5                                                           ; work         ;
;          |lpm_counter:lpm_counter_component| ; 5 (0)             ; 5 (0)        ; 0                 ; 0            ; 0       ; 0         ; 0         ; 0    ; 0            ; |Main|LogicUnit:inst5|lpm_counter1:inst5|lpm_counter:lpm_counter_component                         ; work         ;
;             |cntr_mki:auto_generated|        ; 5 (5)             ; 5 (5)        ; 0                 ; 0            ; 0       ; 0         ; 0         ; 0    ; 0            ; |Main|LogicUnit:inst5|lpm_counter1:inst5|lpm_counter:lpm_counter_component|cntr_mki:auto_generated ; work         ;
;       |lpm_decode0:inst2|                    ; 3 (0)             ; 0 (0)        ; 0                 ; 0            ; 0       ; 0         ; 0         ; 0    ; 0            ; |Main|LogicUnit:inst5|lpm_decode0:inst2                                                            ; work         ;
;          |lpm_decode:lpm_decode_component|   ; 3 (0)             ; 0 (0)        ; 0                 ; 0            ; 0       ; 0         ; 0         ; 0    ; 0            ; |Main|LogicUnit:inst5|lpm_decode0:inst2|lpm_decode:lpm_decode_component                            ; work         ;
;             |decode_e9f:auto_generated|      ; 3 (3)             ; 0 (0)        ; 0                 ; 0            ; 0       ; 0         ; 0         ; 0    ; 0            ; |Main|LogicUnit:inst5|lpm_decode0:inst2|lpm_decode:lpm_decode_component|decode_e9f:auto_generated  ; work         ;
;       |lpm_decode0:inst3|                    ; 1 (0)             ; 0 (0)        ; 0                 ; 0            ; 0       ; 0         ; 0         ; 0    ; 0            ; |Main|LogicUnit:inst5|lpm_decode0:inst3                                                            ; work         ;
;          |lpm_decode:lpm_decode_component|   ; 1 (0)             ; 0 (0)        ; 0                 ; 0            ; 0       ; 0         ; 0         ; 0    ; 0            ; |Main|LogicUnit:inst5|lpm_decode0:inst3|lpm_decode:lpm_decode_component                            ; work         ;
;             |decode_e9f:auto_generated|      ; 1 (1)             ; 0 (0)        ; 0                 ; 0            ; 0       ; 0         ; 0         ; 0    ; 0            ; |Main|LogicUnit:inst5|lpm_decode0:inst3|lpm_decode:lpm_decode_component|decode_e9f:auto_generated  ; work         ;
;    |Registers:inst1|                         ; 0 (0)             ; 16 (0)       ; 0                 ; 0            ; 0       ; 0         ; 0         ; 0    ; 0            ; |Main|Registers:inst1                                                                              ;              ;
;       |lpm_dff0:inst1|                       ; 0 (0)             ; 4 (0)        ; 0                 ; 0            ; 0       ; 0         ; 0         ; 0    ; 0            ; |Main|Registers:inst1|lpm_dff0:inst1                                                               ; work         ;
;          |lpm_ff:lpm_ff_component|           ; 0 (0)             ; 4 (4)        ; 0                 ; 0            ; 0       ; 0         ; 0         ; 0    ; 0            ; |Main|Registers:inst1|lpm_dff0:inst1|lpm_ff:lpm_ff_component                                       ; work         ;
;       |lpm_dff0:inst2|                       ; 0 (0)             ; 4 (0)        ; 0                 ; 0            ; 0       ; 0         ; 0         ; 0    ; 0            ; |Main|Registers:inst1|lpm_dff0:inst2                                                               ; work         ;
;          |lpm_ff:lpm_ff_component|           ; 0 (0)             ; 4 (4)        ; 0                 ; 0            ; 0       ; 0         ; 0         ; 0    ; 0            ; |Main|Registers:inst1|lpm_dff0:inst2|lpm_ff:lpm_ff_component                                       ; work         ;
;       |lpm_dff0:inst3|                       ; 0 (0)             ; 4 (0)        ; 0                 ; 0            ; 0       ; 0         ; 0         ; 0    ; 0            ; |Main|Registers:inst1|lpm_dff0:inst3                                                               ; work         ;
;          |lpm_ff:lpm_ff_component|           ; 0 (0)             ; 4 (4)        ; 0                 ; 0            ; 0       ; 0         ; 0         ; 0    ; 0            ; |Main|Registers:inst1|lpm_dff0:inst3|lpm_ff:lpm_ff_component                                       ; work         ;
;       |lpm_dff0:inst|                        ; 0 (0)             ; 4 (0)        ; 0                 ; 0            ; 0       ; 0         ; 0         ; 0    ; 0            ; |Main|Registers:inst1|lpm_dff0:inst                                                                ;              ;
;          |lpm_ff:lpm_ff_component|           ; 0 (0)             ; 4 (4)        ; 0                 ; 0            ; 0       ; 0         ; 0         ; 0    ; 0            ; |Main|Registers:inst1|lpm_dff0:inst|lpm_ff:lpm_ff_component                                        ;              ;
;    |lpm_bustri0:inst8|                       ; 4 (0)             ; 0 (0)        ; 0                 ; 0            ; 0       ; 0         ; 0         ; 0    ; 0            ; |Main|lpm_bustri0:inst8                                                                            ; work         ;
;       |lpm_bustri:lpm_bustri_component|      ; 4 (4)             ; 0 (0)        ; 0                 ; 0            ; 0       ; 0         ; 0         ; 0    ; 0            ; |Main|lpm_bustri0:inst8|lpm_bustri:lpm_bustri_component                                            ; work         ;
;    |lpm_ram_dq0:inst|                        ; 0 (0)             ; 0 (0)        ; 128               ; 0            ; 0       ; 0         ; 0         ; 0    ; 0            ; |Main|lpm_ram_dq0:inst                                                                             ; work         ;
;       |altsyncram:altsyncram_component|      ; 0 (0)             ; 0 (0)        ; 128               ; 0            ; 0       ; 0         ; 0         ; 0    ; 0            ; |Main|lpm_ram_dq0:inst|altsyncram:altsyncram_component                                             ; work         ;
;          |altsyncram_u3a1:auto_generated|    ; 0 (0)             ; 0 (0)        ; 128               ; 0            ; 0       ; 0         ; 0         ; 0    ; 0            ; |Main|lpm_ram_dq0:inst|altsyncram:altsyncram_component|altsyncram_u3a1:auto_generated              ; work         ;
;    |lpm_rom0:inst4|                          ; 0 (0)             ; 0 (0)        ; 128               ; 0            ; 0       ; 0         ; 0         ; 0    ; 0            ; |Main|lpm_rom0:inst4                                                                               ; work         ;
;       |altsyncram:altsyncram_component|      ; 0 (0)             ; 0 (0)        ; 128               ; 0            ; 0       ; 0         ; 0         ; 0    ; 0            ; |Main|lpm_rom0:inst4|altsyncram:altsyncram_component                                               ; work         ;
;          |altsyncram_gp61:auto_generated|    ; 0 (0)             ; 0 (0)        ; 128               ; 0            ; 0       ; 0         ; 0         ; 0    ; 0            ; |Main|lpm_rom0:inst4|altsyncram:altsyncram_component|altsyncram_gp61:auto_generated                ; work         ;
+----------------------------------------------+-------------------+--------------+-------------------+--------------+---------+-----------+-----------+------+--------------+----------------------------------------------------------------------------------------------------+--------------+
Note: For table entries with two numbers listed, the numbers in parentheses indicate the number of resources of the given type used by the specific entity alone. The numbers listed outside of parentheses indicate the total resources of the given type used by the specific entity and all of its sub-entities in the hierarchy.


+----------------------------------------------------------------------------------------------------------------------------------------------------------------------------------------------+
; Analysis & Synthesis RAM Summary                                                                                                                                                             ;
+--------------------------------------------------------------------------------------------+------+-------------+--------------+--------------+--------------+--------------+------+---------+
; Name                                                                                       ; Type ; Mode        ; Port A Depth ; Port A Width ; Port B Depth ; Port B Width ; Size ; MIF     ;
+--------------------------------------------------------------------------------------------+------+-------------+--------------+--------------+--------------+--------------+------+---------+
; lpm_ram_dq0:inst|altsyncram:altsyncram_component|altsyncram_u3a1:auto_generated|ALTSYNCRAM ; AUTO ; Single Port ; 32           ; 4            ; --           ; --           ; 128  ; None    ;
; lpm_rom0:inst4|altsyncram:altsyncram_component|altsyncram_gp61:auto_generated|ALTSYNCRAM   ; AUTO ; ROM         ; 32           ; 4            ; --           ; --           ; 128  ; ROM.hex ;
+--------------------------------------------------------------------------------------------+------+-------------+--------------+--------------+--------------+--------------+------+---------+


+------------------------------------------------------+
; General Register Statistics                          ;
+----------------------------------------------+-------+
; Statistic                                    ; Value ;
+----------------------------------------------+-------+
; Total registers                              ; 29    ;
; Number of registers using Synchronous Clear  ; 4     ;
; Number of registers using Synchronous Load   ; 0     ;
; Number of registers using Asynchronous Clear ; 4     ;
; Number of registers using Asynchronous Load  ; 5     ;
; Number of registers using Clock Enable       ; 0     ;
; Number of registers using Preset             ; 0     ;
+----------------------------------------------+-------+


+---------------------------------------------------------------------------------------------+
; Source assignments for LogicUnit:inst5|lpm_counter0:inst4|lpm_counter:lpm_counter_component ;
+---------------------------+-------+------+--------------------------------------------------+
; Assignment                ; Value ; From ; To                                               ;
+---------------------------+-------+------+--------------------------------------------------+
; SUPPRESS_DA_RULE_INTERNAL ; a101  ; -    ; -                                                ;
; SUPPRESS_DA_RULE_INTERNAL ; s102  ; -    ; -                                                ;
; SUPPRESS_DA_RULE_INTERNAL ; s103  ; -    ; -                                                ;
+---------------------------+-------+------+--------------------------------------------------+


+---------------------------------------------------------------------------------------------+
; Source assignments for LogicUnit:inst5|lpm_counter1:inst5|lpm_counter:lpm_counter_component ;
+---------------------------+-------+------+--------------------------------------------------+
; Assignment                ; Value ; From ; To                                               ;
+---------------------------+-------+------+--------------------------------------------------+
; SUPPRESS_DA_RULE_INTERNAL ; a101  ; -    ; -                                                ;
; SUPPRESS_DA_RULE_INTERNAL ; s102  ; -    ; -                                                ;
; SUPPRESS_DA_RULE_INTERNAL ; s103  ; -    ; -                                                ;
+---------------------------+-------+------+--------------------------------------------------+


+------------------------------------------------------------------------------------------------------+
; Source assignments for lpm_rom0:inst4|altsyncram:altsyncram_component|altsyncram_gp61:auto_generated ;
+---------------------------------+--------------------+------+----------------------------------------+
; Assignment                      ; Value              ; From ; To                                     ;
+---------------------------------+--------------------+------+----------------------------------------+
; OPTIMIZE_POWER_DURING_SYNTHESIS ; NORMAL_COMPILATION ; -    ; -                                      ;
+---------------------------------+--------------------+------+----------------------------------------+


+--------------------------------------------------------------------------------------------------------+
; Source assignments for lpm_ram_dq0:inst|altsyncram:altsyncram_component|altsyncram_u3a1:auto_generated ;
+---------------------------------+--------------------+------+------------------------------------------+
; Assignment                      ; Value              ; From ; To                                       ;
+---------------------------------+--------------------+------+------------------------------------------+
; OPTIMIZE_POWER_DURING_SYNTHESIS ; NORMAL_COMPILATION ; -    ; -                                        ;
+---------------------------------+--------------------+------+------------------------------------------+


+----------------------------------------------------------------------------------------------------------------+
; Parameter Settings for User Entity Instance: LogicUnit:inst5|lpm_decode0:inst3|lpm_decode:lpm_decode_component ;
+------------------------+------------+--------------------------------------------------------------------------+
; Parameter Name         ; Value      ; Type                                                                     ;
+------------------------+------------+--------------------------------------------------------------------------+
; LPM_WIDTH              ; 4          ; Untyped                                                                  ;
; LPM_DECODES            ; 16         ; Untyped                                                                  ;
; LPM_PIPELINE           ; 0          ; Untyped                                                                  ;
; CASCADE_CHAIN          ; MANUAL     ; Untyped                                                                  ;
; DEVICE_FAMILY          ; Stratix II ; Untyped                                                                  ;
; CBXI_PARAMETER         ; decode_e9f ; Untyped                                                                  ;
; AUTO_CARRY_CHAINS      ; ON         ; AUTO_CARRY                                                               ;
; IGNORE_CARRY_BUFFERS   ; OFF        ; IGNORE_CARRY                                                             ;
; AUTO_CASCADE_CHAINS    ; ON         ; AUTO_CASCADE                                                             ;
; IGNORE_CASCADE_BUFFERS ; OFF        ; IGNORE_CASCADE                                                           ;
+------------------------+------------+--------------------------------------------------------------------------+
Note: In order to hide this table in the UI and the text report file, please set the "Show Parameter Settings Tables in Synthesis Report" option in "Analysis and Synthesis Settings -> More Settings" to "Off".


+-------------------------------------------------------------------------------------------------------------------+
; Parameter Settings for User Entity Instance: LogicUnit:inst5|lpm_counter0:inst4|lpm_counter:lpm_counter_component ;
+------------------------+-------------+----------------------------------------------------------------------------+
; Parameter Name         ; Value       ; Type                                                                       ;
+------------------------+-------------+----------------------------------------------------------------------------+
; AUTO_CARRY_CHAINS      ; ON          ; AUTO_CARRY                                                                 ;
; IGNORE_CARRY_BUFFERS   ; OFF         ; IGNORE_CARRY                                                               ;
; AUTO_CASCADE_CHAINS    ; ON          ; AUTO_CASCADE                                                               ;
; IGNORE_CASCADE_BUFFERS ; OFF         ; IGNORE_CASCADE                                                             ;
; LPM_WIDTH              ; 4           ; Untyped                                                                    ;
; LPM_DIRECTION          ; UP          ; Untyped                                                                    ;
; LPM_MODULUS            ; 0           ; Untyped                                                                    ;
; LPM_AVALUE             ; UNUSED      ; Untyped                                                                    ;
; LPM_SVALUE             ; UNUSED      ; Untyped                                                                    ;
; LPM_PORT_UPDOWN        ; PORT_UNUSED ; Untyped                                                                    ;
; DEVICE_FAMILY          ; Stratix II  ; Untyped                                                                    ;
; CARRY_CHAIN            ; MANUAL      ; Untyped                                                                    ;
; CARRY_CHAIN_LENGTH     ; 48          ; CARRY_CHAIN_LENGTH                                                         ;
; NOT_GATE_PUSH_BACK     ; ON          ; NOT_GATE_PUSH_BACK                                                         ;
; CARRY_CNT_EN           ; SMART       ; Untyped                                                                    ;
; LABWIDE_SCLR           ; ON          ; Untyped                                                                    ;
; USE_NEW_VERSION        ; TRUE        ; Untyped                                                                    ;
; CBXI_PARAMETER         ; cntr_e4i    ; Untyped                                                                    ;
+------------------------+-------------+----------------------------------------------------------------------------+
Note: In order to hide this table in the UI and the text report file, please set the "Show Parameter Settings Tables in Synthesis Report" option in "Analysis and Synthesis Settings -> More Settings" to "Off".


+----------------------------------------------------------------------------------------------------------------+
; Parameter Settings for User Entity Instance: LogicUnit:inst5|lpm_decode0:inst2|lpm_decode:lpm_decode_component ;
+------------------------+------------+--------------------------------------------------------------------------+
; Parameter Name         ; Value      ; Type                                                                     ;
+------------------------+------------+--------------------------------------------------------------------------+
; LPM_WIDTH              ; 4          ; Untyped                                                                  ;
; LPM_DECODES            ; 16         ; Untyped                                                                  ;
; LPM_PIPELINE           ; 0          ; Untyped                                                                  ;
; CASCADE_CHAIN          ; MANUAL     ; Untyped                                                                  ;
; DEVICE_FAMILY          ; Stratix II ; Untyped                                                                  ;
; CBXI_PARAMETER         ; decode_e9f ; Untyped                                                                  ;
; AUTO_CARRY_CHAINS      ; ON         ; AUTO_CARRY                                                               ;
; IGNORE_CARRY_BUFFERS   ; OFF        ; IGNORE_CARRY                                                             ;
; AUTO_CASCADE_CHAINS    ; ON         ; AUTO_CASCADE                                                             ;
; IGNORE_CASCADE_BUFFERS ; OFF        ; IGNORE_CASCADE                                                           ;
+------------------------+------------+--------------------------------------------------------------------------+
Note: In order to hide this table in the UI and the text report file, please set the "Show Parameter Settings Tables in Synthesis Report" option in "Analysis and Synthesis Settings -> More Settings" to "Off".


+-------------------------------------------------------------------------------------------------------------------+
; Parameter Settings for User Entity Instance: LogicUnit:inst5|lpm_counter1:inst5|lpm_counter:lpm_counter_component ;
+------------------------+-------------+----------------------------------------------------------------------------+
; Parameter Name         ; Value       ; Type                                                                       ;
+------------------------+-------------+----------------------------------------------------------------------------+
; AUTO_CARRY_CHAINS      ; ON          ; AUTO_CARRY                                                                 ;
; IGNORE_CARRY_BUFFERS   ; OFF         ; IGNORE_CARRY                                                               ;
; AUTO_CASCADE_CHAINS    ; ON          ; AUTO_CASCADE                                                               ;
; IGNORE_CASCADE_BUFFERS ; OFF         ; IGNORE_CASCADE                                                             ;
; LPM_WIDTH              ; 5           ; Untyped                                                                    ;
; LPM_DIRECTION          ; UP          ; Untyped                                                                    ;
; LPM_MODULUS            ; 0           ; Untyped                                                                    ;
; LPM_AVALUE             ; UNUSED      ; Untyped                                                                    ;
; LPM_SVALUE             ; UNUSED      ; Untyped                                                                    ;
; LPM_PORT_UPDOWN        ; PORT_UNUSED ; Untyped                                                                    ;
; DEVICE_FAMILY          ; Stratix II  ; Untyped                                                                    ;
; CARRY_CHAIN            ; MANUAL      ; Untyped                                                                    ;
; CARRY_CHAIN_LENGTH     ; 48          ; CARRY_CHAIN_LENGTH                                                         ;
; NOT_GATE_PUSH_BACK     ; ON          ; NOT_GATE_PUSH_BACK                                                         ;
; CARRY_CNT_EN           ; SMART       ; Untyped                                                                    ;
; LABWIDE_SCLR           ; ON          ; Untyped                                                                    ;
; USE_NEW_VERSION        ; TRUE        ; Untyped                                                                    ;
; CBXI_PARAMETER         ; cntr_mki    ; Untyped                                                                    ;
+------------------------+-------------+----------------------------------------------------------------------------+
Note: In order to hide this table in the UI and the text report file, please set the "Show Parameter Settings Tables in Synthesis Report" option in "Analysis and Synthesis Settings -> More Settings" to "Off".


+------------------------------------------------------------------------------------------------+
; Parameter Settings for User Entity Instance: lpm_bustri0:inst8|lpm_bustri:lpm_bustri_component ;
+----------------+-------+-----------------------------------------------------------------------+
; Parameter Name ; Value ; Type                                                                  ;
+----------------+-------+-----------------------------------------------------------------------+
; LPM_WIDTH      ; 4     ; Untyped                                                               ;
+----------------+-------+-----------------------------------------------------------------------+
Note: In order to hide this table in the UI and the text report file, please set the "Show Parameter Settings Tables in Synthesis Report" option in "Analysis and Synthesis Settings -> More Settings" to "Off".


+-------------------------------------------------------------+
; Parameter Settings for User Entity Instance: lpm_rom0:inst4 ;
+-----------------+-------+-----------------------------------+
; Parameter Name  ; Value ; Type                              ;
+-----------------+-------+-----------------------------------+
; WIDTH_BYTEENA_A ; 1     ; Untyped                           ;
; WIDTH_BYTEENA_B ; 1     ; Untyped                           ;
+-----------------+-------+-----------------------------------+
Note: In order to hide this table in the UI and the text report file, please set the "Show Parameter Settings Tables in Synthesis Report" option in "Analysis and Synthesis Settings -> More Settings" to "Off".


+---------------------------------------------------------------------------------------------+
; Parameter Settings for User Entity Instance: lpm_rom0:inst4|altsyncram:altsyncram_component ;
+------------------------------------+----------------------+---------------------------------+
; Parameter Name                     ; Value                ; Type                            ;
+------------------------------------+----------------------+---------------------------------+
; BYTE_SIZE_BLOCK                    ; 8                    ; Untyped                         ;
; AUTO_CARRY_CHAINS                  ; ON                   ; AUTO_CARRY                      ;
; IGNORE_CARRY_BUFFERS               ; OFF                  ; IGNORE_CARRY                    ;
; AUTO_CASCADE_CHAINS                ; ON                   ; AUTO_CASCADE                    ;
; IGNORE_CASCADE_BUFFERS             ; OFF                  ; IGNORE_CASCADE                  ;
; WIDTH_BYTEENA                      ; 1                    ; Untyped                         ;
; OPERATION_MODE                     ; ROM                  ; Untyped                         ;
; WIDTH_A                            ; 4                    ; Untyped                         ;
; WIDTHAD_A                          ; 5                    ; Untyped                         ;
; NUMWORDS_A                         ; 32                   ; Untyped                         ;
; OUTDATA_REG_A                      ; CLOCK0               ; Untyped                         ;
; ADDRESS_ACLR_A                     ; NONE                 ; Untyped                         ;
; OUTDATA_ACLR_A                     ; NONE                 ; Untyped                         ;
; WRCONTROL_ACLR_A                   ; NONE                 ; Untyped                         ;
; INDATA_ACLR_A                      ; NONE                 ; Untyped                         ;
; BYTEENA_ACLR_A                     ; NONE                 ; Untyped                         ;
; WIDTH_B                            ; 1                    ; Untyped                         ;
; WIDTHAD_B                          ; 1                    ; Untyped                         ;
; NUMWORDS_B                         ; 1                    ; Untyped                         ;
; INDATA_REG_B                       ; CLOCK1               ; Untyped                         ;
; WRCONTROL_WRADDRESS_REG_B          ; CLOCK1               ; Untyped                         ;
; RDCONTROL_REG_B                    ; CLOCK1               ; Untyped                         ;
; ADDRESS_REG_B                      ; CLOCK1               ; Untyped                         ;
; OUTDATA_REG_B                      ; UNREGISTERED         ; Untyped                         ;
; BYTEENA_REG_B                      ; CLOCK1               ; Untyped                         ;
; INDATA_ACLR_B                      ; NONE                 ; Untyped                         ;
; WRCONTROL_ACLR_B                   ; NONE                 ; Untyped                         ;
; ADDRESS_ACLR_B                     ; NONE                 ; Untyped                         ;
; OUTDATA_ACLR_B                     ; NONE                 ; Untyped                         ;
; RDCONTROL_ACLR_B                   ; NONE                 ; Untyped                         ;
; BYTEENA_ACLR_B                     ; NONE                 ; Untyped                         ;
; WIDTH_BYTEENA_A                    ; 1                    ; Untyped                         ;
; WIDTH_BYTEENA_B                    ; 1                    ; Untyped                         ;
; RAM_BLOCK_TYPE                     ; AUTO                 ; Untyped                         ;
; BYTE_SIZE                          ; 8                    ; Untyped                         ;
; READ_DURING_WRITE_MODE_MIXED_PORTS ; DONT_CARE            ; Untyped                         ;
; READ_DURING_WRITE_MODE_PORT_A      ; NEW_DATA_NO_NBE_READ ; Untyped                         ;
; READ_DURING_WRITE_MODE_PORT_B      ; NEW_DATA_NO_NBE_READ ; Untyped                         ;
; INIT_FILE                          ; ROM.hex              ; Untyped                         ;
; INIT_FILE_LAYOUT                   ; PORT_A               ; Untyped                         ;
; MAXIMUM_DEPTH                      ; 0                    ; Untyped                         ;
; CLOCK_ENABLE_INPUT_A               ; BYPASS               ; Untyped                         ;
; CLOCK_ENABLE_INPUT_B               ; NORMAL               ; Untyped                         ;
; CLOCK_ENABLE_OUTPUT_A              ; BYPASS               ; Untyped                         ;
; CLOCK_ENABLE_OUTPUT_B              ; NORMAL               ; Untyped                         ;
; CLOCK_ENABLE_CORE_A                ; USE_INPUT_CLKEN      ; Untyped                         ;
; CLOCK_ENABLE_CORE_B                ; USE_INPUT_CLKEN      ; Untyped                         ;
; ENABLE_ECC                         ; FALSE                ; Untyped                         ;
; DEVICE_FAMILY                      ; Stratix II           ; Untyped                         ;
; CBXI_PARAMETER                     ; altsyncram_gp61      ; Untyped                         ;
+------------------------------------+----------------------+---------------------------------+
Note: In order to hide this table in the UI and the text report file, please set the "Show Parameter Settings Tables in Synthesis Report" option in "Analysis and Synthesis Settings -> More Settings" to "Off".


+------------------------------------------------------------------------------------------------+
; Parameter Settings for User Entity Instance: lpm_bustri0:inst6|lpm_bustri:lpm_bustri_component ;
+----------------+-------+-----------------------------------------------------------------------+
; Parameter Name ; Value ; Type                                                                  ;
+----------------+-------+-----------------------------------------------------------------------+
; LPM_WIDTH      ; 4     ; Untyped                                                               ;
+----------------+-------+-----------------------------------------------------------------------+
Note: In order to hide this table in the UI and the text report file, please set the "Show Parameter Settings Tables in Synthesis Report" option in "Analysis and Synthesis Settings -> More Settings" to "Off".


+----------------------------------------------------------------------------------------------------+
; Parameter Settings for User Entity Instance: Registers:inst1|lpm_dff0:inst|lpm_ff:lpm_ff_component ;
+------------------------+------------+--------------------------------------------------------------+
; Parameter Name         ; Value      ; Type                                                         ;
+------------------------+------------+--------------------------------------------------------------+
; LPM_WIDTH              ; 4          ; Untyped                                                      ;
; LPM_AVALUE             ; UNUSED     ; Untyped                                                      ;
; LPM_SVALUE             ; UNUSED     ; Untyped                                                      ;
; LPM_FFTYPE             ; DFF        ; Untyped                                                      ;
; DEVICE_FAMILY          ; Stratix II ; Untyped                                                      ;
; CBXI_PARAMETER         ; NOTHING    ; Untyped                                                      ;
; AUTO_CARRY_CHAINS      ; ON         ; AUTO_CARRY                                                   ;
; IGNORE_CARRY_BUFFERS   ; OFF        ; IGNORE_CARRY                                                 ;
; AUTO_CASCADE_CHAINS    ; ON         ; AUTO_CASCADE                                                 ;
; IGNORE_CASCADE_BUFFERS ; OFF        ; IGNORE_CASCADE                                               ;
+------------------------+------------+--------------------------------------------------------------+
Note: In order to hide this table in the UI and the text report file, please set the "Show Parameter Settings Tables in Synthesis Report" option in "Analysis and Synthesis Settings -> More Settings" to "Off".


+-----------------------------------------------------------------------------------------------------+
; Parameter Settings for User Entity Instance: Registers:inst1|lpm_dff0:inst1|lpm_ff:lpm_ff_component ;
+------------------------+------------+---------------------------------------------------------------+
; Parameter Name         ; Value      ; Type                                                          ;
+------------------------+------------+---------------------------------------------------------------+
; LPM_WIDTH              ; 4          ; Untyped                                                       ;
; LPM_AVALUE             ; UNUSED     ; Untyped                                                       ;
; LPM_SVALUE             ; UNUSED     ; Untyped                                                       ;
; LPM_FFTYPE             ; DFF        ; Untyped                                                       ;
; DEVICE_FAMILY          ; Stratix II ; Untyped                                                       ;
; CBXI_PARAMETER         ; NOTHING    ; Untyped                                                       ;
; AUTO_CARRY_CHAINS      ; ON         ; AUTO_CARRY                                                    ;
; IGNORE_CARRY_BUFFERS   ; OFF        ; IGNORE_CARRY                                                  ;
; AUTO_CASCADE_CHAINS    ; ON         ; AUTO_CASCADE                                                  ;
; IGNORE_CASCADE_BUFFERS ; OFF        ; IGNORE_CASCADE                                                ;
+------------------------+------------+---------------------------------------------------------------+
Note: In order to hide this table in the UI and the text report file, please set the "Show Parameter Settings Tables in Synthesis Report" option in "Analysis and Synthesis Settings -> More Settings" to "Off".


+-----------------------------------------------------------------------------------------------------+
; Parameter Settings for User Entity Instance: Registers:inst1|lpm_dff0:inst2|lpm_ff:lpm_ff_component ;
+------------------------+------------+---------------------------------------------------------------+
; Parameter Name         ; Value      ; Type                                                          ;
+------------------------+------------+---------------------------------------------------------------+
; LPM_WIDTH              ; 4          ; Untyped                                                       ;
; LPM_AVALUE             ; UNUSED     ; Untyped                                                       ;
; LPM_SVALUE             ; UNUSED     ; Untyped                                                       ;
; LPM_FFTYPE             ; DFF        ; Untyped                                                       ;
; DEVICE_FAMILY          ; Stratix II ; Untyped                                                       ;
; CBXI_PARAMETER         ; NOTHING    ; Untyped                                                       ;
; AUTO_CARRY_CHAINS      ; ON         ; AUTO_CARRY                                                    ;
; IGNORE_CARRY_BUFFERS   ; OFF        ; IGNORE_CARRY                                                  ;
; AUTO_CASCADE_CHAINS    ; ON         ; AUTO_CASCADE                                                  ;
; IGNORE_CASCADE_BUFFERS ; OFF        ; IGNORE_CASCADE                                                ;
+------------------------+------------+---------------------------------------------------------------+
Note: In order to hide this table in the UI and the text report file, please set the "Show Parameter Settings Tables in Synthesis Report" option in "Analysis and Synthesis Settings -> More Settings" to "Off".


+-----------------------------------------------------------------------------------------------------+
; Parameter Settings for User Entity Instance: Registers:inst1|lpm_dff0:inst3|lpm_ff:lpm_ff_component ;
+------------------------+------------+---------------------------------------------------------------+
; Parameter Name         ; Value      ; Type                                                          ;
+------------------------+------------+---------------------------------------------------------------+
; LPM_WIDTH              ; 4          ; Untyped                                                       ;
; LPM_AVALUE             ; UNUSED     ; Untyped                                                       ;
; LPM_SVALUE             ; UNUSED     ; Untyped                                                       ;
; LPM_FFTYPE             ; DFF        ; Untyped                                                       ;
; DEVICE_FAMILY          ; Stratix II ; Untyped                                                       ;
; CBXI_PARAMETER         ; NOTHING    ; Untyped                                                       ;
; AUTO_CARRY_CHAINS      ; ON         ; AUTO_CARRY                                                    ;
; IGNORE_CARRY_BUFFERS   ; OFF        ; IGNORE_CARRY                                                  ;
; AUTO_CASCADE_CHAINS    ; ON         ; AUTO_CASCADE                                                  ;
; IGNORE_CASCADE_BUFFERS ; OFF        ; IGNORE_CASCADE                                                ;
+------------------------+------------+---------------------------------------------------------------+
Note: In order to hide this table in the UI and the text report file, please set the "Show Parameter Settings Tables in Synthesis Report" option in "Analysis and Synthesis Settings -> More Settings" to "Off".


+------------------------------------------------------------------------------------------------+
; Parameter Settings for User Entity Instance: lpm_bustri0:inst9|lpm_bustri:lpm_bustri_component ;
+----------------+-------+-----------------------------------------------------------------------+
; Parameter Name ; Value ; Type                                                                  ;
+----------------+-------+-----------------------------------------------------------------------+
; LPM_WIDTH      ; 4     ; Untyped                                                               ;
+----------------+-------+-----------------------------------------------------------------------+
Note: In order to hide this table in the UI and the text report file, please set the "Show Parameter Settings Tables in Synthesis Report" option in "Analysis and Synthesis Settings -> More Settings" to "Off".


+---------------------------------------------------------------+
; Parameter Settings for User Entity Instance: lpm_ram_dq0:inst ;
+-----------------+-------+-------------------------------------+
; Parameter Name  ; Value ; Type                                ;
+-----------------+-------+-------------------------------------+
; WIDTH_BYTEENA_A ; 1     ; Untyped                             ;
; WIDTH_BYTEENA_B ; 1     ; Untyped                             ;
+-----------------+-------+-------------------------------------+
Note: In order to hide this table in the UI and the text report file, please set the "Show Parameter Settings Tables in Synthesis Report" option in "Analysis and Synthesis Settings -> More Settings" to "Off".


+-----------------------------------------------------------------------------------------------+
; Parameter Settings for User Entity Instance: lpm_ram_dq0:inst|altsyncram:altsyncram_component ;
+------------------------------------+----------------------+-----------------------------------+
; Parameter Name                     ; Value                ; Type                              ;
+------------------------------------+----------------------+-----------------------------------+
; BYTE_SIZE_BLOCK                    ; 8                    ; Untyped                           ;
; AUTO_CARRY_CHAINS                  ; ON                   ; AUTO_CARRY                        ;
; IGNORE_CARRY_BUFFERS               ; OFF                  ; IGNORE_CARRY                      ;
; AUTO_CASCADE_CHAINS                ; ON                   ; AUTO_CASCADE                      ;
; IGNORE_CASCADE_BUFFERS             ; OFF                  ; IGNORE_CASCADE                    ;
; WIDTH_BYTEENA                      ; 1                    ; Untyped                           ;
; OPERATION_MODE                     ; SINGLE_PORT          ; Untyped                           ;
; WIDTH_A                            ; 4                    ; Untyped                           ;
; WIDTHAD_A                          ; 5                    ; Untyped                           ;
; NUMWORDS_A                         ; 32                   ; Untyped                           ;
; OUTDATA_REG_A                      ; CLOCK0               ; Untyped                           ;
; ADDRESS_ACLR_A                     ; NONE                 ; Untyped                           ;
; OUTDATA_ACLR_A                     ; NONE                 ; Untyped                           ;
; WRCONTROL_ACLR_A                   ; NONE                 ; Untyped                           ;
; INDATA_ACLR_A                      ; NONE                 ; Untyped                           ;
; BYTEENA_ACLR_A                     ; NONE                 ; Untyped                           ;
; WIDTH_B                            ; 1                    ; Untyped                           ;
; WIDTHAD_B                          ; 1                    ; Untyped                           ;
; NUMWORDS_B                         ; 1                    ; Untyped                           ;
; INDATA_REG_B                       ; CLOCK1               ; Untyped                           ;
; WRCONTROL_WRADDRESS_REG_B          ; CLOCK1               ; Untyped                           ;
; RDCONTROL_REG_B                    ; CLOCK1               ; Untyped                           ;
; ADDRESS_REG_B                      ; CLOCK1               ; Untyped                           ;
; OUTDATA_REG_B                      ; UNREGISTERED         ; Untyped                           ;
; BYTEENA_REG_B                      ; CLOCK1               ; Untyped                           ;
; INDATA_ACLR_B                      ; NONE                 ; Untyped                           ;
; WRCONTROL_ACLR_B                   ; NONE                 ; Untyped                           ;
; ADDRESS_ACLR_B                     ; NONE                 ; Untyped                           ;
; OUTDATA_ACLR_B                     ; NONE                 ; Untyped                           ;
; RDCONTROL_ACLR_B                   ; NONE                 ; Untyped                           ;
; BYTEENA_ACLR_B                     ; NONE                 ; Untyped                           ;
; WIDTH_BYTEENA_A                    ; 1                    ; Untyped                           ;
; WIDTH_BYTEENA_B                    ; 1                    ; Untyped                           ;
; RAM_BLOCK_TYPE                     ; AUTO                 ; Untyped                           ;
; BYTE_SIZE                          ; 8                    ; Untyped                           ;
; READ_DURING_WRITE_MODE_MIXED_PORTS ; DONT_CARE            ; Untyped                           ;
; READ_DURING_WRITE_MODE_PORT_A      ; NEW_DATA_NO_NBE_READ ; Untyped                           ;
; READ_DURING_WRITE_MODE_PORT_B      ; NEW_DATA_NO_NBE_READ ; Untyped                           ;
; INIT_FILE                          ; UNUSED               ; Untyped                           ;
; INIT_FILE_LAYOUT                   ; PORT_A               ; Untyped                           ;
; MAXIMUM_DEPTH                      ; 0                    ; Untyped                           ;
; CLOCK_ENABLE_INPUT_A               ; BYPASS               ; Untyped                           ;
; CLOCK_ENABLE_INPUT_B               ; NORMAL               ; Untyped                           ;
; CLOCK_ENABLE_OUTPUT_A              ; BYPASS               ; Untyped                           ;
; CLOCK_ENABLE_OUTPUT_B              ; NORMAL               ; Untyped                           ;
; CLOCK_ENABLE_CORE_A                ; USE_INPUT_CLKEN      ; Untyped                           ;
; CLOCK_ENABLE_CORE_B                ; USE_INPUT_CLKEN      ; Untyped                           ;
; ENABLE_ECC                         ; FALSE                ; Untyped                           ;
; DEVICE_FAMILY                      ; Stratix II           ; Untyped                           ;
; CBXI_PARAMETER                     ; altsyncram_u3a1      ; Untyped                           ;
+------------------------------------+----------------------+-----------------------------------+
Note: In order to hide this table in the UI and the text report file, please set the "Show Parameter Settings Tables in Synthesis Report" option in "Analysis and Synthesis Settings -> More Settings" to "Off".


+----------------------------------------------------------------------------------------------+
; altsyncram Parameter Settings by Entity Instance                                             ;
+-------------------------------------------+--------------------------------------------------+
; Name                                      ; Value                                            ;
+-------------------------------------------+--------------------------------------------------+
; Number of entity instances                ; 2                                                ;
; Entity Instance                           ; lpm_rom0:inst4|altsyncram:altsyncram_component   ;
;     -- OPERATION_MODE                     ; ROM                                              ;
;     -- WIDTH_A                            ; 4                                                ;
;     -- NUMWORDS_A                         ; 32                                               ;
;     -- OUTDATA_REG_A                      ; CLOCK0                                           ;
;     -- WIDTH_B                            ; 1                                                ;
;     -- NUMWORDS_B                         ; 1                                                ;
;     -- ADDRESS_REG_B                      ; CLOCK1                                           ;
;     -- OUTDATA_REG_B                      ; UNREGISTERED                                     ;
;     -- RAM_BLOCK_TYPE                     ; AUTO                                             ;
;     -- READ_DURING_WRITE_MODE_MIXED_PORTS ; DONT_CARE                                        ;
; Entity Instance                           ; lpm_ram_dq0:inst|altsyncram:altsyncram_component ;
;     -- OPERATION_MODE                     ; SINGLE_PORT                                      ;
;     -- WIDTH_A                            ; 4                                                ;
;     -- NUMWORDS_A                         ; 32                                               ;
;     -- OUTDATA_REG_A                      ; CLOCK0                                           ;
;     -- WIDTH_B                            ; 1                                                ;
;     -- NUMWORDS_B                         ; 1                                                ;
;     -- ADDRESS_REG_B                      ; CLOCK1                                           ;
;     -- OUTDATA_REG_B                      ; UNREGISTERED                                     ;
;     -- RAM_BLOCK_TYPE                     ; AUTO                                             ;
;     -- READ_DURING_WRITE_MODE_MIXED_PORTS ; DONT_CARE                                        ;
+-------------------------------------------+--------------------------------------------------+


+-------------------------------+
; Analysis & Synthesis Messages ;
+-------------------------------+
Info: *******************************************************************
Info: Running Quartus II Analysis & Synthesis
    Info: Version 9.1 Build 222 10/21/2009 SJ Web Edition
    Info: Processing started: Thu Oct 05 10:56:33 2017
Info: Command: quartus_map --read_settings_files=on --write_settings_files=off 3lab -c 3lab
Info: Found 1 design units, including 1 entities, in source file registers.bdf
    Info: Found entity 1: Registers
Info: Found 1 design units, including 1 entities, in source file main.bdf
    Info: Found entity 1: Main
Info: Found 1 design units, including 1 entities, in source file logicunit.bdf
    Info: Found entity 1: LogicUnit
Info: Elaborating entity "Main" for the top level hierarchy
Info: Elaborating entity "LogicUnit" for hierarchy "LogicUnit:inst5"
Warning: Using design file lpm_decode0.tdf, which is not specified as a design file for the current project, but contains definitions for 1 design units and 1 entities in project
    Info: Found entity 1: lpm_decode0
Info: Elaborating entity "lpm_decode0" for hierarchy "LogicUnit:inst5|lpm_decode0:inst3"
Info: Elaborating entity "lpm_decode" for hierarchy "LogicUnit:inst5|lpm_decode0:inst3|lpm_decode:lpm_decode_component"
Info: Elaborated megafunction instantiation "LogicUnit:inst5|lpm_decode0:inst3|lpm_decode:lpm_decode_component"
Info: Instantiated megafunction "LogicUnit:inst5|lpm_decode0:inst3|lpm_decode:lpm_decode_component" with the following parameter:
    Info: Parameter "LPM_TYPE" = "LPM_DECODE"
    Info: Parameter "LPM_WIDTH" = "4"
    Info: Parameter "LPM_DECODES" = "16"
Info: Found 1 design units, including 1 entities, in source file db/decode_e9f.tdf
    Info: Found entity 1: decode_e9f
Info: Elaborating entity "decode_e9f" for hierarchy "LogicUnit:inst5|lpm_decode0:inst3|lpm_decode:lpm_decode_component|decode_e9f:auto_generated"
Warning: Using design file lpm_counter0.tdf, which is not specified as a design file for the current project, but contains definitions for 1 design units and 1 entities in project
    Info: Found entity 1: lpm_counter0
Info: Elaborating entity "lpm_counter0" for hierarchy "LogicUnit:inst5|lpm_counter0:inst4"
Info: Elaborating entity "lpm_counter" for hierarchy "LogicUnit:inst5|lpm_counter0:inst4|lpm_counter:lpm_counter_component"
Info: Elaborated megafunction instantiation "LogicUnit:inst5|lpm_counter0:inst4|lpm_counter:lpm_counter_component"
Info: Instantiated megafunction "LogicUnit:inst5|lpm_counter0:inst4|lpm_counter:lpm_counter_component" with the following parameter:
    Info: Parameter "LPM_TYPE" = "LPM_COUNTER"
    Info: Parameter "LPM_WIDTH" = "4"
    Info: Parameter "LPM_DIRECTION" = "UP"
    Info: Parameter "LPM_PORT_UPDOWN" = "PORT_UNUSED"
Info: Found 1 design units, including 1 entities, in source file db/cntr_e4i.tdf
    Info: Found entity 1: cntr_e4i
Info: Elaborating entity "cntr_e4i" for hierarchy "LogicUnit:inst5|lpm_counter0:inst4|lpm_counter:lpm_counter_component|cntr_e4i:auto_generated"
Info: Elaborating entity "lpm_decode0" for hierarchy "LogicUnit:inst5|lpm_decode0:inst2"
Info: Elaborating entity "74393M" for hierarchy "LogicUnit:inst5|74393M:inst25"
Info: Elaborated megafunction instantiation "LogicUnit:inst5|74393M:inst25"
Warning: Using design file lpm_counter1.tdf, which is not specified as a design file for the current project, but contains definitions for 1 design units and 1 entities in project
    Info: Found entity 1: lpm_counter1
Info: Elaborating entity "lpm_counter1" for hierarchy "LogicUnit:inst5|lpm_counter1:inst5"
Info: Elaborating entity "lpm_counter" for hierarchy "LogicUnit:inst5|lpm_counter1:inst5|lpm_counter:lpm_counter_component"
Info: Elaborated megafunction instantiation "LogicUnit:inst5|lpm_counter1:inst5|lpm_counter:lpm_counter_component"
Info: Instantiated megafunction "LogicUnit:inst5|lpm_counter1:inst5|lpm_counter:lpm_counter_component" with the following parameter:
    Info: Parameter "LPM_TYPE" = "LPM_COUNTER"
    Info: Parameter "LPM_WIDTH" = "5"
    Info: Parameter "LPM_DIRECTION" = "UP"
    Info: Parameter "LPM_PORT_UPDOWN" = "PORT_UNUSED"
Info: Found 1 design units, including 1 entities, in source file db/cntr_mki.tdf
    Info: Found entity 1: cntr_mki
Info: Elaborating entity "cntr_mki" for hierarchy "LogicUnit:inst5|lpm_counter1:inst5|lpm_counter:lpm_counter_component|cntr_mki:auto_generated"
Warning: Using design file lpm_bustri0.tdf, which is not specified as a design file for the current project, but contains definitions for 1 design units and 1 entities in project
    Info: Found entity 1: lpm_bustri0
Info: Elaborating entity "lpm_bustri0" for hierarchy "lpm_bustri0:inst8"
Info: Elaborating entity "lpm_bustri" for hierarchy "lpm_bustri0:inst8|lpm_bustri:lpm_bustri_component"
Info: Elaborated megafunction instantiation "lpm_bustri0:inst8|lpm_bustri:lpm_bustri_component"
Info: Instantiated megafunction "lpm_bustri0:inst8|lpm_bustri:lpm_bustri_component" with the following parameter:
    Info: Parameter "LPM_TYPE" = "LPM_BUSTRI"
    Info: Parameter "LPM_WIDTH" = "4"
Warning: Using design file lpm_rom0.tdf, which is not specified as a design file for the current project, but contains definitions for 1 design units and 1 entities in project
    Info: Found entity 1: lpm_rom0
Info: Elaborating entity "lpm_rom0" for hierarchy "lpm_rom0:inst4"
Info: Elaborating entity "altsyncram" for hierarchy "lpm_rom0:inst4|altsyncram:altsyncram_component"
Info: Elaborated megafunction instantiation "lpm_rom0:inst4|altsyncram:altsyncram_component"
Info: Instantiated megafunction "lpm_rom0:inst4|altsyncram:altsyncram_component" with the following parameter:
    Info: Parameter "LPM_TYPE" = "altsyncram"
    Info: Parameter "LPM_HINT" = "ENABLE_RUNTIME_MOD=NO"
    Info: Parameter "INTENDED_DEVICE_FAMILY" = "Stratix II"
    Info: Parameter "OPERATION_MODE" = "ROM"
    Info: Parameter "WIDTH_A" = "4"
    Info: Parameter "WIDTHAD_A" = "5"
    Info: Parameter "NUMWORDS_A" = "32"
    Info: Parameter "OUTDATA_REG_A" = "CLOCK0"
    Info: Parameter "OUTDATA_ACLR_A" = "NONE"
    Info: Parameter "INIT_FILE" = "ROM.hex"
    Info: Parameter "WIDTH_BYTEENA_A" = "1"
    Info: Parameter "CLOCK_ENABLE_INPUT_A" = "BYPASS"
    Info: Parameter "CLOCK_ENABLE_OUTPUT_A" = "BYPASS"
Info: Found 1 design units, including 1 entities, in source file db/altsyncram_gp61.tdf
    Info: Found entity 1: altsyncram_gp61
Info: Elaborating entity "altsyncram_gp61" for hierarchy "lpm_rom0:inst4|altsyncram:altsyncram_component|altsyncram_gp61:auto_generated"
Info: Elaborating entity "Registers" for hierarchy "Registers:inst1"
Warning: Using design file lpm_dff0.tdf, which is not specified as a design file for the current project, but contains definitions for 1 design units and 1 entities in project
    Info: Found entity 1: lpm_dff0
Info: Elaborating entity "lpm_dff0" for hierarchy "Registers:inst1|lpm_dff0:inst"
Info: Elaborating entity "lpm_ff" for hierarchy "Registers:inst1|lpm_dff0:inst|lpm_ff:lpm_ff_component"
Info: Elaborated megafunction instantiation "Registers:inst1|lpm_dff0:inst|lpm_ff:lpm_ff_component"
Info: Instantiated megafunction "Registers:inst1|lpm_dff0:inst|lpm_ff:lpm_ff_component" with the following parameter:
    Info: Parameter "LPM_TYPE" = "LPM_FF"
    Info: Parameter "LPM_WIDTH" = "4"
    Info: Parameter "LPM_FFTYPE" = "DFF"
Warning: Using design file lpm_ram_dq0.tdf, which is not specified as a design file for the current project, but contains definitions for 1 design units and 1 entities in project
    Info: Found entity 1: lpm_ram_dq0
Info: Elaborating entity "lpm_ram_dq0" for hierarchy "lpm_ram_dq0:inst"
Info: Elaborating entity "altsyncram" for hierarchy "lpm_ram_dq0:inst|altsyncram:altsyncram_component"
Info: Elaborated megafunction instantiation "lpm_ram_dq0:inst|altsyncram:altsyncram_component"
Info: Instantiated megafunction "lpm_ram_dq0:inst|altsyncram:altsyncram_component" with the following parameter:
    Info: Parameter "POWER_UP_UNINITIALIZED" = "FALSE"
    Info: Parameter "LPM_TYPE" = "altsyncram"
    Info: Parameter "LPM_HINT" = "ENABLE_RUNTIME_MOD=NO"
    Info: Parameter "INTENDED_DEVICE_FAMILY" = "Stratix II"
    Info: Parameter "OPERATION_MODE" = "SINGLE_PORT"
    Info: Parameter "WIDTH_A" = "4"
    Info: Parameter "WIDTHAD_A" = "5"
    Info: Parameter "NUMWORDS_A" = "32"
    Info: Parameter "OUTDATA_REG_A" = "CLOCK0"
    Info: Parameter "OUTDATA_ACLR_A" = "NONE"
    Info: Parameter "WIDTH_BYTEENA_A" = "1"
    Info: Parameter "CLOCK_ENABLE_INPUT_A" = "BYPASS"
    Info: Parameter "CLOCK_ENABLE_OUTPUT_A" = "BYPASS"
Info: Found 1 design units, including 1 entities, in source file db/altsyncram_u3a1.tdf
    Info: Found entity 1: altsyncram_u3a1
Info: Elaborating entity "altsyncram_u3a1" for hierarchy "lpm_ram_dq0:inst|altsyncram:altsyncram_component|altsyncram_u3a1:auto_generated"
Warning: Clock multiplexers are found and protected
    Warning: Found clock multiplexer LogicUnit:inst5|inst23~synth
Warning: Tri-state node(s) do not directly drive top-level pin(s)
    Warning: Converted the fan-out from the tri-state buffer "lpm_bustri0:inst8|lpm_bustri:lpm_bustri_component|dout[3]" to the node "Registers:inst1|lpm_dff0:inst|lpm_ff:lpm_ff_component|dffs[3]" into an OR gate
    Warning: Converted the fan-out from the tri-state buffer "lpm_bustri0:inst8|lpm_bustri:lpm_bustri_component|dout[2]" to the node "Registers:inst1|lpm_dff0:inst|lpm_ff:lpm_ff_component|dffs[2]" into an OR gate
    Warning: Converted the fan-out from the tri-state buffer "lpm_bustri0:inst8|lpm_bustri:lpm_bustri_component|dout[1]" to the node "Registers:inst1|lpm_dff0:inst|lpm_ff:lpm_ff_component|dffs[1]" into an OR gate
    Warning: Converted the fan-out from the tri-state buffer "lpm_bustri0:inst8|lpm_bustri:lpm_bustri_component|dout[0]" to the node "Registers:inst1|lpm_dff0:inst|lpm_ff:lpm_ff_component|dffs[0]" into an OR gate
Warning: TRI or OPNDRN buffers permanently enabled
    Warning: Node "lpm_bustri0:inst8|lpm_bustri:lpm_bustri_component|dout[3]~synth"
    Warning: Node "lpm_bustri0:inst8|lpm_bustri:lpm_bustri_component|dout[2]~synth"
    Warning: Node "lpm_bustri0:inst8|lpm_bustri:lpm_bustri_component|dout[1]~synth"
    Warning: Node "lpm_bustri0:inst8|lpm_bustri:lpm_bustri_component|dout[0]~synth"
Warning: Ignored assignments for entity "3lab" -- entity does not exist in design
    Warning: Assignment for entity set_global_assignment -name LL_ROOT_REGION ON -entity 3lab -section_id "Root Region" was ignored
    Warning: Assignment for entity set_global_assignment -name LL_MEMBER_STATE LOCKED -entity 3lab -section_id "Root Region" was ignored
Info: Implemented 85 device resources after synthesis - the final resource count might be different
    Info: Implemented 8 input pins
    Info: Implemented 27 output pins
    Info: Implemented 42 logic cells
    Info: Implemented 8 RAM segments
Info: Quartus II Analysis & Synthesis was successful. 0 errors, 22 warnings
    Info: Peak virtual memory: 258 megabytes
    Info: Processing ended: Thu Oct 05 10:56:42 2017
    Info: Elapsed time: 00:00:09
    Info: Total CPU time (on all processors): 00:00:09


