Simulator report for 4lab
Sat Oct 21 14:18:50 2017
Quartus II Version 9.1 Build 222 10/21/2009 SJ Web Edition


---------------------
; Table of Contents ;
---------------------
  1. Legal Notice
  2. Simulator Summary
  3. Simulator Settings
  4. Simulation Waveforms
  5. |Memory|lpm_ram_dq1:inst52|altsyncram:altsyncram_component|altsyncram_c8a1:auto_generated|ALTSYNCRAM
  6. |Memory|lpm_rom0:inst15|altsyncram:altsyncram_component|altsyncram_ut61:auto_generated|ALTSYNCRAM
  7. Coverage Summary
  8. Complete 1/0-Value Coverage
  9. Missing 1-Value Coverage
 10. Missing 0-Value Coverage
 11. Simulator INI Usage
 12. Simulator Messages



----------------
; Legal Notice ;
----------------
Copyright (C) 1991-2009 Altera Corporation
Your use of Altera Corporation's design tools, logic functions 
and other software and tools, and its AMPP partner logic 
functions, and any output files from any of the foregoing 
(including device programming or simulation files), and any 
associated documentation or information are expressly subject 
to the terms and conditions of the Altera Program License 
Subscription Agreement, Altera MegaCore Function License 
Agreement, or other applicable license agreement, including, 
without limitation, that your use is for the sole purpose of 
programming logic devices manufactured by Altera and sold by 
Altera or its authorized distributors.  Please refer to the 
applicable agreement for further details.



+--------------------------------------------+
; Simulator Summary                          ;
+-----------------------------+--------------+
; Type                        ; Value        ;
+-----------------------------+--------------+
; Simulation Start Time       ; 0 ps         ;
; Simulation End Time         ; 1.4 us       ;
; Simulation Netlist Size     ; 266 nodes    ;
; Simulation Coverage         ;      80.51 % ;
; Total Number of Transitions ; 5807         ;
; Simulation Breakpoints      ; 0            ;
; Family                      ; Stratix II   ;
+-----------------------------+--------------+


+-------------------------------------------------------------------------------------------------------------------------+
; Simulator Settings                                                                                                      ;
+--------------------------------------------------------------------------------------------+------------+---------------+
; Option                                                                                     ; Setting    ; Default Value ;
+--------------------------------------------------------------------------------------------+------------+---------------+
; Simulation mode                                                                            ; Functional ; Timing        ;
; Start time                                                                                 ; 0 ns       ; 0 ns          ;
; Simulation results format                                                                  ; CVWF       ;               ;
; Vector input source                                                                        ; 4lab.vwf   ;               ;
; Add pins automatically to simulation output waveforms                                      ; On         ; On            ;
; Check outputs                                                                              ; Off        ; Off           ;
; Report simulation coverage                                                                 ; On         ; On            ;
; Display complete 1/0 value coverage report                                                 ; On         ; On            ;
; Display missing 1-value coverage report                                                    ; On         ; On            ;
; Display missing 0-value coverage report                                                    ; On         ; On            ;
; Detect setup and hold time violations                                                      ; Off        ; Off           ;
; Detect glitches                                                                            ; Off        ; Off           ;
; Disable timing delays in Timing Simulation                                                 ; Off        ; Off           ;
; Generate Signal Activity File                                                              ; Off        ; Off           ;
; Generate VCD File for PowerPlay Power Analyzer                                             ; Off        ; Off           ;
; Group bus channels in simulation results                                                   ; Off        ; Off           ;
; Preserve fewer signal transitions to reduce memory requirements                            ; On         ; On            ;
; Trigger vector comparison with the specified mode                                          ; INPUT_EDGE ; INPUT_EDGE    ;
; Disable setup and hold time violations detection in input registers of bi-directional pins ; Off        ; Off           ;
; Overwrite Waveform Inputs With Simulation Outputs                                          ; On         ;               ;
; Perform Glitch Filtering in Timing Simulation                                              ; Auto       ; Auto          ;
+--------------------------------------------------------------------------------------------+------------+---------------+


+----------------------+
; Simulation Waveforms ;
+----------------------+
Waveform report data cannot be output to ASCII.
Please use Quartus II to view the waveform report data.


+------------------------------------------------------------------------------------------------------+
; |Memory|lpm_ram_dq1:inst52|altsyncram:altsyncram_component|altsyncram_c8a1:auto_generated|ALTSYNCRAM ;
+------------------------------------------------------------------------------------------------------+
Please refer to fitter text-based report (*.fit.rpt) to view logical memory report content in ASCII.


+---------------------------------------------------------------------------------------------------+
; |Memory|lpm_rom0:inst15|altsyncram:altsyncram_component|altsyncram_ut61:auto_generated|ALTSYNCRAM ;
+---------------------------------------------------------------------------------------------------+
Please refer to fitter text-based report (*.fit.rpt) to view logical memory report content in ASCII.


+--------------------------------------------------------------------+
; Coverage Summary                                                   ;
+-----------------------------------------------------+--------------+
; Type                                                ; Value        ;
+-----------------------------------------------------+--------------+
; Total coverage as a percentage                      ;      80.51 % ;
; Total nodes checked                                 ; 266          ;
; Total output ports checked                          ; 277          ;
; Total output ports with complete 1/0-value coverage ; 223          ;
; Total output ports with no 1/0-value coverage       ; 33           ;
; Total output ports with no 1-value coverage         ; 41           ;
; Total output ports with no 0-value coverage         ; 46           ;
+-----------------------------------------------------+--------------+


The following table displays output ports that toggle between 1 and 0 during simulation.
+-----------------------------------------------------------------------------------------------------------------------------------------------------------------------------------------------------------------------------------------------+
; Complete 1/0-Value Coverage                                                                                                                                                                                                                   ;
+------------------------------------------------------------------------------------------------------------+---------------------------------------------------------------------------------------------------------------+------------------+
; Node Name                                                                                                  ; Output Port Name                                                                                              ; Output Port Type ;
+------------------------------------------------------------------------------------------------------------+---------------------------------------------------------------------------------------------------------------+------------------+
; |Memory|command                                                                                            ; |Memory|command                                                                                               ; pin_out          ;
; |Memory|data[3]                                                                                            ; |Memory|data[3]                                                                                               ; pin_out          ;
; |Memory|data[2]                                                                                            ; |Memory|data[2]                                                                                               ; pin_out          ;
; |Memory|data[1]                                                                                            ; |Memory|data[1]                                                                                               ; pin_out          ;
; |Memory|data[0]                                                                                            ; |Memory|data[0]                                                                                               ; pin_out          ;
; |Memory|data~0                                                                                             ; |Memory|data~0                                                                                                ; out0             ;
; |Memory|data~1                                                                                             ; |Memory|data~1                                                                                                ; out0             ;
; |Memory|data~2                                                                                             ; |Memory|data~2                                                                                                ; out0             ;
; |Memory|data~3                                                                                             ; |Memory|data~3                                                                                                ; out0             ;
; |Memory|inst43                                                                                             ; |Memory|inst43                                                                                                ; out0             ;
; |Memory|inst44                                                                                             ; |Memory|inst44                                                                                                ; out0             ;
; |Memory|second_clk                                                                                         ; |Memory|second_clk                                                                                            ; pin_out          ;
; |Memory|inst34                                                                                             ; |Memory|inst34                                                                                                ; out0             ;
; |Memory|inst22                                                                                             ; |Memory|inst22                                                                                                ; out0             ;
; |Memory|clock                                                                                              ; |Memory|clock                                                                                                 ; out              ;
; |Memory|inst29                                                                                             ; |Memory|inst29                                                                                                ; out0             ;
; |Memory|inst5                                                                                              ; |Memory|inst5                                                                                                 ; out0             ;
; |Memory|inst4                                                                                              ; |Memory|inst4                                                                                                 ; out0             ;
; |Memory|inst42                                                                                             ; |Memory|inst42                                                                                                ; out0             ;
; |Memory|address[6]                                                                                         ; |Memory|address[6]                                                                                            ; pin_out          ;
; |Memory|address[5]                                                                                         ; |Memory|address[5]                                                                                            ; pin_out          ;
; |Memory|address[4]                                                                                         ; |Memory|address[4]                                                                                            ; pin_out          ;
; |Memory|address[3]                                                                                         ; |Memory|address[3]                                                                                            ; pin_out          ;
; |Memory|address[2]                                                                                         ; |Memory|address[2]                                                                                            ; pin_out          ;
; |Memory|address[1]                                                                                         ; |Memory|address[1]                                                                                            ; pin_out          ;
; |Memory|address[0]                                                                                         ; |Memory|address[0]                                                                                            ; pin_out          ;
; |Memory|address~3                                                                                          ; |Memory|address~3                                                                                             ; out0             ;
; |Memory|address~4                                                                                          ; |Memory|address~4                                                                                             ; out0             ;
; |Memory|address~5                                                                                          ; |Memory|address~5                                                                                             ; out0             ;
; |Memory|address~6                                                                                          ; |Memory|address~6                                                                                             ; out0             ;
; |Memory|address~7                                                                                          ; |Memory|address~7                                                                                             ; out0             ;
; |Memory|address~8                                                                                          ; |Memory|address~8                                                                                             ; out0             ;
; |Memory|address~9                                                                                          ; |Memory|address~9                                                                                             ; out0             ;
; |Memory|inst27                                                                                             ; |Memory|inst27                                                                                                ; out0             ;
; |Memory|inst33                                                                                             ; |Memory|inst33                                                                                                ; out0             ;
; |Memory|inst32                                                                                             ; |Memory|inst32                                                                                                ; out0             ;
; |Memory|inst12                                                                                             ; |Memory|inst12                                                                                                ; out0             ;
; |Memory|load_IP                                                                                            ; |Memory|load_IP                                                                                               ; pin_out          ;
; |Memory|inst63                                                                                             ; |Memory|inst63                                                                                                ; out0             ;
; |Memory|flag                                                                                               ; |Memory|flag                                                                                                  ; pin_out          ;
; |Memory|RF_clk                                                                                             ; |Memory|RF_clk                                                                                                ; pin_out          ;
; |Memory|inst54                                                                                             ; |Memory|inst54                                                                                                ; out0             ;
; |Memory|clear_flag                                                                                         ; |Memory|clear_flag                                                                                            ; pin_out          ;
; |Memory|inst61                                                                                             ; |Memory|inst61                                                                                                ; out0             ;
; |Memory|inst38                                                                                             ; |Memory|inst38                                                                                                ; out0             ;
; |Memory|command_clk                                                                                        ; |Memory|command_clk                                                                                           ; pin_out          ;
; |Memory|inst53                                                                                             ; |Memory|inst53                                                                                                ; out0             ;
; |Memory|IP_reg_clk                                                                                         ; |Memory|IP_reg_clk                                                                                            ; pin_out          ;
; |Memory|inst40                                                                                             ; |Memory|inst40                                                                                                ; out0             ;
; |Memory|inst28                                                                                             ; |Memory|inst28                                                                                                ; out0             ;
; |Memory|inst57                                                                                             ; |Memory|inst57                                                                                                ; out0             ;
; |Memory|inst19                                                                                             ; |Memory|inst19                                                                                                ; out0             ;
; |Memory|inst56                                                                                             ; |Memory|inst56                                                                                                ; out0             ;
; |Memory|load_constant                                                                                      ; |Memory|load_constant                                                                                         ; pin_out          ;
; |Memory|inst41                                                                                             ; |Memory|inst41                                                                                                ; out0             ;
; |Memory|adr_cl                                                                                             ; |Memory|adr_cl                                                                                                ; pin_out          ;
; |Memory|en_write                                                                                           ; |Memory|en_write                                                                                              ; pin_out          ;
; |Memory|AR_clk                                                                                             ; |Memory|AR_clk                                                                                                ; pin_out          ;
; |Memory|pin_name                                                                                           ; |Memory|pin_name                                                                                              ; pin_out          ;
; |Memory|ram[3]                                                                                             ; |Memory|ram[3]                                                                                                ; pin_out          ;
; |Memory|ram[2]                                                                                             ; |Memory|ram[2]                                                                                                ; pin_out          ;
; |Memory|ram[1]                                                                                             ; |Memory|ram[1]                                                                                                ; pin_out          ;
; |Memory|ram[0]                                                                                             ; |Memory|ram[0]                                                                                                ; pin_out          ;
; |Memory|lpm_ram_dq1:inst52|altsyncram:altsyncram_component|altsyncram_c8a1:auto_generated|ram_block1a0     ; |Memory|lpm_ram_dq1:inst52|altsyncram:altsyncram_component|altsyncram_c8a1:auto_generated|q_a[0]              ; portadataout0    ;
; |Memory|lpm_ram_dq1:inst52|altsyncram:altsyncram_component|altsyncram_c8a1:auto_generated|ram_block1a1     ; |Memory|lpm_ram_dq1:inst52|altsyncram:altsyncram_component|altsyncram_c8a1:auto_generated|q_a[1]              ; portadataout0    ;
; |Memory|lpm_ram_dq1:inst52|altsyncram:altsyncram_component|altsyncram_c8a1:auto_generated|ram_block1a2     ; |Memory|lpm_ram_dq1:inst52|altsyncram:altsyncram_component|altsyncram_c8a1:auto_generated|q_a[2]              ; portadataout0    ;
; |Memory|lpm_ram_dq1:inst52|altsyncram:altsyncram_component|altsyncram_c8a1:auto_generated|ram_block1a3     ; |Memory|lpm_ram_dq1:inst52|altsyncram:altsyncram_component|altsyncram_c8a1:auto_generated|q_a[3]              ; portadataout0    ;
; |Memory|lpm_dff2:inst46|lpm_ff:lpm_ff_component|dffs[3]                                                    ; |Memory|lpm_dff2:inst46|lpm_ff:lpm_ff_component|dffs[3]                                                       ; regout           ;
; |Memory|lpm_dff2:inst46|lpm_ff:lpm_ff_component|dffs[2]                                                    ; |Memory|lpm_dff2:inst46|lpm_ff:lpm_ff_component|dffs[2]                                                       ; regout           ;
; |Memory|lpm_dff2:inst46|lpm_ff:lpm_ff_component|dffs[1]                                                    ; |Memory|lpm_dff2:inst46|lpm_ff:lpm_ff_component|dffs[1]                                                       ; regout           ;
; |Memory|lpm_dff2:inst46|lpm_ff:lpm_ff_component|dffs[0]                                                    ; |Memory|lpm_dff2:inst46|lpm_ff:lpm_ff_component|dffs[0]                                                       ; regout           ;
; |Memory|lpm_bustri0:inst48|lpm_bustri:lpm_bustri_component|dout[3]                                         ; |Memory|lpm_bustri0:inst48|lpm_bustri:lpm_bustri_component|dout[3]                                            ; out              ;
; |Memory|lpm_bustri0:inst48|lpm_bustri:lpm_bustri_component|dout[2]                                         ; |Memory|lpm_bustri0:inst48|lpm_bustri:lpm_bustri_component|dout[2]                                            ; out              ;
; |Memory|lpm_bustri0:inst48|lpm_bustri:lpm_bustri_component|dout[1]                                         ; |Memory|lpm_bustri0:inst48|lpm_bustri:lpm_bustri_component|dout[1]                                            ; out              ;
; |Memory|lpm_bustri0:inst48|lpm_bustri:lpm_bustri_component|dout[0]                                         ; |Memory|lpm_bustri0:inst48|lpm_bustri:lpm_bustri_component|dout[0]                                            ; out              ;
; |Memory|lpm_bustri1:inst49|lpm_bustri:lpm_bustri_component|dout[3]                                         ; |Memory|lpm_bustri1:inst49|lpm_bustri:lpm_bustri_component|dout[3]                                            ; out              ;
; |Memory|lpm_bustri1:inst49|lpm_bustri:lpm_bustri_component|dout[2]                                         ; |Memory|lpm_bustri1:inst49|lpm_bustri:lpm_bustri_component|dout[2]                                            ; out              ;
; |Memory|lpm_bustri1:inst49|lpm_bustri:lpm_bustri_component|dout[1]                                         ; |Memory|lpm_bustri1:inst49|lpm_bustri:lpm_bustri_component|dout[1]                                            ; out              ;
; |Memory|lpm_bustri1:inst49|lpm_bustri:lpm_bustri_component|dout[0]                                         ; |Memory|lpm_bustri1:inst49|lpm_bustri:lpm_bustri_component|dout[0]                                            ; out              ;
; |Memory|AR:inst51|lpm_dff2:inst2|lpm_ff:lpm_ff_component|dffs[1]                                           ; |Memory|AR:inst51|lpm_dff2:inst2|lpm_ff:lpm_ff_component|dffs[1]                                              ; regout           ;
; |Memory|AR:inst51|lpm_dff2:inst2|lpm_ff:lpm_ff_component|dffs[0]                                           ; |Memory|AR:inst51|lpm_dff2:inst2|lpm_ff:lpm_ff_component|dffs[0]                                              ; regout           ;
; |Memory|AR:inst51|lpm_dff2:inst1|lpm_ff:lpm_ff_component|dffs[3]                                           ; |Memory|AR:inst51|lpm_dff2:inst1|lpm_ff:lpm_ff_component|dffs[3]                                              ; regout           ;
; |Memory|AR:inst51|lpm_dff2:inst1|lpm_ff:lpm_ff_component|dffs[2]                                           ; |Memory|AR:inst51|lpm_dff2:inst1|lpm_ff:lpm_ff_component|dffs[2]                                              ; regout           ;
; |Memory|AR:inst51|lpm_dff2:inst1|lpm_ff:lpm_ff_component|dffs[1]                                           ; |Memory|AR:inst51|lpm_dff2:inst1|lpm_ff:lpm_ff_component|dffs[1]                                              ; regout           ;
; |Memory|AR:inst51|lpm_dff2:inst1|lpm_ff:lpm_ff_component|dffs[0]                                           ; |Memory|AR:inst51|lpm_dff2:inst1|lpm_ff:lpm_ff_component|dffs[0]                                              ; regout           ;
; |Memory|AR:inst51|lpm_dff2:inst|lpm_ff:lpm_ff_component|dffs[3]                                            ; |Memory|AR:inst51|lpm_dff2:inst|lpm_ff:lpm_ff_component|dffs[3]                                               ; regout           ;
; |Memory|AR:inst51|lpm_dff2:inst|lpm_ff:lpm_ff_component|dffs[2]                                            ; |Memory|AR:inst51|lpm_dff2:inst|lpm_ff:lpm_ff_component|dffs[2]                                               ; regout           ;
; |Memory|AR:inst51|lpm_dff2:inst|lpm_ff:lpm_ff_component|dffs[1]                                            ; |Memory|AR:inst51|lpm_dff2:inst|lpm_ff:lpm_ff_component|dffs[1]                                               ; regout           ;
; |Memory|AR:inst51|lpm_dff2:inst|lpm_ff:lpm_ff_component|dffs[0]                                            ; |Memory|AR:inst51|lpm_dff2:inst|lpm_ff:lpm_ff_component|dffs[0]                                               ; regout           ;
; |Memory|lpm_counter3:inst13|lpm_counter:lpm_counter_component|cntr_e4i:auto_generated|counter_comb_bita0   ; |Memory|lpm_counter3:inst13|lpm_counter:lpm_counter_component|cntr_e4i:auto_generated|counter_comb_bita0      ; sumout           ;
; |Memory|lpm_counter3:inst13|lpm_counter:lpm_counter_component|cntr_e4i:auto_generated|counter_comb_bita0   ; |Memory|lpm_counter3:inst13|lpm_counter:lpm_counter_component|cntr_e4i:auto_generated|counter_comb_bita0~COUT ; cout             ;
; |Memory|lpm_counter3:inst13|lpm_counter:lpm_counter_component|cntr_e4i:auto_generated|counter_comb_bita1   ; |Memory|lpm_counter3:inst13|lpm_counter:lpm_counter_component|cntr_e4i:auto_generated|counter_comb_bita1      ; sumout           ;
; |Memory|lpm_counter3:inst13|lpm_counter:lpm_counter_component|cntr_e4i:auto_generated|counter_comb_bita1   ; |Memory|lpm_counter3:inst13|lpm_counter:lpm_counter_component|cntr_e4i:auto_generated|counter_comb_bita1~COUT ; cout             ;
; |Memory|lpm_counter3:inst13|lpm_counter:lpm_counter_component|cntr_e4i:auto_generated|counter_comb_bita2   ; |Memory|lpm_counter3:inst13|lpm_counter:lpm_counter_component|cntr_e4i:auto_generated|counter_comb_bita2      ; sumout           ;
; |Memory|lpm_counter3:inst13|lpm_counter:lpm_counter_component|cntr_e4i:auto_generated|counter_reg_bit1a[2] ; |Memory|lpm_counter3:inst13|lpm_counter:lpm_counter_component|cntr_e4i:auto_generated|safe_q[2]               ; regout           ;
; |Memory|lpm_counter3:inst13|lpm_counter:lpm_counter_component|cntr_e4i:auto_generated|counter_reg_bit1a[1] ; |Memory|lpm_counter3:inst13|lpm_counter:lpm_counter_component|cntr_e4i:auto_generated|safe_q[1]               ; regout           ;
; |Memory|lpm_counter3:inst13|lpm_counter:lpm_counter_component|cntr_e4i:auto_generated|counter_reg_bit1a[0] ; |Memory|lpm_counter3:inst13|lpm_counter:lpm_counter_component|cntr_e4i:auto_generated|safe_q[0]               ; regout           ;
; |Memory|lpm_compare0:inst1|lpm_compare:lpm_compare_component|cmpr_big:auto_generated|aneb_result_wire[0]   ; |Memory|lpm_compare0:inst1|lpm_compare:lpm_compare_component|cmpr_big:auto_generated|aneb_result_wire[0]      ; out0             ;
; |Memory|lpm_compare0:inst1|lpm_compare:lpm_compare_component|cmpr_big:auto_generated|data_wire[1]          ; |Memory|lpm_compare0:inst1|lpm_compare:lpm_compare_component|cmpr_big:auto_generated|data_wire[1]             ; out0             ;
; |Memory|lpm_compare0:inst1|lpm_compare:lpm_compare_component|cmpr_big:auto_generated|data_wire[0]          ; |Memory|lpm_compare0:inst1|lpm_compare:lpm_compare_component|cmpr_big:auto_generated|data_wire[0]             ; out0             ;
; |Memory|lpm_dff3:inst3|lpm_ff:lpm_ff_component|dffs[0]                                                     ; |Memory|lpm_dff3:inst3|lpm_ff:lpm_ff_component|dffs[0]                                                        ; regout           ;
; |Memory|lpm_decode0:inst14|lpm_decode:lpm_decode_component|decode_e9f:auto_generated|w_anode21w[3]         ; |Memory|lpm_decode0:inst14|lpm_decode:lpm_decode_component|decode_e9f:auto_generated|w_anode21w[3]            ; out0             ;
; |Memory|lpm_decode0:inst14|lpm_decode:lpm_decode_component|decode_e9f:auto_generated|w_anode21w[2]         ; |Memory|lpm_decode0:inst14|lpm_decode:lpm_decode_component|decode_e9f:auto_generated|w_anode21w[2]            ; out0             ;
; |Memory|lpm_decode0:inst14|lpm_decode:lpm_decode_component|decode_e9f:auto_generated|w_anode21w[1]         ; |Memory|lpm_decode0:inst14|lpm_decode:lpm_decode_component|decode_e9f:auto_generated|w_anode21w[1]            ; out0             ;
; |Memory|lpm_decode0:inst14|lpm_decode:lpm_decode_component|decode_e9f:auto_generated|w_anode4w[3]          ; |Memory|lpm_decode0:inst14|lpm_decode:lpm_decode_component|decode_e9f:auto_generated|w_anode4w[3]             ; out0             ;
; |Memory|lpm_decode0:inst14|lpm_decode:lpm_decode_component|decode_e9f:auto_generated|w_anode4w[2]          ; |Memory|lpm_decode0:inst14|lpm_decode:lpm_decode_component|decode_e9f:auto_generated|w_anode4w[2]             ; out0             ;
; |Memory|lpm_decode0:inst14|lpm_decode:lpm_decode_component|decode_e9f:auto_generated|w_anode4w[1]          ; |Memory|lpm_decode0:inst14|lpm_decode:lpm_decode_component|decode_e9f:auto_generated|w_anode4w[1]             ; out0             ;
; |Memory|lpm_counter0:inst7|lpm_counter:lpm_counter_component|cntr_2mi:auto_generated|counter_comb_bita0    ; |Memory|lpm_counter0:inst7|lpm_counter:lpm_counter_component|cntr_2mi:auto_generated|counter_comb_bita0       ; sumout           ;
; |Memory|lpm_counter0:inst7|lpm_counter:lpm_counter_component|cntr_2mi:auto_generated|counter_comb_bita0    ; |Memory|lpm_counter0:inst7|lpm_counter:lpm_counter_component|cntr_2mi:auto_generated|counter_comb_bita0~COUT  ; cout             ;
; |Memory|lpm_counter0:inst7|lpm_counter:lpm_counter_component|cntr_2mi:auto_generated|counter_comb_bita1    ; |Memory|lpm_counter0:inst7|lpm_counter:lpm_counter_component|cntr_2mi:auto_generated|counter_comb_bita1       ; sumout           ;
; |Memory|lpm_counter0:inst7|lpm_counter:lpm_counter_component|cntr_2mi:auto_generated|counter_comb_bita1    ; |Memory|lpm_counter0:inst7|lpm_counter:lpm_counter_component|cntr_2mi:auto_generated|counter_comb_bita1~COUT  ; cout             ;
; |Memory|lpm_counter0:inst7|lpm_counter:lpm_counter_component|cntr_2mi:auto_generated|counter_comb_bita2    ; |Memory|lpm_counter0:inst7|lpm_counter:lpm_counter_component|cntr_2mi:auto_generated|counter_comb_bita2       ; sumout           ;
; |Memory|lpm_counter0:inst7|lpm_counter:lpm_counter_component|cntr_2mi:auto_generated|counter_comb_bita2    ; |Memory|lpm_counter0:inst7|lpm_counter:lpm_counter_component|cntr_2mi:auto_generated|counter_comb_bita2~COUT  ; cout             ;
; |Memory|lpm_counter0:inst7|lpm_counter:lpm_counter_component|cntr_2mi:auto_generated|counter_comb_bita3    ; |Memory|lpm_counter0:inst7|lpm_counter:lpm_counter_component|cntr_2mi:auto_generated|counter_comb_bita3       ; sumout           ;
; |Memory|lpm_counter0:inst7|lpm_counter:lpm_counter_component|cntr_2mi:auto_generated|counter_comb_bita3    ; |Memory|lpm_counter0:inst7|lpm_counter:lpm_counter_component|cntr_2mi:auto_generated|counter_comb_bita3~COUT  ; cout             ;
; |Memory|lpm_counter0:inst7|lpm_counter:lpm_counter_component|cntr_2mi:auto_generated|counter_comb_bita4    ; |Memory|lpm_counter0:inst7|lpm_counter:lpm_counter_component|cntr_2mi:auto_generated|counter_comb_bita4       ; sumout           ;
; |Memory|lpm_counter0:inst7|lpm_counter:lpm_counter_component|cntr_2mi:auto_generated|counter_comb_bita4    ; |Memory|lpm_counter0:inst7|lpm_counter:lpm_counter_component|cntr_2mi:auto_generated|counter_comb_bita4~COUT  ; cout             ;
; |Memory|lpm_counter0:inst7|lpm_counter:lpm_counter_component|cntr_2mi:auto_generated|counter_comb_bita5    ; |Memory|lpm_counter0:inst7|lpm_counter:lpm_counter_component|cntr_2mi:auto_generated|counter_comb_bita5       ; sumout           ;
; |Memory|lpm_counter0:inst7|lpm_counter:lpm_counter_component|cntr_2mi:auto_generated|counter_comb_bita5    ; |Memory|lpm_counter0:inst7|lpm_counter:lpm_counter_component|cntr_2mi:auto_generated|counter_comb_bita5~COUT  ; cout             ;
; |Memory|lpm_counter0:inst7|lpm_counter:lpm_counter_component|cntr_2mi:auto_generated|counter_comb_bita6    ; |Memory|lpm_counter0:inst7|lpm_counter:lpm_counter_component|cntr_2mi:auto_generated|counter_comb_bita6       ; sumout           ;
; |Memory|lpm_counter0:inst7|lpm_counter:lpm_counter_component|cntr_2mi:auto_generated|counter_reg_bit1a[4]  ; |Memory|lpm_counter0:inst7|lpm_counter:lpm_counter_component|cntr_2mi:auto_generated|safe_q[4]                ; regout           ;
; |Memory|lpm_counter0:inst7|lpm_counter:lpm_counter_component|cntr_2mi:auto_generated|counter_reg_bit1a[3]  ; |Memory|lpm_counter0:inst7|lpm_counter:lpm_counter_component|cntr_2mi:auto_generated|safe_q[3]                ; regout           ;
; |Memory|lpm_counter0:inst7|lpm_counter:lpm_counter_component|cntr_2mi:auto_generated|counter_reg_bit1a[2]  ; |Memory|lpm_counter0:inst7|lpm_counter:lpm_counter_component|cntr_2mi:auto_generated|safe_q[2]                ; regout           ;
; |Memory|lpm_counter0:inst7|lpm_counter:lpm_counter_component|cntr_2mi:auto_generated|counter_reg_bit1a[1]  ; |Memory|lpm_counter0:inst7|lpm_counter:lpm_counter_component|cntr_2mi:auto_generated|safe_q[1]                ; regout           ;
; |Memory|lpm_counter0:inst7|lpm_counter:lpm_counter_component|cntr_2mi:auto_generated|counter_reg_bit1a[0]  ; |Memory|lpm_counter0:inst7|lpm_counter:lpm_counter_component|cntr_2mi:auto_generated|safe_q[0]                ; regout           ;
; |Memory|lpm_bustri1:inst18|lpm_bustri:lpm_bustri_component|dout[5]                                         ; |Memory|lpm_bustri1:inst18|lpm_bustri:lpm_bustri_component|dout[5]                                            ; out              ;
; |Memory|lpm_bustri1:inst18|lpm_bustri:lpm_bustri_component|dout[4]                                         ; |Memory|lpm_bustri1:inst18|lpm_bustri:lpm_bustri_component|dout[4]                                            ; out              ;
; |Memory|lpm_bustri1:inst18|lpm_bustri:lpm_bustri_component|dout[3]                                         ; |Memory|lpm_bustri1:inst18|lpm_bustri:lpm_bustri_component|dout[3]                                            ; out              ;
; |Memory|lpm_bustri1:inst18|lpm_bustri:lpm_bustri_component|dout[2]                                         ; |Memory|lpm_bustri1:inst18|lpm_bustri:lpm_bustri_component|dout[2]                                            ; out              ;
; |Memory|lpm_bustri1:inst18|lpm_bustri:lpm_bustri_component|dout[1]                                         ; |Memory|lpm_bustri1:inst18|lpm_bustri:lpm_bustri_component|dout[1]                                            ; out              ;
; |Memory|lpm_bustri1:inst18|lpm_bustri:lpm_bustri_component|dout[0]                                         ; |Memory|lpm_bustri1:inst18|lpm_bustri:lpm_bustri_component|dout[0]                                            ; out              ;
; |Memory|lpm_rom0:inst15|altsyncram:altsyncram_component|altsyncram_ut61:auto_generated|ram_block1a0        ; |Memory|lpm_rom0:inst15|altsyncram:altsyncram_component|altsyncram_ut61:auto_generated|q_a[0]                 ; portadataout0    ;
; |Memory|lpm_rom0:inst15|altsyncram:altsyncram_component|altsyncram_ut61:auto_generated|ram_block1a1        ; |Memory|lpm_rom0:inst15|altsyncram:altsyncram_component|altsyncram_ut61:auto_generated|q_a[1]                 ; portadataout0    ;
; |Memory|lpm_rom0:inst15|altsyncram:altsyncram_component|altsyncram_ut61:auto_generated|ram_block1a2        ; |Memory|lpm_rom0:inst15|altsyncram:altsyncram_component|altsyncram_ut61:auto_generated|q_a[2]                 ; portadataout0    ;
; |Memory|lpm_rom0:inst15|altsyncram:altsyncram_component|altsyncram_ut61:auto_generated|ram_block1a3        ; |Memory|lpm_rom0:inst15|altsyncram:altsyncram_component|altsyncram_ut61:auto_generated|q_a[3]                 ; portadataout0    ;
; |Memory|lpm_decode1:inst26|lpm_decode:lpm_decode_component|decode_ltf:auto_generated|w_anode29w[3]         ; |Memory|lpm_decode1:inst26|lpm_decode:lpm_decode_component|decode_ltf:auto_generated|w_anode29w[3]            ; out0             ;
; |Memory|lpm_decode1:inst26|lpm_decode:lpm_decode_component|decode_ltf:auto_generated|w_anode29w[2]         ; |Memory|lpm_decode1:inst26|lpm_decode:lpm_decode_component|decode_ltf:auto_generated|w_anode29w[2]            ; out0             ;
; |Memory|lpm_decode1:inst26|lpm_decode:lpm_decode_component|decode_ltf:auto_generated|w_anode29w[1]         ; |Memory|lpm_decode1:inst26|lpm_decode:lpm_decode_component|decode_ltf:auto_generated|w_anode29w[1]            ; out0             ;
; |Memory|lpm_decode1:inst26|lpm_decode:lpm_decode_component|decode_ltf:auto_generated|w_anode39w[3]         ; |Memory|lpm_decode1:inst26|lpm_decode:lpm_decode_component|decode_ltf:auto_generated|w_anode39w[3]            ; out0             ;
; |Memory|lpm_decode1:inst26|lpm_decode:lpm_decode_component|decode_ltf:auto_generated|w_anode39w[2]         ; |Memory|lpm_decode1:inst26|lpm_decode:lpm_decode_component|decode_ltf:auto_generated|w_anode39w[2]            ; out0             ;
; |Memory|lpm_decode1:inst26|lpm_decode:lpm_decode_component|decode_ltf:auto_generated|w_anode39w[1]         ; |Memory|lpm_decode1:inst26|lpm_decode:lpm_decode_component|decode_ltf:auto_generated|w_anode39w[1]            ; out0             ;
; |Memory|lpm_decode1:inst26|lpm_decode:lpm_decode_component|decode_ltf:auto_generated|w_anode3w[1]          ; |Memory|lpm_decode1:inst26|lpm_decode:lpm_decode_component|decode_ltf:auto_generated|w_anode3w[1]             ; out0             ;
; |Memory|lpm_decode1:inst26|lpm_decode:lpm_decode_component|decode_ltf:auto_generated|w_anode49w[3]         ; |Memory|lpm_decode1:inst26|lpm_decode:lpm_decode_component|decode_ltf:auto_generated|w_anode49w[3]            ; out0             ;
; |Memory|lpm_decode1:inst26|lpm_decode:lpm_decode_component|decode_ltf:auto_generated|w_anode49w[2]         ; |Memory|lpm_decode1:inst26|lpm_decode:lpm_decode_component|decode_ltf:auto_generated|w_anode49w[2]            ; out0             ;
; |Memory|lpm_decode1:inst26|lpm_decode:lpm_decode_component|decode_ltf:auto_generated|w_anode49w[1]         ; |Memory|lpm_decode1:inst26|lpm_decode:lpm_decode_component|decode_ltf:auto_generated|w_anode49w[1]            ; out0             ;
; |Memory|lpm_decode1:inst26|lpm_decode:lpm_decode_component|decode_ltf:auto_generated|w_anode59w[3]         ; |Memory|lpm_decode1:inst26|lpm_decode:lpm_decode_component|decode_ltf:auto_generated|w_anode59w[3]            ; out0             ;
; |Memory|lpm_decode1:inst26|lpm_decode:lpm_decode_component|decode_ltf:auto_generated|w_anode59w[2]         ; |Memory|lpm_decode1:inst26|lpm_decode:lpm_decode_component|decode_ltf:auto_generated|w_anode59w[2]            ; out0             ;
; |Memory|lpm_decode1:inst26|lpm_decode:lpm_decode_component|decode_ltf:auto_generated|w_anode59w[1]         ; |Memory|lpm_decode1:inst26|lpm_decode:lpm_decode_component|decode_ltf:auto_generated|w_anode59w[1]            ; out0             ;
; |Memory|lpm_decode1:inst26|lpm_decode:lpm_decode_component|decode_ltf:auto_generated|w_anode79w[3]         ; |Memory|lpm_decode1:inst26|lpm_decode:lpm_decode_component|decode_ltf:auto_generated|w_anode79w[3]            ; out0             ;
; |Memory|lpm_decode1:inst26|lpm_decode:lpm_decode_component|decode_ltf:auto_generated|w_anode79w[2]         ; |Memory|lpm_decode1:inst26|lpm_decode:lpm_decode_component|decode_ltf:auto_generated|w_anode79w[2]            ; out0             ;
; |Memory|lpm_decode1:inst26|lpm_decode:lpm_decode_component|decode_ltf:auto_generated|w_anode79w[1]         ; |Memory|lpm_decode1:inst26|lpm_decode:lpm_decode_component|decode_ltf:auto_generated|w_anode79w[1]            ; out0             ;
; |Memory|74393m:inst37|3                                                                                    ; |Memory|74393m:inst37|3                                                                                       ; regout           ;
; |Memory|74393m:inst37|4                                                                                    ; |Memory|74393m:inst37|4                                                                                       ; out0             ;
; |Memory|74393m:inst37|1                                                                                    ; |Memory|74393m:inst37|1                                                                                       ; regout           ;
; |Memory|74393m:inst37|5                                                                                    ; |Memory|74393m:inst37|5                                                                                       ; regout           ;
; |Memory|74393m:inst37|6                                                                                    ; |Memory|74393m:inst37|6                                                                                       ; out0             ;
; |Memory|74393m:inst37|8                                                                                    ; |Memory|74393m:inst37|8                                                                                       ; out0             ;
; |Memory|lpm_decode1:inst25|lpm_decode:lpm_decode_component|decode_ltf:auto_generated|w_anode29w[3]         ; |Memory|lpm_decode1:inst25|lpm_decode:lpm_decode_component|decode_ltf:auto_generated|w_anode29w[3]            ; out0             ;
; |Memory|lpm_decode1:inst25|lpm_decode:lpm_decode_component|decode_ltf:auto_generated|w_anode29w[2]         ; |Memory|lpm_decode1:inst25|lpm_decode:lpm_decode_component|decode_ltf:auto_generated|w_anode29w[2]            ; out0             ;
; |Memory|lpm_decode1:inst25|lpm_decode:lpm_decode_component|decode_ltf:auto_generated|w_anode29w[1]         ; |Memory|lpm_decode1:inst25|lpm_decode:lpm_decode_component|decode_ltf:auto_generated|w_anode29w[1]            ; out0             ;
; |Memory|lpm_decode1:inst25|lpm_decode:lpm_decode_component|decode_ltf:auto_generated|w_anode39w[3]         ; |Memory|lpm_decode1:inst25|lpm_decode:lpm_decode_component|decode_ltf:auto_generated|w_anode39w[3]            ; out0             ;
; |Memory|lpm_decode1:inst25|lpm_decode:lpm_decode_component|decode_ltf:auto_generated|w_anode39w[2]         ; |Memory|lpm_decode1:inst25|lpm_decode:lpm_decode_component|decode_ltf:auto_generated|w_anode39w[2]            ; out0             ;
; |Memory|lpm_decode1:inst25|lpm_decode:lpm_decode_component|decode_ltf:auto_generated|w_anode39w[1]         ; |Memory|lpm_decode1:inst25|lpm_decode:lpm_decode_component|decode_ltf:auto_generated|w_anode39w[1]            ; out0             ;
; |Memory|lpm_decode1:inst25|lpm_decode:lpm_decode_component|decode_ltf:auto_generated|w_anode3w[1]          ; |Memory|lpm_decode1:inst25|lpm_decode:lpm_decode_component|decode_ltf:auto_generated|w_anode3w[1]             ; out0             ;
; |Memory|lpm_decode1:inst25|lpm_decode:lpm_decode_component|decode_ltf:auto_generated|w_anode49w[3]         ; |Memory|lpm_decode1:inst25|lpm_decode:lpm_decode_component|decode_ltf:auto_generated|w_anode49w[3]            ; out0             ;
; |Memory|lpm_decode1:inst25|lpm_decode:lpm_decode_component|decode_ltf:auto_generated|w_anode49w[2]         ; |Memory|lpm_decode1:inst25|lpm_decode:lpm_decode_component|decode_ltf:auto_generated|w_anode49w[2]            ; out0             ;
; |Memory|lpm_decode1:inst25|lpm_decode:lpm_decode_component|decode_ltf:auto_generated|w_anode49w[1]         ; |Memory|lpm_decode1:inst25|lpm_decode:lpm_decode_component|decode_ltf:auto_generated|w_anode49w[1]            ; out0             ;
; |Memory|lpm_decode1:inst25|lpm_decode:lpm_decode_component|decode_ltf:auto_generated|w_anode59w[3]         ; |Memory|lpm_decode1:inst25|lpm_decode:lpm_decode_component|decode_ltf:auto_generated|w_anode59w[3]            ; out0             ;
; |Memory|lpm_decode1:inst25|lpm_decode:lpm_decode_component|decode_ltf:auto_generated|w_anode59w[2]         ; |Memory|lpm_decode1:inst25|lpm_decode:lpm_decode_component|decode_ltf:auto_generated|w_anode59w[2]            ; out0             ;
; |Memory|lpm_decode1:inst25|lpm_decode:lpm_decode_component|decode_ltf:auto_generated|w_anode59w[1]         ; |Memory|lpm_decode1:inst25|lpm_decode:lpm_decode_component|decode_ltf:auto_generated|w_anode59w[1]            ; out0             ;
; |Memory|lpm_decode1:inst25|lpm_decode:lpm_decode_component|decode_ltf:auto_generated|w_anode69w[3]         ; |Memory|lpm_decode1:inst25|lpm_decode:lpm_decode_component|decode_ltf:auto_generated|w_anode69w[3]            ; out0             ;
; |Memory|lpm_decode1:inst25|lpm_decode:lpm_decode_component|decode_ltf:auto_generated|w_anode69w[2]         ; |Memory|lpm_decode1:inst25|lpm_decode:lpm_decode_component|decode_ltf:auto_generated|w_anode69w[2]            ; out0             ;
; |Memory|lpm_decode1:inst25|lpm_decode:lpm_decode_component|decode_ltf:auto_generated|w_anode69w[1]         ; |Memory|lpm_decode1:inst25|lpm_decode:lpm_decode_component|decode_ltf:auto_generated|w_anode69w[1]            ; out0             ;
; |Memory|lpm_decode1:inst25|lpm_decode:lpm_decode_component|decode_ltf:auto_generated|w_anode79w[3]         ; |Memory|lpm_decode1:inst25|lpm_decode:lpm_decode_component|decode_ltf:auto_generated|w_anode79w[3]            ; out0             ;
; |Memory|lpm_decode1:inst25|lpm_decode:lpm_decode_component|decode_ltf:auto_generated|w_anode79w[2]         ; |Memory|lpm_decode1:inst25|lpm_decode:lpm_decode_component|decode_ltf:auto_generated|w_anode79w[2]            ; out0             ;
; |Memory|lpm_decode1:inst25|lpm_decode:lpm_decode_component|decode_ltf:auto_generated|w_anode79w[1]         ; |Memory|lpm_decode1:inst25|lpm_decode:lpm_decode_component|decode_ltf:auto_generated|w_anode79w[1]            ; out0             ;
; |Memory|74393m:inst16|3                                                                                    ; |Memory|74393m:inst16|3                                                                                       ; regout           ;
; |Memory|74393m:inst16|4                                                                                    ; |Memory|74393m:inst16|4                                                                                       ; out0             ;
; |Memory|74393m:inst16|1                                                                                    ; |Memory|74393m:inst16|1                                                                                       ; regout           ;
; |Memory|lpm_bustri0:inst20|lpm_bustri:lpm_bustri_component|dout[3]                                         ; |Memory|lpm_bustri0:inst20|lpm_bustri:lpm_bustri_component|dout[3]                                            ; out              ;
; |Memory|lpm_bustri0:inst20|lpm_bustri:lpm_bustri_component|dout[2]                                         ; |Memory|lpm_bustri0:inst20|lpm_bustri:lpm_bustri_component|dout[2]                                            ; out              ;
; |Memory|lpm_bustri0:inst20|lpm_bustri:lpm_bustri_component|dout[1]                                         ; |Memory|lpm_bustri0:inst20|lpm_bustri:lpm_bustri_component|dout[1]                                            ; out              ;
; |Memory|lpm_bustri0:inst20|lpm_bustri:lpm_bustri_component|dout[0]                                         ; |Memory|lpm_bustri0:inst20|lpm_bustri:lpm_bustri_component|dout[0]                                            ; out              ;
; |Memory|lpm_dff0:inst|lpm_ff:lpm_ff_component|dffs[0]                                                      ; |Memory|lpm_dff0:inst|lpm_ff:lpm_ff_component|dffs[0]                                                         ; regout           ;
; |Memory|lpm_add_sub0:inst23|lpm_add_sub:lpm_add_sub_component|add_sub_nmh:auto_generated|op_1~0            ; |Memory|lpm_add_sub0:inst23|lpm_add_sub:lpm_add_sub_component|add_sub_nmh:auto_generated|op_1~0               ; out0             ;
; |Memory|lpm_add_sub0:inst23|lpm_add_sub:lpm_add_sub_component|add_sub_nmh:auto_generated|op_1~1            ; |Memory|lpm_add_sub0:inst23|lpm_add_sub:lpm_add_sub_component|add_sub_nmh:auto_generated|op_1~1               ; out0             ;
; |Memory|lpm_add_sub0:inst23|lpm_add_sub:lpm_add_sub_component|add_sub_nmh:auto_generated|op_1~2            ; |Memory|lpm_add_sub0:inst23|lpm_add_sub:lpm_add_sub_component|add_sub_nmh:auto_generated|op_1~2               ; out0             ;
; |Memory|lpm_add_sub0:inst23|lpm_add_sub:lpm_add_sub_component|add_sub_nmh:auto_generated|op_1~3            ; |Memory|lpm_add_sub0:inst23|lpm_add_sub:lpm_add_sub_component|add_sub_nmh:auto_generated|op_1~3               ; out0             ;
; |Memory|lpm_add_sub0:inst23|lpm_add_sub:lpm_add_sub_component|add_sub_nmh:auto_generated|op_1~4            ; |Memory|lpm_add_sub0:inst23|lpm_add_sub:lpm_add_sub_component|add_sub_nmh:auto_generated|op_1~4               ; out0             ;
; |Memory|lpm_add_sub0:inst23|lpm_add_sub:lpm_add_sub_component|add_sub_nmh:auto_generated|op_1~5            ; |Memory|lpm_add_sub0:inst23|lpm_add_sub:lpm_add_sub_component|add_sub_nmh:auto_generated|op_1~5               ; out0             ;
; |Memory|lpm_add_sub0:inst23|lpm_add_sub:lpm_add_sub_component|add_sub_nmh:auto_generated|op_1~6            ; |Memory|lpm_add_sub0:inst23|lpm_add_sub:lpm_add_sub_component|add_sub_nmh:auto_generated|op_1~6               ; out0             ;
; |Memory|lpm_add_sub0:inst23|lpm_add_sub:lpm_add_sub_component|add_sub_nmh:auto_generated|op_1~7            ; |Memory|lpm_add_sub0:inst23|lpm_add_sub:lpm_add_sub_component|add_sub_nmh:auto_generated|op_1~7               ; out0             ;
; |Memory|lpm_add_sub0:inst23|lpm_add_sub:lpm_add_sub_component|add_sub_nmh:auto_generated|op_1~8            ; |Memory|lpm_add_sub0:inst23|lpm_add_sub:lpm_add_sub_component|add_sub_nmh:auto_generated|op_1~8               ; out0             ;
; |Memory|lpm_add_sub0:inst23|lpm_add_sub:lpm_add_sub_component|add_sub_nmh:auto_generated|op_1~9            ; |Memory|lpm_add_sub0:inst23|lpm_add_sub:lpm_add_sub_component|add_sub_nmh:auto_generated|op_1~9               ; out0             ;
; |Memory|lpm_add_sub0:inst23|lpm_add_sub:lpm_add_sub_component|add_sub_nmh:auto_generated|op_1~10           ; |Memory|lpm_add_sub0:inst23|lpm_add_sub:lpm_add_sub_component|add_sub_nmh:auto_generated|op_1~10              ; out0             ;
; |Memory|lpm_add_sub0:inst23|lpm_add_sub:lpm_add_sub_component|add_sub_nmh:auto_generated|op_1~11           ; |Memory|lpm_add_sub0:inst23|lpm_add_sub:lpm_add_sub_component|add_sub_nmh:auto_generated|op_1~11              ; out0             ;
; |Memory|lpm_add_sub0:inst23|lpm_add_sub:lpm_add_sub_component|add_sub_nmh:auto_generated|op_1~12           ; |Memory|lpm_add_sub0:inst23|lpm_add_sub:lpm_add_sub_component|add_sub_nmh:auto_generated|op_1~12              ; out0             ;
; |Memory|lpm_add_sub0:inst23|lpm_add_sub:lpm_add_sub_component|add_sub_nmh:auto_generated|op_1~13           ; |Memory|lpm_add_sub0:inst23|lpm_add_sub:lpm_add_sub_component|add_sub_nmh:auto_generated|op_1~13              ; out0             ;
; |Memory|lpm_add_sub0:inst23|lpm_add_sub:lpm_add_sub_component|add_sub_nmh:auto_generated|op_1~14           ; |Memory|lpm_add_sub0:inst23|lpm_add_sub:lpm_add_sub_component|add_sub_nmh:auto_generated|op_1~14              ; out0             ;
; |Memory|lpm_add_sub0:inst23|lpm_add_sub:lpm_add_sub_component|add_sub_nmh:auto_generated|op_1~15           ; |Memory|lpm_add_sub0:inst23|lpm_add_sub:lpm_add_sub_component|add_sub_nmh:auto_generated|op_1~15              ; out0             ;
; |Memory|lpm_add_sub0:inst23|lpm_add_sub:lpm_add_sub_component|add_sub_nmh:auto_generated|op_1~16           ; |Memory|lpm_add_sub0:inst23|lpm_add_sub:lpm_add_sub_component|add_sub_nmh:auto_generated|op_1~16              ; out0             ;
; |Memory|lpm_add_sub0:inst23|lpm_add_sub:lpm_add_sub_component|add_sub_nmh:auto_generated|op_1~17           ; |Memory|lpm_add_sub0:inst23|lpm_add_sub:lpm_add_sub_component|add_sub_nmh:auto_generated|op_1~17              ; out0             ;
; |Memory|lpm_add_sub0:inst23|lpm_add_sub:lpm_add_sub_component|add_sub_nmh:auto_generated|op_1~18           ; |Memory|lpm_add_sub0:inst23|lpm_add_sub:lpm_add_sub_component|add_sub_nmh:auto_generated|op_1~18              ; out0             ;
; |Memory|lpm_add_sub0:inst23|lpm_add_sub:lpm_add_sub_component|add_sub_nmh:auto_generated|op_1~19           ; |Memory|lpm_add_sub0:inst23|lpm_add_sub:lpm_add_sub_component|add_sub_nmh:auto_generated|op_1~19              ; out0             ;
; |Memory|lpm_add_sub0:inst23|lpm_add_sub:lpm_add_sub_component|add_sub_nmh:auto_generated|op_1~20           ; |Memory|lpm_add_sub0:inst23|lpm_add_sub:lpm_add_sub_component|add_sub_nmh:auto_generated|op_1~20              ; out0             ;
; |Memory|lpm_add_sub0:inst23|lpm_add_sub:lpm_add_sub_component|add_sub_nmh:auto_generated|op_1~21           ; |Memory|lpm_add_sub0:inst23|lpm_add_sub:lpm_add_sub_component|add_sub_nmh:auto_generated|op_1~21              ; out0             ;
; |Memory|lpm_add_sub0:inst23|lpm_add_sub:lpm_add_sub_component|add_sub_nmh:auto_generated|op_1~22           ; |Memory|lpm_add_sub0:inst23|lpm_add_sub:lpm_add_sub_component|add_sub_nmh:auto_generated|op_1~22              ; out0             ;
; |Memory|lpm_add_sub0:inst23|lpm_add_sub:lpm_add_sub_component|add_sub_nmh:auto_generated|op_1~23           ; |Memory|lpm_add_sub0:inst23|lpm_add_sub:lpm_add_sub_component|add_sub_nmh:auto_generated|op_1~23              ; out0             ;
; |Memory|lpm_add_sub0:inst23|lpm_add_sub:lpm_add_sub_component|add_sub_nmh:auto_generated|op_1~24           ; |Memory|lpm_add_sub0:inst23|lpm_add_sub:lpm_add_sub_component|add_sub_nmh:auto_generated|op_1~24              ; out0             ;
; |Memory|lpm_add_sub0:inst23|lpm_add_sub:lpm_add_sub_component|add_sub_nmh:auto_generated|op_1~25           ; |Memory|lpm_add_sub0:inst23|lpm_add_sub:lpm_add_sub_component|add_sub_nmh:auto_generated|op_1~25              ; out0             ;
; |Memory|lpm_add_sub0:inst23|lpm_add_sub:lpm_add_sub_component|add_sub_nmh:auto_generated|op_1~26           ; |Memory|lpm_add_sub0:inst23|lpm_add_sub:lpm_add_sub_component|add_sub_nmh:auto_generated|op_1~26              ; out0             ;
; |Memory|lpm_add_sub0:inst23|lpm_add_sub:lpm_add_sub_component|add_sub_nmh:auto_generated|op_1~27           ; |Memory|lpm_add_sub0:inst23|lpm_add_sub:lpm_add_sub_component|add_sub_nmh:auto_generated|op_1~27              ; out0             ;
; |Memory|lpm_add_sub0:inst23|lpm_add_sub:lpm_add_sub_component|add_sub_nmh:auto_generated|op_1~28           ; |Memory|lpm_add_sub0:inst23|lpm_add_sub:lpm_add_sub_component|add_sub_nmh:auto_generated|op_1~28              ; out0             ;
; |Memory|lpm_add_sub0:inst23|lpm_add_sub:lpm_add_sub_component|add_sub_nmh:auto_generated|op_1~29           ; |Memory|lpm_add_sub0:inst23|lpm_add_sub:lpm_add_sub_component|add_sub_nmh:auto_generated|op_1~29              ; out0             ;
; |Memory|lpm_add_sub0:inst23|lpm_add_sub:lpm_add_sub_component|add_sub_nmh:auto_generated|op_1~30           ; |Memory|lpm_add_sub0:inst23|lpm_add_sub:lpm_add_sub_component|add_sub_nmh:auto_generated|op_1~30              ; out0             ;
; |Memory|lpm_add_sub0:inst23|lpm_add_sub:lpm_add_sub_component|add_sub_nmh:auto_generated|op_1~31           ; |Memory|lpm_add_sub0:inst23|lpm_add_sub:lpm_add_sub_component|add_sub_nmh:auto_generated|op_1~31              ; out0             ;
; |Memory|lpm_add_sub0:inst23|lpm_add_sub:lpm_add_sub_component|add_sub_nmh:auto_generated|op_1~32           ; |Memory|lpm_add_sub0:inst23|lpm_add_sub:lpm_add_sub_component|add_sub_nmh:auto_generated|op_1~32              ; out0             ;
; |Memory|lpm_add_sub0:inst23|lpm_add_sub:lpm_add_sub_component|add_sub_nmh:auto_generated|op_1~33           ; |Memory|lpm_add_sub0:inst23|lpm_add_sub:lpm_add_sub_component|add_sub_nmh:auto_generated|op_1~33              ; out0             ;
; |Memory|lpm_add_sub0:inst23|lpm_add_sub:lpm_add_sub_component|add_sub_nmh:auto_generated|op_1~34           ; |Memory|lpm_add_sub0:inst23|lpm_add_sub:lpm_add_sub_component|add_sub_nmh:auto_generated|op_1~34              ; out0             ;
; |Memory|lpm_add_sub0:inst23|lpm_add_sub:lpm_add_sub_component|add_sub_nmh:auto_generated|op_1~37           ; |Memory|lpm_add_sub0:inst23|lpm_add_sub:lpm_add_sub_component|add_sub_nmh:auto_generated|op_1~37              ; out0             ;
; |Memory|lpm_add_sub0:inst23|lpm_add_sub:lpm_add_sub_component|add_sub_nmh:auto_generated|op_1~38           ; |Memory|lpm_add_sub0:inst23|lpm_add_sub:lpm_add_sub_component|add_sub_nmh:auto_generated|op_1~38              ; out0             ;
; |Memory|lpm_add_sub0:inst23|lpm_add_sub:lpm_add_sub_component|add_sub_nmh:auto_generated|op_1~39           ; |Memory|lpm_add_sub0:inst23|lpm_add_sub:lpm_add_sub_component|add_sub_nmh:auto_generated|op_1~39              ; out0             ;
; |Memory|lpm_add_sub0:inst23|lpm_add_sub:lpm_add_sub_component|add_sub_nmh:auto_generated|op_1~42           ; |Memory|lpm_add_sub0:inst23|lpm_add_sub:lpm_add_sub_component|add_sub_nmh:auto_generated|op_1~42              ; out0             ;
+------------------------------------------------------------------------------------------------------------+---------------------------------------------------------------------------------------------------------------+------------------+


The following table displays output ports that do not toggle to 1 during simulation.
+---------------------------------------------------------------------------------------------------------------------------------------------------------------------------------------------------------------------------------------------+
; Missing 1-Value Coverage                                                                                                                                                                                                                    ;
+-----------------------------------------------------------------------------------------------------------+--------------------------------------------------------------------------------------------------------------+------------------+
; Node Name                                                                                                 ; Output Port Name                                                                                             ; Output Port Type ;
+-----------------------------------------------------------------------------------------------------------+--------------------------------------------------------------------------------------------------------------+------------------+
; |Memory|address[9]                                                                                        ; |Memory|address[9]                                                                                           ; pin_out          ;
; |Memory|address[8]                                                                                        ; |Memory|address[8]                                                                                           ; pin_out          ;
; |Memory|address[7]                                                                                        ; |Memory|address[7]                                                                                           ; pin_out          ;
; |Memory|address~0                                                                                         ; |Memory|address~0                                                                                            ; out0             ;
; |Memory|address~1                                                                                         ; |Memory|address~1                                                                                            ; out0             ;
; |Memory|address~2                                                                                         ; |Memory|address~2                                                                                            ; out0             ;
; |Memory|data1[9]                                                                                          ; |Memory|data1[9]                                                                                             ; pin_out          ;
; |Memory|data1[8]                                                                                          ; |Memory|data1[8]                                                                                             ; pin_out          ;
; |Memory|data1[7]                                                                                          ; |Memory|data1[7]                                                                                             ; pin_out          ;
; |Memory|data1[6]                                                                                          ; |Memory|data1[6]                                                                                             ; pin_out          ;
; |Memory|data1[5]                                                                                          ; |Memory|data1[5]                                                                                             ; pin_out          ;
; |Memory|lpm_bustri1:inst49|lpm_bustri:lpm_bustri_component|dout[9]                                        ; |Memory|lpm_bustri1:inst49|lpm_bustri:lpm_bustri_component|dout[9]                                           ; out              ;
; |Memory|lpm_bustri1:inst49|lpm_bustri:lpm_bustri_component|dout[8]                                        ; |Memory|lpm_bustri1:inst49|lpm_bustri:lpm_bustri_component|dout[8]                                           ; out              ;
; |Memory|lpm_bustri1:inst49|lpm_bustri:lpm_bustri_component|dout[7]                                        ; |Memory|lpm_bustri1:inst49|lpm_bustri:lpm_bustri_component|dout[7]                                           ; out              ;
; |Memory|lpm_bustri1:inst49|lpm_bustri:lpm_bustri_component|dout[4]                                        ; |Memory|lpm_bustri1:inst49|lpm_bustri:lpm_bustri_component|dout[4]                                           ; out              ;
; |Memory|lpm_dff1:inst24|lpm_ff:lpm_ff_component|dffs[9]                                                   ; |Memory|lpm_dff1:inst24|lpm_ff:lpm_ff_component|dffs[9]                                                      ; regout           ;
; |Memory|lpm_dff1:inst24|lpm_ff:lpm_ff_component|dffs[8]                                                   ; |Memory|lpm_dff1:inst24|lpm_ff:lpm_ff_component|dffs[8]                                                      ; regout           ;
; |Memory|lpm_dff1:inst24|lpm_ff:lpm_ff_component|dffs[7]                                                   ; |Memory|lpm_dff1:inst24|lpm_ff:lpm_ff_component|dffs[7]                                                      ; regout           ;
; |Memory|lpm_dff1:inst24|lpm_ff:lpm_ff_component|dffs[6]                                                   ; |Memory|lpm_dff1:inst24|lpm_ff:lpm_ff_component|dffs[6]                                                      ; regout           ;
; |Memory|lpm_dff1:inst24|lpm_ff:lpm_ff_component|dffs[5]                                                   ; |Memory|lpm_dff1:inst24|lpm_ff:lpm_ff_component|dffs[5]                                                      ; regout           ;
; |Memory|lpm_counter0:inst7|lpm_counter:lpm_counter_component|cntr_2mi:auto_generated|counter_comb_bita6   ; |Memory|lpm_counter0:inst7|lpm_counter:lpm_counter_component|cntr_2mi:auto_generated|counter_comb_bita6~COUT ; cout             ;
; |Memory|lpm_counter0:inst7|lpm_counter:lpm_counter_component|cntr_2mi:auto_generated|counter_comb_bita7   ; |Memory|lpm_counter0:inst7|lpm_counter:lpm_counter_component|cntr_2mi:auto_generated|counter_comb_bita7      ; sumout           ;
; |Memory|lpm_counter0:inst7|lpm_counter:lpm_counter_component|cntr_2mi:auto_generated|counter_comb_bita7   ; |Memory|lpm_counter0:inst7|lpm_counter:lpm_counter_component|cntr_2mi:auto_generated|counter_comb_bita7~COUT ; cout             ;
; |Memory|lpm_counter0:inst7|lpm_counter:lpm_counter_component|cntr_2mi:auto_generated|counter_comb_bita8   ; |Memory|lpm_counter0:inst7|lpm_counter:lpm_counter_component|cntr_2mi:auto_generated|counter_comb_bita8      ; sumout           ;
; |Memory|lpm_counter0:inst7|lpm_counter:lpm_counter_component|cntr_2mi:auto_generated|counter_comb_bita8   ; |Memory|lpm_counter0:inst7|lpm_counter:lpm_counter_component|cntr_2mi:auto_generated|counter_comb_bita8~COUT ; cout             ;
; |Memory|lpm_counter0:inst7|lpm_counter:lpm_counter_component|cntr_2mi:auto_generated|counter_comb_bita9   ; |Memory|lpm_counter0:inst7|lpm_counter:lpm_counter_component|cntr_2mi:auto_generated|counter_comb_bita9      ; sumout           ;
; |Memory|lpm_counter0:inst7|lpm_counter:lpm_counter_component|cntr_2mi:auto_generated|counter_reg_bit1a[9] ; |Memory|lpm_counter0:inst7|lpm_counter:lpm_counter_component|cntr_2mi:auto_generated|safe_q[9]               ; regout           ;
; |Memory|lpm_counter0:inst7|lpm_counter:lpm_counter_component|cntr_2mi:auto_generated|counter_reg_bit1a[8] ; |Memory|lpm_counter0:inst7|lpm_counter:lpm_counter_component|cntr_2mi:auto_generated|safe_q[8]               ; regout           ;
; |Memory|lpm_counter0:inst7|lpm_counter:lpm_counter_component|cntr_2mi:auto_generated|counter_reg_bit1a[7] ; |Memory|lpm_counter0:inst7|lpm_counter:lpm_counter_component|cntr_2mi:auto_generated|safe_q[7]               ; regout           ;
; |Memory|lpm_counter0:inst7|lpm_counter:lpm_counter_component|cntr_2mi:auto_generated|counter_reg_bit1a[6] ; |Memory|lpm_counter0:inst7|lpm_counter:lpm_counter_component|cntr_2mi:auto_generated|safe_q[6]               ; regout           ;
; |Memory|lpm_bustri1:inst18|lpm_bustri:lpm_bustri_component|dout[9]                                        ; |Memory|lpm_bustri1:inst18|lpm_bustri:lpm_bustri_component|dout[9]                                           ; out              ;
; |Memory|lpm_bustri1:inst18|lpm_bustri:lpm_bustri_component|dout[8]                                        ; |Memory|lpm_bustri1:inst18|lpm_bustri:lpm_bustri_component|dout[8]                                           ; out              ;
; |Memory|lpm_bustri1:inst18|lpm_bustri:lpm_bustri_component|dout[7]                                        ; |Memory|lpm_bustri1:inst18|lpm_bustri:lpm_bustri_component|dout[7]                                           ; out              ;
; |Memory|lpm_bustri1:inst18|lpm_bustri:lpm_bustri_component|dout[6]                                        ; |Memory|lpm_bustri1:inst18|lpm_bustri:lpm_bustri_component|dout[6]                                           ; out              ;
; |Memory|74393m:inst37|9                                                                                   ; |Memory|74393m:inst37|9                                                                                      ; regout           ;
; |Memory|74393m:inst37|10                                                                                  ; |Memory|74393m:inst37|10                                                                                     ; out0             ;
; |Memory|74393m:inst37|11                                                                                  ; |Memory|74393m:inst37|11                                                                                     ; out0             ;
; |Memory|lpm_add_sub0:inst23|lpm_add_sub:lpm_add_sub_component|add_sub_nmh:auto_generated|op_1~35          ; |Memory|lpm_add_sub0:inst23|lpm_add_sub:lpm_add_sub_component|add_sub_nmh:auto_generated|op_1~35             ; out0             ;
; |Memory|lpm_add_sub0:inst23|lpm_add_sub:lpm_add_sub_component|add_sub_nmh:auto_generated|op_1~36          ; |Memory|lpm_add_sub0:inst23|lpm_add_sub:lpm_add_sub_component|add_sub_nmh:auto_generated|op_1~36             ; out0             ;
; |Memory|lpm_add_sub0:inst23|lpm_add_sub:lpm_add_sub_component|add_sub_nmh:auto_generated|op_1~40          ; |Memory|lpm_add_sub0:inst23|lpm_add_sub:lpm_add_sub_component|add_sub_nmh:auto_generated|op_1~40             ; out0             ;
; |Memory|lpm_add_sub0:inst23|lpm_add_sub:lpm_add_sub_component|add_sub_nmh:auto_generated|op_1~41          ; |Memory|lpm_add_sub0:inst23|lpm_add_sub:lpm_add_sub_component|add_sub_nmh:auto_generated|op_1~41             ; out0             ;
+-----------------------------------------------------------------------------------------------------------+--------------------------------------------------------------------------------------------------------------+------------------+


The following table displays output ports that do not toggle to 0 during simulation.
+---------------------------------------------------------------------------------------------------------------------------------------------------------------------------------------------------------------------------------------------+
; Missing 0-Value Coverage                                                                                                                                                                                                                    ;
+-----------------------------------------------------------------------------------------------------------+--------------------------------------------------------------------------------------------------------------+------------------+
; Node Name                                                                                                 ; Output Port Name                                                                                             ; Output Port Type ;
+-----------------------------------------------------------------------------------------------------------+--------------------------------------------------------------------------------------------------------------+------------------+
; |Memory|address[9]                                                                                        ; |Memory|address[9]                                                                                           ; pin_out          ;
; |Memory|address[8]                                                                                        ; |Memory|address[8]                                                                                           ; pin_out          ;
; |Memory|address[7]                                                                                        ; |Memory|address[7]                                                                                           ; pin_out          ;
; |Memory|address~0                                                                                         ; |Memory|address~0                                                                                            ; out0             ;
; |Memory|address~1                                                                                         ; |Memory|address~1                                                                                            ; out0             ;
; |Memory|address~2                                                                                         ; |Memory|address~2                                                                                            ; out0             ;
; |Memory|data1[9]                                                                                          ; |Memory|data1[9]                                                                                             ; pin_out          ;
; |Memory|data1[8]                                                                                          ; |Memory|data1[8]                                                                                             ; pin_out          ;
; |Memory|data1[7]                                                                                          ; |Memory|data1[7]                                                                                             ; pin_out          ;
; |Memory|data1[6]                                                                                          ; |Memory|data1[6]                                                                                             ; pin_out          ;
; |Memory|data1[5]                                                                                          ; |Memory|data1[5]                                                                                             ; pin_out          ;
; |Memory|data1[4]                                                                                          ; |Memory|data1[4]                                                                                             ; pin_out          ;
; |Memory|data1[3]                                                                                          ; |Memory|data1[3]                                                                                             ; pin_out          ;
; |Memory|data1[2]                                                                                          ; |Memory|data1[2]                                                                                             ; pin_out          ;
; |Memory|data1[1]                                                                                          ; |Memory|data1[1]                                                                                             ; pin_out          ;
; |Memory|data1[0]                                                                                          ; |Memory|data1[0]                                                                                             ; pin_out          ;
; |Memory|lpm_bustri1:inst49|lpm_bustri:lpm_bustri_component|dout[6]                                        ; |Memory|lpm_bustri1:inst49|lpm_bustri:lpm_bustri_component|dout[6]                                           ; out              ;
; |Memory|lpm_bustri1:inst49|lpm_bustri:lpm_bustri_component|dout[5]                                        ; |Memory|lpm_bustri1:inst49|lpm_bustri:lpm_bustri_component|dout[5]                                           ; out              ;
; |Memory|lpm_dff1:inst24|lpm_ff:lpm_ff_component|dffs[9]                                                   ; |Memory|lpm_dff1:inst24|lpm_ff:lpm_ff_component|dffs[9]                                                      ; regout           ;
; |Memory|lpm_dff1:inst24|lpm_ff:lpm_ff_component|dffs[8]                                                   ; |Memory|lpm_dff1:inst24|lpm_ff:lpm_ff_component|dffs[8]                                                      ; regout           ;
; |Memory|lpm_dff1:inst24|lpm_ff:lpm_ff_component|dffs[7]                                                   ; |Memory|lpm_dff1:inst24|lpm_ff:lpm_ff_component|dffs[7]                                                      ; regout           ;
; |Memory|lpm_dff1:inst24|lpm_ff:lpm_ff_component|dffs[6]                                                   ; |Memory|lpm_dff1:inst24|lpm_ff:lpm_ff_component|dffs[6]                                                      ; regout           ;
; |Memory|lpm_dff1:inst24|lpm_ff:lpm_ff_component|dffs[5]                                                   ; |Memory|lpm_dff1:inst24|lpm_ff:lpm_ff_component|dffs[5]                                                      ; regout           ;
; |Memory|lpm_dff1:inst24|lpm_ff:lpm_ff_component|dffs[4]                                                   ; |Memory|lpm_dff1:inst24|lpm_ff:lpm_ff_component|dffs[4]                                                      ; regout           ;
; |Memory|lpm_dff1:inst24|lpm_ff:lpm_ff_component|dffs[3]                                                   ; |Memory|lpm_dff1:inst24|lpm_ff:lpm_ff_component|dffs[3]                                                      ; regout           ;
; |Memory|lpm_dff1:inst24|lpm_ff:lpm_ff_component|dffs[2]                                                   ; |Memory|lpm_dff1:inst24|lpm_ff:lpm_ff_component|dffs[2]                                                      ; regout           ;
; |Memory|lpm_dff1:inst24|lpm_ff:lpm_ff_component|dffs[1]                                                   ; |Memory|lpm_dff1:inst24|lpm_ff:lpm_ff_component|dffs[1]                                                      ; regout           ;
; |Memory|lpm_dff1:inst24|lpm_ff:lpm_ff_component|dffs[0]                                                   ; |Memory|lpm_dff1:inst24|lpm_ff:lpm_ff_component|dffs[0]                                                      ; regout           ;
; |Memory|lpm_counter0:inst7|lpm_counter:lpm_counter_component|cntr_2mi:auto_generated|counter_comb_bita6   ; |Memory|lpm_counter0:inst7|lpm_counter:lpm_counter_component|cntr_2mi:auto_generated|counter_comb_bita6~COUT ; cout             ;
; |Memory|lpm_counter0:inst7|lpm_counter:lpm_counter_component|cntr_2mi:auto_generated|counter_comb_bita7   ; |Memory|lpm_counter0:inst7|lpm_counter:lpm_counter_component|cntr_2mi:auto_generated|counter_comb_bita7      ; sumout           ;
; |Memory|lpm_counter0:inst7|lpm_counter:lpm_counter_component|cntr_2mi:auto_generated|counter_comb_bita7   ; |Memory|lpm_counter0:inst7|lpm_counter:lpm_counter_component|cntr_2mi:auto_generated|counter_comb_bita7~COUT ; cout             ;
; |Memory|lpm_counter0:inst7|lpm_counter:lpm_counter_component|cntr_2mi:auto_generated|counter_comb_bita8   ; |Memory|lpm_counter0:inst7|lpm_counter:lpm_counter_component|cntr_2mi:auto_generated|counter_comb_bita8      ; sumout           ;
; |Memory|lpm_counter0:inst7|lpm_counter:lpm_counter_component|cntr_2mi:auto_generated|counter_comb_bita8   ; |Memory|lpm_counter0:inst7|lpm_counter:lpm_counter_component|cntr_2mi:auto_generated|counter_comb_bita8~COUT ; cout             ;
; |Memory|lpm_counter0:inst7|lpm_counter:lpm_counter_component|cntr_2mi:auto_generated|counter_comb_bita9   ; |Memory|lpm_counter0:inst7|lpm_counter:lpm_counter_component|cntr_2mi:auto_generated|counter_comb_bita9      ; sumout           ;
; |Memory|lpm_counter0:inst7|lpm_counter:lpm_counter_component|cntr_2mi:auto_generated|counter_reg_bit1a[9] ; |Memory|lpm_counter0:inst7|lpm_counter:lpm_counter_component|cntr_2mi:auto_generated|safe_q[9]               ; regout           ;
; |Memory|lpm_counter0:inst7|lpm_counter:lpm_counter_component|cntr_2mi:auto_generated|counter_reg_bit1a[8] ; |Memory|lpm_counter0:inst7|lpm_counter:lpm_counter_component|cntr_2mi:auto_generated|safe_q[8]               ; regout           ;
; |Memory|lpm_counter0:inst7|lpm_counter:lpm_counter_component|cntr_2mi:auto_generated|counter_reg_bit1a[7] ; |Memory|lpm_counter0:inst7|lpm_counter:lpm_counter_component|cntr_2mi:auto_generated|safe_q[7]               ; regout           ;
; |Memory|lpm_counter0:inst7|lpm_counter:lpm_counter_component|cntr_2mi:auto_generated|counter_reg_bit1a[6] ; |Memory|lpm_counter0:inst7|lpm_counter:lpm_counter_component|cntr_2mi:auto_generated|safe_q[6]               ; regout           ;
; |Memory|lpm_counter0:inst7|lpm_counter:lpm_counter_component|cntr_2mi:auto_generated|counter_reg_bit1a[5] ; |Memory|lpm_counter0:inst7|lpm_counter:lpm_counter_component|cntr_2mi:auto_generated|safe_q[5]               ; regout           ;
; |Memory|74393m:inst37|9                                                                                   ; |Memory|74393m:inst37|9                                                                                      ; regout           ;
; |Memory|74393m:inst37|10                                                                                  ; |Memory|74393m:inst37|10                                                                                     ; out0             ;
; |Memory|74393m:inst37|11                                                                                  ; |Memory|74393m:inst37|11                                                                                     ; out0             ;
; |Memory|lpm_add_sub0:inst23|lpm_add_sub:lpm_add_sub_component|add_sub_nmh:auto_generated|op_1~35          ; |Memory|lpm_add_sub0:inst23|lpm_add_sub:lpm_add_sub_component|add_sub_nmh:auto_generated|op_1~35             ; out0             ;
; |Memory|lpm_add_sub0:inst23|lpm_add_sub:lpm_add_sub_component|add_sub_nmh:auto_generated|op_1~36          ; |Memory|lpm_add_sub0:inst23|lpm_add_sub:lpm_add_sub_component|add_sub_nmh:auto_generated|op_1~36             ; out0             ;
; |Memory|lpm_add_sub0:inst23|lpm_add_sub:lpm_add_sub_component|add_sub_nmh:auto_generated|op_1~40          ; |Memory|lpm_add_sub0:inst23|lpm_add_sub:lpm_add_sub_component|add_sub_nmh:auto_generated|op_1~40             ; out0             ;
; |Memory|lpm_add_sub0:inst23|lpm_add_sub:lpm_add_sub_component|add_sub_nmh:auto_generated|op_1~41          ; |Memory|lpm_add_sub0:inst23|lpm_add_sub:lpm_add_sub_component|add_sub_nmh:auto_generated|op_1~41             ; out0             ;
+-----------------------------------------------------------------------------------------------------------+--------------------------------------------------------------------------------------------------------------+------------------+


+---------------------+
; Simulator INI Usage ;
+--------+------------+
; Option ; Usage      ;
+--------+------------+


+--------------------+
; Simulator Messages ;
+--------------------+
Info: *******************************************************************
Info: Running Quartus II Simulator
    Info: Version 9.1 Build 222 10/21/2009 SJ Web Edition
    Info: Processing started: Sat Oct 21 14:18:49 2017
Info: Command: quartus_sim --read_settings_files=on --write_settings_files=off 4lab -c 4lab
Info: Using vector source file "E://SIFO/4lab/4lab.vwf"
Info: Overwriting simulation input file with simulation results
    Info: A backup of 4lab.vwf called 4lab.sim_ori.vwf has been created in the db folder
Info: Option to preserve fewer signal transitions to reduce memory requirements is enabled
    Info: Simulation has been partitioned into sub-simulations according to the maximum transition count determined by the engine. Transitions from memory will be flushed out to disk at the end of each sub-simulation to reduce memory requirements.
Info: Simulation partitioned into 1 sub-simulations
Info: Simulation coverage is      80.51 %
Info: Number of transitions in simulation is 5807
Info: Vector file 4lab.vwf is saved in VWF text format. You can compress it into CVWF format in order to reduce file size. For more details please refer to the Quartus II Help.
Info: Quartus II Simulator was successful. 0 errors, 0 warnings
    Info: Peak virtual memory: 161 megabytes
    Info: Processing ended: Sat Oct 21 14:18:50 2017
    Info: Elapsed time: 00:00:01
    Info: Total CPU time (on all processors): 00:00:02


