Analysis & Synthesis report for 8lab
Sun Dec 03 20:20:46 2017
Quartus II Version 9.1 Build 222 10/21/2009 SJ Web Edition


---------------------
; Table of Contents ;
---------------------
  1. Legal Notice
  2. Analysis & Synthesis Summary
  3. Analysis & Synthesis Settings
  4. Parallel Compilation
  5. Analysis & Synthesis Source Files Read
  6. Analysis & Synthesis Resource Usage Summary
  7. Analysis & Synthesis Resource Utilization by Entity
  8. General Register Statistics
  9. Source assignments for lpm_counter0:inst|lpm_counter:lpm_counter_component
 10. Parameter Settings for User Entity Instance: PHT:inst3|lpm_mux0:inst32|lpm_mux:lpm_mux_component
 11. Parameter Settings for User Entity Instance: PHT:inst3|lpm_dff0:inst|lpm_ff:lpm_ff_component
 12. Parameter Settings for User Entity Instance: PHT:inst3|lpm_decode0:inst16|lpm_decode:lpm_decode_component
 13. Parameter Settings for User Entity Instance: PHT:inst3|lpm_dff0:inst26|lpm_ff:lpm_ff_component
 14. Parameter Settings for User Entity Instance: PHT:inst3|lpm_dff0:inst27|lpm_ff:lpm_ff_component
 15. Parameter Settings for User Entity Instance: PHT:inst3|lpm_dff0:inst28|lpm_ff:lpm_ff_component
 16. Parameter Settings for User Entity Instance: PHT:inst3|lpm_dff0:inst29|lpm_ff:lpm_ff_component
 17. Parameter Settings for User Entity Instance: PHT:inst3|lpm_dff0:inst30|lpm_ff:lpm_ff_component
 18. Parameter Settings for User Entity Instance: PHT:inst3|lpm_dff0:inst31|lpm_ff:lpm_ff_component
 19. Parameter Settings for User Entity Instance: PHT:inst3|lpm_dff0:inst17|lpm_ff:lpm_ff_component
 20. Parameter Settings for User Entity Instance: PHT:inst3|lpm_dff0:inst18|lpm_ff:lpm_ff_component
 21. Parameter Settings for User Entity Instance: PHT:inst3|lpm_dff0:inst19|lpm_ff:lpm_ff_component
 22. Parameter Settings for User Entity Instance: PHT:inst3|lpm_dff0:inst20|lpm_ff:lpm_ff_component
 23. Parameter Settings for User Entity Instance: PHT:inst3|lpm_dff0:inst21|lpm_ff:lpm_ff_component
 24. Parameter Settings for User Entity Instance: PHT:inst3|lpm_dff0:inst22|lpm_ff:lpm_ff_component
 25. Parameter Settings for User Entity Instance: PHT:inst3|lpm_dff0:inst23|lpm_ff:lpm_ff_component
 26. Parameter Settings for User Entity Instance: PHT:inst3|lpm_dff0:inst24|lpm_ff:lpm_ff_component
 27. Parameter Settings for User Entity Instance: PHT:inst3|lpm_dff0:inst25|lpm_ff:lpm_ff_component
 28. Parameter Settings for User Entity Instance: lpm_or0:inst2|lpm_or:lpm_or_component
 29. Parameter Settings for User Entity Instance: lpm_counter0:inst|lpm_counter:lpm_counter_component
 30. Parameter Settings for User Entity Instance: lpm_shiftreg0:inst1|lpm_shiftreg:lpm_shiftreg_component
 31. lpm_shiftreg Parameter Settings by Entity Instance
 32. Analysis & Synthesis Messages



----------------
; Legal Notice ;
----------------
Copyright (C) 1991-2009 Altera Corporation
Your use of Altera Corporation's design tools, logic functions 
and other software and tools, and its AMPP partner logic 
functions, and any output files from any of the foregoing 
(including device programming or simulation files), and any 
associated documentation or information are expressly subject 
to the terms and conditions of the Altera Program License 
Subscription Agreement, Altera MegaCore Function License 
Agreement, or other applicable license agreement, including, 
without limitation, that your use is for the sole purpose of 
programming logic devices manufactured by Altera and sold by 
Altera or its authorized distributors.  Please refer to the 
applicable agreement for further details.



+-------------------------------------------------------------------------+
; Analysis & Synthesis Summary                                            ;
+-------------------------------+-----------------------------------------+
; Analysis & Synthesis Status   ; Successful - Sun Dec 03 20:20:46 2017   ;
; Quartus II Version            ; 9.1 Build 222 10/21/2009 SJ Web Edition ;
; Revision Name                 ; 8lab                                    ;
; Top-level Entity Name         ; Main                                    ;
; Family                        ; Stratix II                              ;
; Logic utilization             ; N/A                                     ;
;     Combinational ALUTs       ; 29                                      ;
;     Dedicated logic registers ; 25                                      ;
; Total registers               ; 25                                      ;
; Total pins                    ; 3                                       ;
; Total virtual pins            ; 0                                       ;
; Total block memory bits       ; 0                                       ;
; DSP block 9-bit elements      ; 0                                       ;
; Total PLLs                    ; 0                                       ;
; Total DLLs                    ; 0                                       ;
+-------------------------------+-----------------------------------------+


+----------------------------------------------------------------------------------------------------------------------+
; Analysis & Synthesis Settings                                                                                        ;
+----------------------------------------------------------------------------+--------------------+--------------------+
; Option                                                                     ; Setting            ; Default Value      ;
+----------------------------------------------------------------------------+--------------------+--------------------+
; Top-level entity name                                                      ; Main               ; 8lab               ;
; Family name                                                                ; Stratix II         ; Stratix II         ;
; Use Generated Physical Constraints File                                    ; Off                ;                    ;
; Use smart compilation                                                      ; Off                ; Off                ;
; Enable parallel Assembler and TimeQuest Timing Analyzer during compilation ; On                 ; On                 ;
; Enable compact report table                                                ; Off                ; Off                ;
; Restructure Multiplexers                                                   ; Auto               ; Auto               ;
; Create Debugging Nodes for IP Cores                                        ; Off                ; Off                ;
; Preserve fewer node names                                                  ; On                 ; On                 ;
; Disable OpenCore Plus hardware evaluation                                  ; Off                ; Off                ;
; Verilog Version                                                            ; Verilog_2001       ; Verilog_2001       ;
; VHDL Version                                                               ; VHDL_1993          ; VHDL_1993          ;
; State Machine Processing                                                   ; Auto               ; Auto               ;
; Safe State Machine                                                         ; Off                ; Off                ;
; Extract Verilog State Machines                                             ; On                 ; On                 ;
; Extract VHDL State Machines                                                ; On                 ; On                 ;
; Ignore Verilog initial constructs                                          ; Off                ; Off                ;
; Iteration limit for constant Verilog loops                                 ; 5000               ; 5000               ;
; Iteration limit for non-constant Verilog loops                             ; 250                ; 250                ;
; Add Pass-Through Logic to Inferred RAMs                                    ; On                 ; On                 ;
; Parallel Synthesis                                                         ; On                 ; On                 ;
; DSP Block Balancing                                                        ; Auto               ; Auto               ;
; NOT Gate Push-Back                                                         ; On                 ; On                 ;
; Power-Up Don't Care                                                        ; On                 ; On                 ;
; Remove Redundant Logic Cells                                               ; Off                ; Off                ;
; Remove Duplicate Registers                                                 ; On                 ; On                 ;
; Ignore CARRY Buffers                                                       ; Off                ; Off                ;
; Ignore CASCADE Buffers                                                     ; Off                ; Off                ;
; Ignore GLOBAL Buffers                                                      ; Off                ; Off                ;
; Ignore ROW GLOBAL Buffers                                                  ; Off                ; Off                ;
; Ignore LCELL Buffers                                                       ; Off                ; Off                ;
; Ignore SOFT Buffers                                                        ; On                 ; On                 ;
; Limit AHDL Integers to 32 Bits                                             ; Off                ; Off                ;
; Optimization Technique                                                     ; Balanced           ; Balanced           ;
; Carry Chain Length                                                         ; 70                 ; 70                 ;
; Auto Carry Chains                                                          ; On                 ; On                 ;
; Auto Open-Drain Pins                                                       ; On                 ; On                 ;
; Perform WYSIWYG Primitive Resynthesis                                      ; Off                ; Off                ;
; Auto ROM Replacement                                                       ; On                 ; On                 ;
; Auto RAM Replacement                                                       ; On                 ; On                 ;
; Auto DSP Block Replacement                                                 ; On                 ; On                 ;
; Auto Shift Register Replacement                                            ; Auto               ; Auto               ;
; Auto Clock Enable Replacement                                              ; On                 ; On                 ;
; Strict RAM Replacement                                                     ; Off                ; Off                ;
; Allow Synchronous Control Signals                                          ; On                 ; On                 ;
; Force Use of Synchronous Clear Signals                                     ; Off                ; Off                ;
; Auto RAM Block Balancing                                                   ; On                 ; On                 ;
; Auto RAM to Logic Cell Conversion                                          ; Off                ; Off                ;
; Auto Resource Sharing                                                      ; Off                ; Off                ;
; Allow Any RAM Size For Recognition                                         ; Off                ; Off                ;
; Allow Any ROM Size For Recognition                                         ; Off                ; Off                ;
; Allow Any Shift Register Size For Recognition                              ; Off                ; Off                ;
; Use LogicLock Constraints during Resource Balancing                        ; On                 ; On                 ;
; Ignore translate_off and synthesis_off directives                          ; Off                ; Off                ;
; Timing-Driven Synthesis                                                    ; Off                ; Off                ;
; Show Parameter Settings Tables in Synthesis Report                         ; On                 ; On                 ;
; Ignore Maximum Fan-Out Assignments                                         ; Off                ; Off                ;
; Synchronization Register Chain Length                                      ; 2                  ; 2                  ;
; PowerPlay Power Optimization                                               ; Normal compilation ; Normal compilation ;
; HDL message level                                                          ; Level2             ; Level2             ;
; Suppress Register Optimization Related Messages                            ; Off                ; Off                ;
; Number of Removed Registers Reported in Synthesis Report                   ; 100                ; 100                ;
; Number of Inverted Registers Reported in Synthesis Report                  ; 100                ; 100                ;
; Clock MUX Protection                                                       ; On                 ; On                 ;
; Auto Gated Clock Conversion                                                ; Off                ; Off                ;
; Block Design Naming                                                        ; Auto               ; Auto               ;
; SDC constraint protection                                                  ; Off                ; Off                ;
; Synthesis Effort                                                           ; Auto               ; Auto               ;
; Shift Register Replacement - Allow Asynchronous Clear Signal               ; On                 ; On                 ;
; Analysis & Synthesis Message Level                                         ; Medium             ; Medium             ;
; Disable Register Merging Across Hierarchies                                ; Auto               ; Auto               ;
; Resource Aware Inference For Block RAM                                     ; On                 ; On                 ;
+----------------------------------------------------------------------------+--------------------+--------------------+


Parallel compilation was disabled, but you have multiple processors available. Enable parallel compilation to reduce compilation time.
+-------------------------------------+
; Parallel Compilation                ;
+----------------------------+--------+
; Processors                 ; Number ;
+----------------------------+--------+
; Number detected on machine ; 2      ;
; Maximum allowed            ; 1      ;
+----------------------------+--------+


+---------------------------------------------------------------------------------------------------------------------------------------------------------+
; Analysis & Synthesis Source Files Read                                                                                                                  ;
+----------------------------------+-----------------+------------------------------------+---------------------------------------------------------------+
; File Name with User-Entered Path ; Used in Netlist ; File Type                          ; File Name with Absolute Path                                  ;
+----------------------------------+-----------------+------------------------------------+---------------------------------------------------------------+
; Main.bdf                         ; yes             ; User Block Diagram/Schematic File  ; D:/SIFO/8lab/Main.bdf                                         ;
; PHT.bdf                          ; yes             ; User Block Diagram/Schematic File  ; D:/SIFO/8lab/PHT.bdf                                          ;
; lpm_mux0.tdf                     ; yes             ; Auto-Found Wizard-Generated File   ; D:/SIFO/8lab/lpm_mux0.tdf                                     ;
; lpm_mux.inc                      ; yes             ; Auto-Found AHDL File               ; c:/altera/91/quartus/libraries/megafunctions/lpm_mux.inc      ;
; lpm_mux.tdf                      ; yes             ; Megafunction                       ; c:/altera/91/quartus/libraries/megafunctions/lpm_mux.tdf      ;
; db/mux_gpc.tdf                   ; yes             ; Auto-Generated Megafunction        ; D:/SIFO/8lab/db/mux_gpc.tdf                                   ;
; lpm_dff0.tdf                     ; yes             ; Auto-Found Wizard-Generated File   ; D:/SIFO/8lab/lpm_dff0.tdf                                     ;
; lpm_ff.inc                       ; yes             ; Auto-Found AHDL File               ; c:/altera/91/quartus/libraries/megafunctions/lpm_ff.inc       ;
; lpm_ff.tdf                       ; yes             ; Megafunction                       ; c:/altera/91/quartus/libraries/megafunctions/lpm_ff.tdf       ;
; lpm_decode0.tdf                  ; yes             ; Auto-Found Wizard-Generated File   ; D:/SIFO/8lab/lpm_decode0.tdf                                  ;
; lpm_decode.inc                   ; yes             ; Megafunction                       ; c:/altera/91/quartus/libraries/megafunctions/lpm_decode.inc   ;
; lpm_decode.tdf                   ; yes             ; Megafunction                       ; c:/altera/91/quartus/libraries/megafunctions/lpm_decode.tdf   ;
; db/decode_e9f.tdf                ; yes             ; Auto-Generated Megafunction        ; D:/SIFO/8lab/db/decode_e9f.tdf                                ;
; lpm_or0.tdf                      ; yes             ; Auto-Found Wizard-Generated File   ; D:/SIFO/8lab/lpm_or0.tdf                                      ;
; lpm_or.inc                       ; yes             ; Auto-Found AHDL File               ; c:/altera/91/quartus/libraries/megafunctions/lpm_or.inc       ;
; lpm_or.tdf                       ; yes             ; Megafunction                       ; c:/altera/91/quartus/libraries/megafunctions/lpm_or.tdf       ;
; lpm_counter0.tdf                 ; yes             ; Auto-Found Wizard-Generated File   ; D:/SIFO/8lab/lpm_counter0.tdf                                 ;
; lpm_counter.inc                  ; yes             ; Megafunction                       ; c:/altera/91/quartus/libraries/megafunctions/lpm_counter.inc  ;
; lpm_counter.tdf                  ; yes             ; Megafunction                       ; c:/altera/91/quartus/libraries/megafunctions/lpm_counter.tdf  ;
; db/cntr_qlh.tdf                  ; yes             ; Auto-Generated Megafunction        ; D:/SIFO/8lab/db/cntr_qlh.tdf                                  ;
; lpm_shiftreg0.tdf                ; yes             ; Auto-Found Wizard-Generated File   ; D:/SIFO/8lab/lpm_shiftreg0.tdf                                ;
; lpm_shiftreg.inc                 ; yes             ; Auto-Found AHDL File               ; c:/altera/91/quartus/libraries/megafunctions/lpm_shiftreg.inc ;
; lpm_shiftreg.tdf                 ; yes             ; Megafunction                       ; c:/altera/91/quartus/libraries/megafunctions/lpm_shiftreg.tdf ;
+----------------------------------+-----------------+------------------------------------+---------------------------------------------------------------+


+-------------------------------------------------------+
; Analysis & Synthesis Resource Usage Summary           ;
+-----------------------------------------------+-------+
; Resource                                      ; Usage ;
+-----------------------------------------------+-------+
; Estimated ALUTs Used                          ; 29    ;
; Dedicated logic registers                     ; 25    ;
;                                               ;       ;
; Estimated ALUTs Unavailable                   ; 1     ;
;                                               ;       ;
; Total combinational functions                 ; 29    ;
; Combinational ALUT usage by number of inputs  ;       ;
;     -- 7 input functions                      ; 1     ;
;     -- 6 input functions                      ; 4     ;
;     -- 5 input functions                      ; 0     ;
;     -- 4 input functions                      ; 16    ;
;     -- <=3 input functions                    ; 8     ;
;                                               ;       ;
; Combinational ALUTs by mode                   ;       ;
;     -- normal mode                            ; 24    ;
;     -- extended LUT mode                      ; 1     ;
;     -- arithmetic mode                        ; 4     ;
;     -- shared arithmetic mode                 ; 0     ;
;                                               ;       ;
; Estimated ALUT/register pairs used            ; 40    ;
;                                               ;       ;
; Total registers                               ; 25    ;
;     -- Dedicated logic registers              ; 25    ;
;     -- I/O registers                          ; 0     ;
;                                               ;       ;
; Estimated ALMs:  partially or completely used ; 20    ;
;                                               ;       ;
; I/O pins                                      ; 3     ;
; Maximum fan-out node                          ; clock ;
; Maximum fan-out                               ; 25    ;
; Total fan-out                                 ; 177   ;
; Average fan-out                               ; 3.11  ;
+-----------------------------------------------+-------+


+-----------------------------------------------------------------------------------------------------------------------------------------------------------------------------------------------------------------------------------------------------------------------------------------+
; Analysis & Synthesis Resource Utilization by Entity                                                                                                                                                                                                                                     ;
+---------------------------------------------+-------------------+--------------+-------------------+--------------+---------+-----------+-----------+------+--------------+----------------------------------------------------------------------------------------------+--------------+
; Compilation Hierarchy Node                  ; LC Combinationals ; LC Registers ; Block Memory Bits ; DSP Elements ; DSP 9x9 ; DSP 18x18 ; DSP 36x36 ; Pins ; Virtual Pins ; Full Hierarchy Name                                                                          ; Library Name ;
+---------------------------------------------+-------------------+--------------+-------------------+--------------+---------+-----------+-----------+------+--------------+----------------------------------------------------------------------------------------------+--------------+
; |Main                                       ; 29 (1)            ; 25 (1)       ; 0                 ; 0            ; 0       ; 0         ; 0         ; 3    ; 0            ; |Main                                                                                        ; work         ;
;    |PHT:inst3|                              ; 20 (0)            ; 16 (0)       ; 0                 ; 0            ; 0       ; 0         ; 0         ; 0    ; 0            ; |Main|PHT:inst3                                                                              ;              ;
;       |lpm_decode0:inst16|                  ; 16 (0)            ; 0 (0)        ; 0                 ; 0            ; 0       ; 0         ; 0         ; 0    ; 0            ; |Main|PHT:inst3|lpm_decode0:inst16                                                           ; work         ;
;          |lpm_decode:lpm_decode_component|  ; 16 (0)            ; 0 (0)        ; 0                 ; 0            ; 0       ; 0         ; 0         ; 0    ; 0            ; |Main|PHT:inst3|lpm_decode0:inst16|lpm_decode:lpm_decode_component                           ; work         ;
;             |decode_e9f:auto_generated|     ; 16 (16)           ; 0 (0)        ; 0                 ; 0            ; 0       ; 0         ; 0         ; 0    ; 0            ; |Main|PHT:inst3|lpm_decode0:inst16|lpm_decode:lpm_decode_component|decode_e9f:auto_generated ; work         ;
;       |lpm_dff0:inst17|                     ; 0 (0)             ; 1 (0)        ; 0                 ; 0            ; 0       ; 0         ; 0         ; 0    ; 0            ; |Main|PHT:inst3|lpm_dff0:inst17                                                              ; work         ;
;          |lpm_ff:lpm_ff_component|          ; 0 (0)             ; 1 (1)        ; 0                 ; 0            ; 0       ; 0         ; 0         ; 0    ; 0            ; |Main|PHT:inst3|lpm_dff0:inst17|lpm_ff:lpm_ff_component                                      ; work         ;
;       |lpm_dff0:inst18|                     ; 0 (0)             ; 1 (0)        ; 0                 ; 0            ; 0       ; 0         ; 0         ; 0    ; 0            ; |Main|PHT:inst3|lpm_dff0:inst18                                                              ; work         ;
;          |lpm_ff:lpm_ff_component|          ; 0 (0)             ; 1 (1)        ; 0                 ; 0            ; 0       ; 0         ; 0         ; 0    ; 0            ; |Main|PHT:inst3|lpm_dff0:inst18|lpm_ff:lpm_ff_component                                      ; work         ;
;       |lpm_dff0:inst19|                     ; 0 (0)             ; 1 (0)        ; 0                 ; 0            ; 0       ; 0         ; 0         ; 0    ; 0            ; |Main|PHT:inst3|lpm_dff0:inst19                                                              ; work         ;
;          |lpm_ff:lpm_ff_component|          ; 0 (0)             ; 1 (1)        ; 0                 ; 0            ; 0       ; 0         ; 0         ; 0    ; 0            ; |Main|PHT:inst3|lpm_dff0:inst19|lpm_ff:lpm_ff_component                                      ; work         ;
;       |lpm_dff0:inst20|                     ; 0 (0)             ; 1 (0)        ; 0                 ; 0            ; 0       ; 0         ; 0         ; 0    ; 0            ; |Main|PHT:inst3|lpm_dff0:inst20                                                              ; work         ;
;          |lpm_ff:lpm_ff_component|          ; 0 (0)             ; 1 (1)        ; 0                 ; 0            ; 0       ; 0         ; 0         ; 0    ; 0            ; |Main|PHT:inst3|lpm_dff0:inst20|lpm_ff:lpm_ff_component                                      ; work         ;
;       |lpm_dff0:inst21|                     ; 0 (0)             ; 1 (0)        ; 0                 ; 0            ; 0       ; 0         ; 0         ; 0    ; 0            ; |Main|PHT:inst3|lpm_dff0:inst21                                                              ; work         ;
;          |lpm_ff:lpm_ff_component|          ; 0 (0)             ; 1 (1)        ; 0                 ; 0            ; 0       ; 0         ; 0         ; 0    ; 0            ; |Main|PHT:inst3|lpm_dff0:inst21|lpm_ff:lpm_ff_component                                      ; work         ;
;       |lpm_dff0:inst22|                     ; 0 (0)             ; 1 (0)        ; 0                 ; 0            ; 0       ; 0         ; 0         ; 0    ; 0            ; |Main|PHT:inst3|lpm_dff0:inst22                                                              ; work         ;
;          |lpm_ff:lpm_ff_component|          ; 0 (0)             ; 1 (1)        ; 0                 ; 0            ; 0       ; 0         ; 0         ; 0    ; 0            ; |Main|PHT:inst3|lpm_dff0:inst22|lpm_ff:lpm_ff_component                                      ; work         ;
;       |lpm_dff0:inst23|                     ; 0 (0)             ; 1 (0)        ; 0                 ; 0            ; 0       ; 0         ; 0         ; 0    ; 0            ; |Main|PHT:inst3|lpm_dff0:inst23                                                              ; work         ;
;          |lpm_ff:lpm_ff_component|          ; 0 (0)             ; 1 (1)        ; 0                 ; 0            ; 0       ; 0         ; 0         ; 0    ; 0            ; |Main|PHT:inst3|lpm_dff0:inst23|lpm_ff:lpm_ff_component                                      ; work         ;
;       |lpm_dff0:inst24|                     ; 0 (0)             ; 1 (0)        ; 0                 ; 0            ; 0       ; 0         ; 0         ; 0    ; 0            ; |Main|PHT:inst3|lpm_dff0:inst24                                                              ; work         ;
;          |lpm_ff:lpm_ff_component|          ; 0 (0)             ; 1 (1)        ; 0                 ; 0            ; 0       ; 0         ; 0         ; 0    ; 0            ; |Main|PHT:inst3|lpm_dff0:inst24|lpm_ff:lpm_ff_component                                      ; work         ;
;       |lpm_dff0:inst25|                     ; 0 (0)             ; 1 (0)        ; 0                 ; 0            ; 0       ; 0         ; 0         ; 0    ; 0            ; |Main|PHT:inst3|lpm_dff0:inst25                                                              ; work         ;
;          |lpm_ff:lpm_ff_component|          ; 0 (0)             ; 1 (1)        ; 0                 ; 0            ; 0       ; 0         ; 0         ; 0    ; 0            ; |Main|PHT:inst3|lpm_dff0:inst25|lpm_ff:lpm_ff_component                                      ; work         ;
;       |lpm_dff0:inst26|                     ; 0 (0)             ; 1 (0)        ; 0                 ; 0            ; 0       ; 0         ; 0         ; 0    ; 0            ; |Main|PHT:inst3|lpm_dff0:inst26                                                              ; work         ;
;          |lpm_ff:lpm_ff_component|          ; 0 (0)             ; 1 (1)        ; 0                 ; 0            ; 0       ; 0         ; 0         ; 0    ; 0            ; |Main|PHT:inst3|lpm_dff0:inst26|lpm_ff:lpm_ff_component                                      ; work         ;
;       |lpm_dff0:inst27|                     ; 0 (0)             ; 1 (0)        ; 0                 ; 0            ; 0       ; 0         ; 0         ; 0    ; 0            ; |Main|PHT:inst3|lpm_dff0:inst27                                                              ; work         ;
;          |lpm_ff:lpm_ff_component|          ; 0 (0)             ; 1 (1)        ; 0                 ; 0            ; 0       ; 0         ; 0         ; 0    ; 0            ; |Main|PHT:inst3|lpm_dff0:inst27|lpm_ff:lpm_ff_component                                      ; work         ;
;       |lpm_dff0:inst28|                     ; 0 (0)             ; 1 (0)        ; 0                 ; 0            ; 0       ; 0         ; 0         ; 0    ; 0            ; |Main|PHT:inst3|lpm_dff0:inst28                                                              ; work         ;
;          |lpm_ff:lpm_ff_component|          ; 0 (0)             ; 1 (1)        ; 0                 ; 0            ; 0       ; 0         ; 0         ; 0    ; 0            ; |Main|PHT:inst3|lpm_dff0:inst28|lpm_ff:lpm_ff_component                                      ; work         ;
;       |lpm_dff0:inst29|                     ; 0 (0)             ; 1 (0)        ; 0                 ; 0            ; 0       ; 0         ; 0         ; 0    ; 0            ; |Main|PHT:inst3|lpm_dff0:inst29                                                              ; work         ;
;          |lpm_ff:lpm_ff_component|          ; 0 (0)             ; 1 (1)        ; 0                 ; 0            ; 0       ; 0         ; 0         ; 0    ; 0            ; |Main|PHT:inst3|lpm_dff0:inst29|lpm_ff:lpm_ff_component                                      ; work         ;
;       |lpm_dff0:inst30|                     ; 0 (0)             ; 1 (0)        ; 0                 ; 0            ; 0       ; 0         ; 0         ; 0    ; 0            ; |Main|PHT:inst3|lpm_dff0:inst30                                                              ; work         ;
;          |lpm_ff:lpm_ff_component|          ; 0 (0)             ; 1 (1)        ; 0                 ; 0            ; 0       ; 0         ; 0         ; 0    ; 0            ; |Main|PHT:inst3|lpm_dff0:inst30|lpm_ff:lpm_ff_component                                      ; work         ;
;       |lpm_dff0:inst31|                     ; 0 (0)             ; 1 (0)        ; 0                 ; 0            ; 0       ; 0         ; 0         ; 0    ; 0            ; |Main|PHT:inst3|lpm_dff0:inst31                                                              ; work         ;
;          |lpm_ff:lpm_ff_component|          ; 0 (0)             ; 1 (1)        ; 0                 ; 0            ; 0       ; 0         ; 0         ; 0    ; 0            ; |Main|PHT:inst3|lpm_dff0:inst31|lpm_ff:lpm_ff_component                                      ; work         ;
;       |lpm_dff0:inst|                       ; 0 (0)             ; 1 (0)        ; 0                 ; 0            ; 0       ; 0         ; 0         ; 0    ; 0            ; |Main|PHT:inst3|lpm_dff0:inst                                                                ; work         ;
;          |lpm_ff:lpm_ff_component|          ; 0 (0)             ; 1 (1)        ; 0                 ; 0            ; 0       ; 0         ; 0         ; 0    ; 0            ; |Main|PHT:inst3|lpm_dff0:inst|lpm_ff:lpm_ff_component                                        ; work         ;
;       |lpm_mux0:inst32|                     ; 4 (0)             ; 0 (0)        ; 0                 ; 0            ; 0       ; 0         ; 0         ; 0    ; 0            ; |Main|PHT:inst3|lpm_mux0:inst32                                                              ; work         ;
;          |lpm_mux:lpm_mux_component|        ; 4 (0)             ; 0 (0)        ; 0                 ; 0            ; 0       ; 0         ; 0         ; 0    ; 0            ; |Main|PHT:inst3|lpm_mux0:inst32|lpm_mux:lpm_mux_component                                    ; work         ;
;             |mux_gpc:auto_generated|        ; 4 (4)             ; 0 (0)        ; 0                 ; 0            ; 0       ; 0         ; 0         ; 0    ; 0            ; |Main|PHT:inst3|lpm_mux0:inst32|lpm_mux:lpm_mux_component|mux_gpc:auto_generated             ; work         ;
;    |lpm_counter0:inst|                      ; 4 (0)             ; 4 (0)        ; 0                 ; 0            ; 0       ; 0         ; 0         ; 0    ; 0            ; |Main|lpm_counter0:inst                                                                      ; work         ;
;       |lpm_counter:lpm_counter_component|   ; 4 (0)             ; 4 (0)        ; 0                 ; 0            ; 0       ; 0         ; 0         ; 0    ; 0            ; |Main|lpm_counter0:inst|lpm_counter:lpm_counter_component                                    ; work         ;
;          |cntr_qlh:auto_generated|          ; 4 (4)             ; 4 (4)        ; 0                 ; 0            ; 0       ; 0         ; 0         ; 0    ; 0            ; |Main|lpm_counter0:inst|lpm_counter:lpm_counter_component|cntr_qlh:auto_generated            ; work         ;
;    |lpm_or0:inst2|                          ; 4 (0)             ; 0 (0)        ; 0                 ; 0            ; 0       ; 0         ; 0         ; 0    ; 0            ; |Main|lpm_or0:inst2                                                                          ; work         ;
;       |lpm_or:lpm_or_component|             ; 4 (4)             ; 0 (0)        ; 0                 ; 0            ; 0       ; 0         ; 0         ; 0    ; 0            ; |Main|lpm_or0:inst2|lpm_or:lpm_or_component                                                  ; work         ;
;    |lpm_shiftreg0:inst1|                    ; 0 (0)             ; 4 (0)        ; 0                 ; 0            ; 0       ; 0         ; 0         ; 0    ; 0            ; |Main|lpm_shiftreg0:inst1                                                                    ; work         ;
;       |lpm_shiftreg:lpm_shiftreg_component| ; 0 (0)             ; 4 (4)        ; 0                 ; 0            ; 0       ; 0         ; 0         ; 0    ; 0            ; |Main|lpm_shiftreg0:inst1|lpm_shiftreg:lpm_shiftreg_component                                ; work         ;
+---------------------------------------------+-------------------+--------------+-------------------+--------------+---------+-----------+-----------+------+--------------+----------------------------------------------------------------------------------------------+--------------+
Note: For table entries with two numbers listed, the numbers in parentheses indicate the number of resources of the given type used by the specific entity alone. The numbers listed outside of parentheses indicate the total resources of the given type used by the specific entity and all of its sub-entities in the hierarchy.


+------------------------------------------------------+
; General Register Statistics                          ;
+----------------------------------------------+-------+
; Statistic                                    ; Value ;
+----------------------------------------------+-------+
; Total registers                              ; 25    ;
; Number of registers using Synchronous Clear  ; 0     ;
; Number of registers using Synchronous Load   ; 0     ;
; Number of registers using Asynchronous Clear ; 0     ;
; Number of registers using Asynchronous Load  ; 0     ;
; Number of registers using Clock Enable       ; 16    ;
; Number of registers using Preset             ; 0     ;
+----------------------------------------------+-------+


+----------------------------------------------------------------------------+
; Source assignments for lpm_counter0:inst|lpm_counter:lpm_counter_component ;
+---------------------------+-------+------+---------------------------------+
; Assignment                ; Value ; From ; To                              ;
+---------------------------+-------+------+---------------------------------+
; SUPPRESS_DA_RULE_INTERNAL ; a101  ; -    ; -                               ;
; SUPPRESS_DA_RULE_INTERNAL ; s102  ; -    ; -                               ;
; SUPPRESS_DA_RULE_INTERNAL ; s103  ; -    ; -                               ;
+---------------------------+-------+------+---------------------------------+


+--------------------------------------------------------------------------------------------------+
; Parameter Settings for User Entity Instance: PHT:inst3|lpm_mux0:inst32|lpm_mux:lpm_mux_component ;
+------------------------+------------+------------------------------------------------------------+
; Parameter Name         ; Value      ; Type                                                       ;
+------------------------+------------+------------------------------------------------------------+
; AUTO_CARRY_CHAINS      ; ON         ; AUTO_CARRY                                                 ;
; IGNORE_CARRY_BUFFERS   ; OFF        ; IGNORE_CARRY                                               ;
; AUTO_CASCADE_CHAINS    ; ON         ; AUTO_CASCADE                                               ;
; IGNORE_CASCADE_BUFFERS ; OFF        ; IGNORE_CASCADE                                             ;
; LPM_WIDTH              ; 2          ; Untyped                                                    ;
; LPM_SIZE               ; 16         ; Untyped                                                    ;
; LPM_WIDTHS             ; 4          ; Untyped                                                    ;
; LPM_PIPELINE           ; 0          ; Untyped                                                    ;
; CBXI_PARAMETER         ; mux_gpc    ; Untyped                                                    ;
; DEVICE_FAMILY          ; Stratix II ; Untyped                                                    ;
+------------------------+------------+------------------------------------------------------------+
Note: In order to hide this table in the UI and the text report file, please set the "Show Parameter Settings Tables in Synthesis Report" option in "Analysis and Synthesis Settings -> More Settings" to "Off".


+----------------------------------------------------------------------------------------------+
; Parameter Settings for User Entity Instance: PHT:inst3|lpm_dff0:inst|lpm_ff:lpm_ff_component ;
+------------------------+------------+--------------------------------------------------------+
; Parameter Name         ; Value      ; Type                                                   ;
+------------------------+------------+--------------------------------------------------------+
; LPM_WIDTH              ; 2          ; Untyped                                                ;
; LPM_AVALUE             ; UNUSED     ; Untyped                                                ;
; LPM_SVALUE             ; UNUSED     ; Untyped                                                ;
; LPM_FFTYPE             ; DFF        ; Untyped                                                ;
; DEVICE_FAMILY          ; Stratix II ; Untyped                                                ;
; CBXI_PARAMETER         ; NOTHING    ; Untyped                                                ;
; AUTO_CARRY_CHAINS      ; ON         ; AUTO_CARRY                                             ;
; IGNORE_CARRY_BUFFERS   ; OFF        ; IGNORE_CARRY                                           ;
; AUTO_CASCADE_CHAINS    ; ON         ; AUTO_CASCADE                                           ;
; IGNORE_CASCADE_BUFFERS ; OFF        ; IGNORE_CASCADE                                         ;
+------------------------+------------+--------------------------------------------------------+
Note: In order to hide this table in the UI and the text report file, please set the "Show Parameter Settings Tables in Synthesis Report" option in "Analysis and Synthesis Settings -> More Settings" to "Off".


+-----------------------------------------------------------------------------------------------------------+
; Parameter Settings for User Entity Instance: PHT:inst3|lpm_decode0:inst16|lpm_decode:lpm_decode_component ;
+------------------------+------------+---------------------------------------------------------------------+
; Parameter Name         ; Value      ; Type                                                                ;
+------------------------+------------+---------------------------------------------------------------------+
; LPM_WIDTH              ; 4          ; Untyped                                                             ;
; LPM_DECODES            ; 16         ; Untyped                                                             ;
; LPM_PIPELINE           ; 0          ; Untyped                                                             ;
; CASCADE_CHAIN          ; MANUAL     ; Untyped                                                             ;
; DEVICE_FAMILY          ; Stratix II ; Untyped                                                             ;
; CBXI_PARAMETER         ; decode_e9f ; Untyped                                                             ;
; AUTO_CARRY_CHAINS      ; ON         ; AUTO_CARRY                                                          ;
; IGNORE_CARRY_BUFFERS   ; OFF        ; IGNORE_CARRY                                                        ;
; AUTO_CASCADE_CHAINS    ; ON         ; AUTO_CASCADE                                                        ;
; IGNORE_CASCADE_BUFFERS ; OFF        ; IGNORE_CASCADE                                                      ;
+------------------------+------------+---------------------------------------------------------------------+
Note: In order to hide this table in the UI and the text report file, please set the "Show Parameter Settings Tables in Synthesis Report" option in "Analysis and Synthesis Settings -> More Settings" to "Off".


+------------------------------------------------------------------------------------------------+
; Parameter Settings for User Entity Instance: PHT:inst3|lpm_dff0:inst26|lpm_ff:lpm_ff_component ;
+------------------------+------------+----------------------------------------------------------+
; Parameter Name         ; Value      ; Type                                                     ;
+------------------------+------------+----------------------------------------------------------+
; LPM_WIDTH              ; 2          ; Untyped                                                  ;
; LPM_AVALUE             ; UNUSED     ; Untyped                                                  ;
; LPM_SVALUE             ; UNUSED     ; Untyped                                                  ;
; LPM_FFTYPE             ; DFF        ; Untyped                                                  ;
; DEVICE_FAMILY          ; Stratix II ; Untyped                                                  ;
; CBXI_PARAMETER         ; NOTHING    ; Untyped                                                  ;
; AUTO_CARRY_CHAINS      ; ON         ; AUTO_CARRY                                               ;
; IGNORE_CARRY_BUFFERS   ; OFF        ; IGNORE_CARRY                                             ;
; AUTO_CASCADE_CHAINS    ; ON         ; AUTO_CASCADE                                             ;
; IGNORE_CASCADE_BUFFERS ; OFF        ; IGNORE_CASCADE                                           ;
+------------------------+------------+----------------------------------------------------------+
Note: In order to hide this table in the UI and the text report file, please set the "Show Parameter Settings Tables in Synthesis Report" option in "Analysis and Synthesis Settings -> More Settings" to "Off".


+------------------------------------------------------------------------------------------------+
; Parameter Settings for User Entity Instance: PHT:inst3|lpm_dff0:inst27|lpm_ff:lpm_ff_component ;
+------------------------+------------+----------------------------------------------------------+
; Parameter Name         ; Value      ; Type                                                     ;
+------------------------+------------+----------------------------------------------------------+
; LPM_WIDTH              ; 2          ; Untyped                                                  ;
; LPM_AVALUE             ; UNUSED     ; Untyped                                                  ;
; LPM_SVALUE             ; UNUSED     ; Untyped                                                  ;
; LPM_FFTYPE             ; DFF        ; Untyped                                                  ;
; DEVICE_FAMILY          ; Stratix II ; Untyped                                                  ;
; CBXI_PARAMETER         ; NOTHING    ; Untyped                                                  ;
; AUTO_CARRY_CHAINS      ; ON         ; AUTO_CARRY                                               ;
; IGNORE_CARRY_BUFFERS   ; OFF        ; IGNORE_CARRY                                             ;
; AUTO_CASCADE_CHAINS    ; ON         ; AUTO_CASCADE                                             ;
; IGNORE_CASCADE_BUFFERS ; OFF        ; IGNORE_CASCADE                                           ;
+------------------------+------------+----------------------------------------------------------+
Note: In order to hide this table in the UI and the text report file, please set the "Show Parameter Settings Tables in Synthesis Report" option in "Analysis and Synthesis Settings -> More Settings" to "Off".


+------------------------------------------------------------------------------------------------+
; Parameter Settings for User Entity Instance: PHT:inst3|lpm_dff0:inst28|lpm_ff:lpm_ff_component ;
+------------------------+------------+----------------------------------------------------------+
; Parameter Name         ; Value      ; Type                                                     ;
+------------------------+------------+----------------------------------------------------------+
; LPM_WIDTH              ; 2          ; Untyped                                                  ;
; LPM_AVALUE             ; UNUSED     ; Untyped                                                  ;
; LPM_SVALUE             ; UNUSED     ; Untyped                                                  ;
; LPM_FFTYPE             ; DFF        ; Untyped                                                  ;
; DEVICE_FAMILY          ; Stratix II ; Untyped                                                  ;
; CBXI_PARAMETER         ; NOTHING    ; Untyped                                                  ;
; AUTO_CARRY_CHAINS      ; ON         ; AUTO_CARRY                                               ;
; IGNORE_CARRY_BUFFERS   ; OFF        ; IGNORE_CARRY                                             ;
; AUTO_CASCADE_CHAINS    ; ON         ; AUTO_CASCADE                                             ;
; IGNORE_CASCADE_BUFFERS ; OFF        ; IGNORE_CASCADE                                           ;
+------------------------+------------+----------------------------------------------------------+
Note: In order to hide this table in the UI and the text report file, please set the "Show Parameter Settings Tables in Synthesis Report" option in "Analysis and Synthesis Settings -> More Settings" to "Off".


+------------------------------------------------------------------------------------------------+
; Parameter Settings for User Entity Instance: PHT:inst3|lpm_dff0:inst29|lpm_ff:lpm_ff_component ;
+------------------------+------------+----------------------------------------------------------+
; Parameter Name         ; Value      ; Type                                                     ;
+------------------------+------------+----------------------------------------------------------+
; LPM_WIDTH              ; 2          ; Untyped                                                  ;
; LPM_AVALUE             ; UNUSED     ; Untyped                                                  ;
; LPM_SVALUE             ; UNUSED     ; Untyped                                                  ;
; LPM_FFTYPE             ; DFF        ; Untyped                                                  ;
; DEVICE_FAMILY          ; Stratix II ; Untyped                                                  ;
; CBXI_PARAMETER         ; NOTHING    ; Untyped                                                  ;
; AUTO_CARRY_CHAINS      ; ON         ; AUTO_CARRY                                               ;
; IGNORE_CARRY_BUFFERS   ; OFF        ; IGNORE_CARRY                                             ;
; AUTO_CASCADE_CHAINS    ; ON         ; AUTO_CASCADE                                             ;
; IGNORE_CASCADE_BUFFERS ; OFF        ; IGNORE_CASCADE                                           ;
+------------------------+------------+----------------------------------------------------------+
Note: In order to hide this table in the UI and the text report file, please set the "Show Parameter Settings Tables in Synthesis Report" option in "Analysis and Synthesis Settings -> More Settings" to "Off".


+------------------------------------------------------------------------------------------------+
; Parameter Settings for User Entity Instance: PHT:inst3|lpm_dff0:inst30|lpm_ff:lpm_ff_component ;
+------------------------+------------+----------------------------------------------------------+
; Parameter Name         ; Value      ; Type                                                     ;
+------------------------+------------+----------------------------------------------------------+
; LPM_WIDTH              ; 2          ; Untyped                                                  ;
; LPM_AVALUE             ; UNUSED     ; Untyped                                                  ;
; LPM_SVALUE             ; UNUSED     ; Untyped                                                  ;
; LPM_FFTYPE             ; DFF        ; Untyped                                                  ;
; DEVICE_FAMILY          ; Stratix II ; Untyped                                                  ;
; CBXI_PARAMETER         ; NOTHING    ; Untyped                                                  ;
; AUTO_CARRY_CHAINS      ; ON         ; AUTO_CARRY                                               ;
; IGNORE_CARRY_BUFFERS   ; OFF        ; IGNORE_CARRY                                             ;
; AUTO_CASCADE_CHAINS    ; ON         ; AUTO_CASCADE                                             ;
; IGNORE_CASCADE_BUFFERS ; OFF        ; IGNORE_CASCADE                                           ;
+------------------------+------------+----------------------------------------------------------+
Note: In order to hide this table in the UI and the text report file, please set the "Show Parameter Settings Tables in Synthesis Report" option in "Analysis and Synthesis Settings -> More Settings" to "Off".


+------------------------------------------------------------------------------------------------+
; Parameter Settings for User Entity Instance: PHT:inst3|lpm_dff0:inst31|lpm_ff:lpm_ff_component ;
+------------------------+------------+----------------------------------------------------------+
; Parameter Name         ; Value      ; Type                                                     ;
+------------------------+------------+----------------------------------------------------------+
; LPM_WIDTH              ; 2          ; Untyped                                                  ;
; LPM_AVALUE             ; UNUSED     ; Untyped                                                  ;
; LPM_SVALUE             ; UNUSED     ; Untyped                                                  ;
; LPM_FFTYPE             ; DFF        ; Untyped                                                  ;
; DEVICE_FAMILY          ; Stratix II ; Untyped                                                  ;
; CBXI_PARAMETER         ; NOTHING    ; Untyped                                                  ;
; AUTO_CARRY_CHAINS      ; ON         ; AUTO_CARRY                                               ;
; IGNORE_CARRY_BUFFERS   ; OFF        ; IGNORE_CARRY                                             ;
; AUTO_CASCADE_CHAINS    ; ON         ; AUTO_CASCADE                                             ;
; IGNORE_CASCADE_BUFFERS ; OFF        ; IGNORE_CASCADE                                           ;
+------------------------+------------+----------------------------------------------------------+
Note: In order to hide this table in the UI and the text report file, please set the "Show Parameter Settings Tables in Synthesis Report" option in "Analysis and Synthesis Settings -> More Settings" to "Off".


+------------------------------------------------------------------------------------------------+
; Parameter Settings for User Entity Instance: PHT:inst3|lpm_dff0:inst17|lpm_ff:lpm_ff_component ;
+------------------------+------------+----------------------------------------------------------+
; Parameter Name         ; Value      ; Type                                                     ;
+------------------------+------------+----------------------------------------------------------+
; LPM_WIDTH              ; 2          ; Untyped                                                  ;
; LPM_AVALUE             ; UNUSED     ; Untyped                                                  ;
; LPM_SVALUE             ; UNUSED     ; Untyped                                                  ;
; LPM_FFTYPE             ; DFF        ; Untyped                                                  ;
; DEVICE_FAMILY          ; Stratix II ; Untyped                                                  ;
; CBXI_PARAMETER         ; NOTHING    ; Untyped                                                  ;
; AUTO_CARRY_CHAINS      ; ON         ; AUTO_CARRY                                               ;
; IGNORE_CARRY_BUFFERS   ; OFF        ; IGNORE_CARRY                                             ;
; AUTO_CASCADE_CHAINS    ; ON         ; AUTO_CASCADE                                             ;
; IGNORE_CASCADE_BUFFERS ; OFF        ; IGNORE_CASCADE                                           ;
+------------------------+------------+----------------------------------------------------------+
Note: In order to hide this table in the UI and the text report file, please set the "Show Parameter Settings Tables in Synthesis Report" option in "Analysis and Synthesis Settings -> More Settings" to "Off".


+------------------------------------------------------------------------------------------------+
; Parameter Settings for User Entity Instance: PHT:inst3|lpm_dff0:inst18|lpm_ff:lpm_ff_component ;
+------------------------+------------+----------------------------------------------------------+
; Parameter Name         ; Value      ; Type                                                     ;
+------------------------+------------+----------------------------------------------------------+
; LPM_WIDTH              ; 2          ; Untyped                                                  ;
; LPM_AVALUE             ; UNUSED     ; Untyped                                                  ;
; LPM_SVALUE             ; UNUSED     ; Untyped                                                  ;
; LPM_FFTYPE             ; DFF        ; Untyped                                                  ;
; DEVICE_FAMILY          ; Stratix II ; Untyped                                                  ;
; CBXI_PARAMETER         ; NOTHING    ; Untyped                                                  ;
; AUTO_CARRY_CHAINS      ; ON         ; AUTO_CARRY                                               ;
; IGNORE_CARRY_BUFFERS   ; OFF        ; IGNORE_CARRY                                             ;
; AUTO_CASCADE_CHAINS    ; ON         ; AUTO_CASCADE                                             ;
; IGNORE_CASCADE_BUFFERS ; OFF        ; IGNORE_CASCADE                                           ;
+------------------------+------------+----------------------------------------------------------+
Note: In order to hide this table in the UI and the text report file, please set the "Show Parameter Settings Tables in Synthesis Report" option in "Analysis and Synthesis Settings -> More Settings" to "Off".


+------------------------------------------------------------------------------------------------+
; Parameter Settings for User Entity Instance: PHT:inst3|lpm_dff0:inst19|lpm_ff:lpm_ff_component ;
+------------------------+------------+----------------------------------------------------------+
; Parameter Name         ; Value      ; Type                                                     ;
+------------------------+------------+----------------------------------------------------------+
; LPM_WIDTH              ; 2          ; Untyped                                                  ;
; LPM_AVALUE             ; UNUSED     ; Untyped                                                  ;
; LPM_SVALUE             ; UNUSED     ; Untyped                                                  ;
; LPM_FFTYPE             ; DFF        ; Untyped                                                  ;
; DEVICE_FAMILY          ; Stratix II ; Untyped                                                  ;
; CBXI_PARAMETER         ; NOTHING    ; Untyped                                                  ;
; AUTO_CARRY_CHAINS      ; ON         ; AUTO_CARRY                                               ;
; IGNORE_CARRY_BUFFERS   ; OFF        ; IGNORE_CARRY                                             ;
; AUTO_CASCADE_CHAINS    ; ON         ; AUTO_CASCADE                                             ;
; IGNORE_CASCADE_BUFFERS ; OFF        ; IGNORE_CASCADE                                           ;
+------------------------+------------+----------------------------------------------------------+
Note: In order to hide this table in the UI and the text report file, please set the "Show Parameter Settings Tables in Synthesis Report" option in "Analysis and Synthesis Settings -> More Settings" to "Off".


+------------------------------------------------------------------------------------------------+
; Parameter Settings for User Entity Instance: PHT:inst3|lpm_dff0:inst20|lpm_ff:lpm_ff_component ;
+------------------------+------------+----------------------------------------------------------+
; Parameter Name         ; Value      ; Type                                                     ;
+------------------------+------------+----------------------------------------------------------+
; LPM_WIDTH              ; 2          ; Untyped                                                  ;
; LPM_AVALUE             ; UNUSED     ; Untyped                                                  ;
; LPM_SVALUE             ; UNUSED     ; Untyped                                                  ;
; LPM_FFTYPE             ; DFF        ; Untyped                                                  ;
; DEVICE_FAMILY          ; Stratix II ; Untyped                                                  ;
; CBXI_PARAMETER         ; NOTHING    ; Untyped                                                  ;
; AUTO_CARRY_CHAINS      ; ON         ; AUTO_CARRY                                               ;
; IGNORE_CARRY_BUFFERS   ; OFF        ; IGNORE_CARRY                                             ;
; AUTO_CASCADE_CHAINS    ; ON         ; AUTO_CASCADE                                             ;
; IGNORE_CASCADE_BUFFERS ; OFF        ; IGNORE_CASCADE                                           ;
+------------------------+------------+----------------------------------------------------------+
Note: In order to hide this table in the UI and the text report file, please set the "Show Parameter Settings Tables in Synthesis Report" option in "Analysis and Synthesis Settings -> More Settings" to "Off".


+------------------------------------------------------------------------------------------------+
; Parameter Settings for User Entity Instance: PHT:inst3|lpm_dff0:inst21|lpm_ff:lpm_ff_component ;
+------------------------+------------+----------------------------------------------------------+
; Parameter Name         ; Value      ; Type                                                     ;
+------------------------+------------+----------------------------------------------------------+
; LPM_WIDTH              ; 2          ; Untyped                                                  ;
; LPM_AVALUE             ; UNUSED     ; Untyped                                                  ;
; LPM_SVALUE             ; UNUSED     ; Untyped                                                  ;
; LPM_FFTYPE             ; DFF        ; Untyped                                                  ;
; DEVICE_FAMILY          ; Stratix II ; Untyped                                                  ;
; CBXI_PARAMETER         ; NOTHING    ; Untyped                                                  ;
; AUTO_CARRY_CHAINS      ; ON         ; AUTO_CARRY                                               ;
; IGNORE_CARRY_BUFFERS   ; OFF        ; IGNORE_CARRY                                             ;
; AUTO_CASCADE_CHAINS    ; ON         ; AUTO_CASCADE                                             ;
; IGNORE_CASCADE_BUFFERS ; OFF        ; IGNORE_CASCADE                                           ;
+------------------------+------------+----------------------------------------------------------+
Note: In order to hide this table in the UI and the text report file, please set the "Show Parameter Settings Tables in Synthesis Report" option in "Analysis and Synthesis Settings -> More Settings" to "Off".


+------------------------------------------------------------------------------------------------+
; Parameter Settings for User Entity Instance: PHT:inst3|lpm_dff0:inst22|lpm_ff:lpm_ff_component ;
+------------------------+------------+----------------------------------------------------------+
; Parameter Name         ; Value      ; Type                                                     ;
+------------------------+------------+----------------------------------------------------------+
; LPM_WIDTH              ; 2          ; Untyped                                                  ;
; LPM_AVALUE             ; UNUSED     ; Untyped                                                  ;
; LPM_SVALUE             ; UNUSED     ; Untyped                                                  ;
; LPM_FFTYPE             ; DFF        ; Untyped                                                  ;
; DEVICE_FAMILY          ; Stratix II ; Untyped                                                  ;
; CBXI_PARAMETER         ; NOTHING    ; Untyped                                                  ;
; AUTO_CARRY_CHAINS      ; ON         ; AUTO_CARRY                                               ;
; IGNORE_CARRY_BUFFERS   ; OFF        ; IGNORE_CARRY                                             ;
; AUTO_CASCADE_CHAINS    ; ON         ; AUTO_CASCADE                                             ;
; IGNORE_CASCADE_BUFFERS ; OFF        ; IGNORE_CASCADE                                           ;
+------------------------+------------+----------------------------------------------------------+
Note: In order to hide this table in the UI and the text report file, please set the "Show Parameter Settings Tables in Synthesis Report" option in "Analysis and Synthesis Settings -> More Settings" to "Off".


+------------------------------------------------------------------------------------------------+
; Parameter Settings for User Entity Instance: PHT:inst3|lpm_dff0:inst23|lpm_ff:lpm_ff_component ;
+------------------------+------------+----------------------------------------------------------+
; Parameter Name         ; Value      ; Type                                                     ;
+------------------------+------------+----------------------------------------------------------+
; LPM_WIDTH              ; 2          ; Untyped                                                  ;
; LPM_AVALUE             ; UNUSED     ; Untyped                                                  ;
; LPM_SVALUE             ; UNUSED     ; Untyped                                                  ;
; LPM_FFTYPE             ; DFF        ; Untyped                                                  ;
; DEVICE_FAMILY          ; Stratix II ; Untyped                                                  ;
; CBXI_PARAMETER         ; NOTHING    ; Untyped                                                  ;
; AUTO_CARRY_CHAINS      ; ON         ; AUTO_CARRY                                               ;
; IGNORE_CARRY_BUFFERS   ; OFF        ; IGNORE_CARRY                                             ;
; AUTO_CASCADE_CHAINS    ; ON         ; AUTO_CASCADE                                             ;
; IGNORE_CASCADE_BUFFERS ; OFF        ; IGNORE_CASCADE                                           ;
+------------------------+------------+----------------------------------------------------------+
Note: In order to hide this table in the UI and the text report file, please set the "Show Parameter Settings Tables in Synthesis Report" option in "Analysis and Synthesis Settings -> More Settings" to "Off".


+------------------------------------------------------------------------------------------------+
; Parameter Settings for User Entity Instance: PHT:inst3|lpm_dff0:inst24|lpm_ff:lpm_ff_component ;
+------------------------+------------+----------------------------------------------------------+
; Parameter Name         ; Value      ; Type                                                     ;
+------------------------+------------+----------------------------------------------------------+
; LPM_WIDTH              ; 2          ; Untyped                                                  ;
; LPM_AVALUE             ; UNUSED     ; Untyped                                                  ;
; LPM_SVALUE             ; UNUSED     ; Untyped                                                  ;
; LPM_FFTYPE             ; DFF        ; Untyped                                                  ;
; DEVICE_FAMILY          ; Stratix II ; Untyped                                                  ;
; CBXI_PARAMETER         ; NOTHING    ; Untyped                                                  ;
; AUTO_CARRY_CHAINS      ; ON         ; AUTO_CARRY                                               ;
; IGNORE_CARRY_BUFFERS   ; OFF        ; IGNORE_CARRY                                             ;
; AUTO_CASCADE_CHAINS    ; ON         ; AUTO_CASCADE                                             ;
; IGNORE_CASCADE_BUFFERS ; OFF        ; IGNORE_CASCADE                                           ;
+------------------------+------------+----------------------------------------------------------+
Note: In order to hide this table in the UI and the text report file, please set the "Show Parameter Settings Tables in Synthesis Report" option in "Analysis and Synthesis Settings -> More Settings" to "Off".


+------------------------------------------------------------------------------------------------+
; Parameter Settings for User Entity Instance: PHT:inst3|lpm_dff0:inst25|lpm_ff:lpm_ff_component ;
+------------------------+------------+----------------------------------------------------------+
; Parameter Name         ; Value      ; Type                                                     ;
+------------------------+------------+----------------------------------------------------------+
; LPM_WIDTH              ; 2          ; Untyped                                                  ;
; LPM_AVALUE             ; UNUSED     ; Untyped                                                  ;
; LPM_SVALUE             ; UNUSED     ; Untyped                                                  ;
; LPM_FFTYPE             ; DFF        ; Untyped                                                  ;
; DEVICE_FAMILY          ; Stratix II ; Untyped                                                  ;
; CBXI_PARAMETER         ; NOTHING    ; Untyped                                                  ;
; AUTO_CARRY_CHAINS      ; ON         ; AUTO_CARRY                                               ;
; IGNORE_CARRY_BUFFERS   ; OFF        ; IGNORE_CARRY                                             ;
; AUTO_CASCADE_CHAINS    ; ON         ; AUTO_CASCADE                                             ;
; IGNORE_CASCADE_BUFFERS ; OFF        ; IGNORE_CASCADE                                           ;
+------------------------+------------+----------------------------------------------------------+
Note: In order to hide this table in the UI and the text report file, please set the "Show Parameter Settings Tables in Synthesis Report" option in "Analysis and Synthesis Settings -> More Settings" to "Off".


+------------------------------------------------------------------------------------+
; Parameter Settings for User Entity Instance: lpm_or0:inst2|lpm_or:lpm_or_component ;
+------------------------+------------+----------------------------------------------+
; Parameter Name         ; Value      ; Type                                         ;
+------------------------+------------+----------------------------------------------+
; AUTO_CARRY_CHAINS      ; ON         ; AUTO_CARRY                                   ;
; IGNORE_CARRY_BUFFERS   ; OFF        ; IGNORE_CARRY                                 ;
; AUTO_CASCADE_CHAINS    ; ON         ; AUTO_CASCADE                                 ;
; IGNORE_CASCADE_BUFFERS ; OFF        ; IGNORE_CASCADE                               ;
; LPM_WIDTH              ; 4          ; Untyped                                      ;
; LPM_SIZE               ; 2          ; Untyped                                      ;
; CARRY_CHAIN_LENGTH     ; 48         ; CARRY_CHAIN_LENGTH                           ;
; CARRY_CHAIN            ; MANUAL     ; Untyped                                      ;
; CASCADE_CHAIN          ; MANUAL     ; Untyped                                      ;
; DEVICE_FAMILY          ; Stratix II ; Untyped                                      ;
+------------------------+------------+----------------------------------------------+
Note: In order to hide this table in the UI and the text report file, please set the "Show Parameter Settings Tables in Synthesis Report" option in "Analysis and Synthesis Settings -> More Settings" to "Off".


+--------------------------------------------------------------------------------------------------+
; Parameter Settings for User Entity Instance: lpm_counter0:inst|lpm_counter:lpm_counter_component ;
+------------------------+-------------+-----------------------------------------------------------+
; Parameter Name         ; Value       ; Type                                                      ;
+------------------------+-------------+-----------------------------------------------------------+
; AUTO_CARRY_CHAINS      ; ON          ; AUTO_CARRY                                                ;
; IGNORE_CARRY_BUFFERS   ; OFF         ; IGNORE_CARRY                                              ;
; AUTO_CASCADE_CHAINS    ; ON          ; AUTO_CASCADE                                              ;
; IGNORE_CASCADE_BUFFERS ; OFF         ; IGNORE_CASCADE                                            ;
; LPM_WIDTH              ; 4           ; Untyped                                                   ;
; LPM_DIRECTION          ; UP          ; Untyped                                                   ;
; LPM_MODULUS            ; 0           ; Untyped                                                   ;
; LPM_AVALUE             ; UNUSED      ; Untyped                                                   ;
; LPM_SVALUE             ; UNUSED      ; Untyped                                                   ;
; LPM_PORT_UPDOWN        ; PORT_UNUSED ; Untyped                                                   ;
; DEVICE_FAMILY          ; Stratix II  ; Untyped                                                   ;
; CARRY_CHAIN            ; MANUAL      ; Untyped                                                   ;
; CARRY_CHAIN_LENGTH     ; 48          ; CARRY_CHAIN_LENGTH                                        ;
; NOT_GATE_PUSH_BACK     ; ON          ; NOT_GATE_PUSH_BACK                                        ;
; CARRY_CNT_EN           ; SMART       ; Untyped                                                   ;
; LABWIDE_SCLR           ; ON          ; Untyped                                                   ;
; USE_NEW_VERSION        ; TRUE        ; Untyped                                                   ;
; CBXI_PARAMETER         ; cntr_qlh    ; Untyped                                                   ;
+------------------------+-------------+-----------------------------------------------------------+
Note: In order to hide this table in the UI and the text report file, please set the "Show Parameter Settings Tables in Synthesis Report" option in "Analysis and Synthesis Settings -> More Settings" to "Off".


+------------------------------------------------------------------------------------------------------+
; Parameter Settings for User Entity Instance: lpm_shiftreg0:inst1|lpm_shiftreg:lpm_shiftreg_component ;
+------------------------+------------+----------------------------------------------------------------+
; Parameter Name         ; Value      ; Type                                                           ;
+------------------------+------------+----------------------------------------------------------------+
; LPM_WIDTH              ; 4          ; Untyped                                                        ;
; LPM_DIRECTION          ; LEFT       ; Untyped                                                        ;
; LPM_AVALUE             ; UNUSED     ; Untyped                                                        ;
; LPM_SVALUE             ; UNUSED     ; Untyped                                                        ;
; DEVICE_FAMILY          ; Stratix II ; Untyped                                                        ;
; AUTO_CARRY_CHAINS      ; ON         ; AUTO_CARRY                                                     ;
; IGNORE_CARRY_BUFFERS   ; OFF        ; IGNORE_CARRY                                                   ;
; AUTO_CASCADE_CHAINS    ; ON         ; AUTO_CASCADE                                                   ;
; IGNORE_CASCADE_BUFFERS ; OFF        ; IGNORE_CASCADE                                                 ;
+------------------------+------------+----------------------------------------------------------------+
Note: In order to hide this table in the UI and the text report file, please set the "Show Parameter Settings Tables in Synthesis Report" option in "Analysis and Synthesis Settings -> More Settings" to "Off".


+--------------------------------------------------------------------------------------+
; lpm_shiftreg Parameter Settings by Entity Instance                                   ;
+----------------------------+---------------------------------------------------------+
; Name                       ; Value                                                   ;
+----------------------------+---------------------------------------------------------+
; Number of entity instances ; 1                                                       ;
; Entity Instance            ; lpm_shiftreg0:inst1|lpm_shiftreg:lpm_shiftreg_component ;
;     -- LPM_WIDTH           ; 4                                                       ;
;     -- LPM_DIRECTION       ; LEFT                                                    ;
+----------------------------+---------------------------------------------------------+


+-------------------------------+
; Analysis & Synthesis Messages ;
+-------------------------------+
Info: *******************************************************************
Info: Running Quartus II Analysis & Synthesis
    Info: Version 9.1 Build 222 10/21/2009 SJ Web Edition
    Info: Processing started: Sun Dec 03 20:20:42 2017
Info: Command: quartus_map --read_settings_files=on --write_settings_files=off 8lab -c 8lab
Info: Found 1 design units, including 1 entities, in source file main.bdf
    Info: Found entity 1: Main
Info: Found 1 design units, including 1 entities, in source file pht.bdf
    Info: Found entity 1: PHT
Info: Elaborating entity "Main" for the top level hierarchy
Info: Elaborating entity "PHT" for hierarchy "PHT:inst3"
Warning: Using design file lpm_mux0.tdf, which is not specified as a design file for the current project, but contains definitions for 1 design units and 1 entities in project
    Info: Found entity 1: lpm_mux0
Info: Elaborating entity "lpm_mux0" for hierarchy "PHT:inst3|lpm_mux0:inst32"
Info: Elaborating entity "lpm_mux" for hierarchy "PHT:inst3|lpm_mux0:inst32|lpm_mux:lpm_mux_component"
Info: Elaborated megafunction instantiation "PHT:inst3|lpm_mux0:inst32|lpm_mux:lpm_mux_component"
Info: Instantiated megafunction "PHT:inst3|lpm_mux0:inst32|lpm_mux:lpm_mux_component" with the following parameter:
    Info: Parameter "LPM_TYPE" = "LPM_MUX"
    Info: Parameter "LPM_WIDTH" = "2"
    Info: Parameter "LPM_SIZE" = "16"
    Info: Parameter "LPM_WIDTHS" = "4"
Info: Found 1 design units, including 1 entities, in source file db/mux_gpc.tdf
    Info: Found entity 1: mux_gpc
Info: Elaborating entity "mux_gpc" for hierarchy "PHT:inst3|lpm_mux0:inst32|lpm_mux:lpm_mux_component|mux_gpc:auto_generated"
Warning: Using design file lpm_dff0.tdf, which is not specified as a design file for the current project, but contains definitions for 1 design units and 1 entities in project
    Info: Found entity 1: lpm_dff0
Info: Elaborating entity "lpm_dff0" for hierarchy "PHT:inst3|lpm_dff0:inst"
Info: Elaborating entity "lpm_ff" for hierarchy "PHT:inst3|lpm_dff0:inst|lpm_ff:lpm_ff_component"
Info: Elaborated megafunction instantiation "PHT:inst3|lpm_dff0:inst|lpm_ff:lpm_ff_component"
Info: Instantiated megafunction "PHT:inst3|lpm_dff0:inst|lpm_ff:lpm_ff_component" with the following parameter:
    Info: Parameter "LPM_TYPE" = "LPM_FF"
    Info: Parameter "LPM_WIDTH" = "2"
    Info: Parameter "LPM_FFTYPE" = "DFF"
Warning: Using design file lpm_decode0.tdf, which is not specified as a design file for the current project, but contains definitions for 1 design units and 1 entities in project
    Info: Found entity 1: lpm_decode0
Info: Elaborating entity "lpm_decode0" for hierarchy "PHT:inst3|lpm_decode0:inst16"
Info: Elaborating entity "lpm_decode" for hierarchy "PHT:inst3|lpm_decode0:inst16|lpm_decode:lpm_decode_component"
Info: Elaborated megafunction instantiation "PHT:inst3|lpm_decode0:inst16|lpm_decode:lpm_decode_component"
Info: Instantiated megafunction "PHT:inst3|lpm_decode0:inst16|lpm_decode:lpm_decode_component" with the following parameter:
    Info: Parameter "LPM_TYPE" = "LPM_DECODE"
    Info: Parameter "LPM_WIDTH" = "4"
    Info: Parameter "LPM_DECODES" = "16"
Info: Found 1 design units, including 1 entities, in source file db/decode_e9f.tdf
    Info: Found entity 1: decode_e9f
Info: Elaborating entity "decode_e9f" for hierarchy "PHT:inst3|lpm_decode0:inst16|lpm_decode:lpm_decode_component|decode_e9f:auto_generated"
Warning: Using design file lpm_or0.tdf, which is not specified as a design file for the current project, but contains definitions for 1 design units and 1 entities in project
    Info: Found entity 1: lpm_or0
Info: Elaborating entity "lpm_or0" for hierarchy "lpm_or0:inst2"
Info: Elaborating entity "lpm_or" for hierarchy "lpm_or0:inst2|lpm_or:lpm_or_component"
Info: Elaborated megafunction instantiation "lpm_or0:inst2|lpm_or:lpm_or_component"
Info: Instantiated megafunction "lpm_or0:inst2|lpm_or:lpm_or_component" with the following parameter:
    Info: Parameter "LPM_TYPE" = "LPM_OR"
    Info: Parameter "LPM_WIDTH" = "4"
    Info: Parameter "LPM_SIZE" = "2"
Warning: Using design file lpm_counter0.tdf, which is not specified as a design file for the current project, but contains definitions for 1 design units and 1 entities in project
    Info: Found entity 1: lpm_counter0
Info: Elaborating entity "lpm_counter0" for hierarchy "lpm_counter0:inst"
Info: Elaborating entity "lpm_counter" for hierarchy "lpm_counter0:inst|lpm_counter:lpm_counter_component"
Info: Elaborated megafunction instantiation "lpm_counter0:inst|lpm_counter:lpm_counter_component"
Info: Instantiated megafunction "lpm_counter0:inst|lpm_counter:lpm_counter_component" with the following parameter:
    Info: Parameter "LPM_TYPE" = "LPM_COUNTER"
    Info: Parameter "LPM_WIDTH" = "4"
    Info: Parameter "LPM_DIRECTION" = "UP"
    Info: Parameter "LPM_PORT_UPDOWN" = "PORT_UNUSED"
Info: Found 1 design units, including 1 entities, in source file db/cntr_qlh.tdf
    Info: Found entity 1: cntr_qlh
Info: Elaborating entity "cntr_qlh" for hierarchy "lpm_counter0:inst|lpm_counter:lpm_counter_component|cntr_qlh:auto_generated"
Warning: Using design file lpm_shiftreg0.tdf, which is not specified as a design file for the current project, but contains definitions for 1 design units and 1 entities in project
    Info: Found entity 1: lpm_shiftreg0
Info: Elaborating entity "lpm_shiftreg0" for hierarchy "lpm_shiftreg0:inst1"
Info: Elaborating entity "lpm_shiftreg" for hierarchy "lpm_shiftreg0:inst1|lpm_shiftreg:lpm_shiftreg_component"
Info: Elaborated megafunction instantiation "lpm_shiftreg0:inst1|lpm_shiftreg:lpm_shiftreg_component"
Info: Instantiated megafunction "lpm_shiftreg0:inst1|lpm_shiftreg:lpm_shiftreg_component" with the following parameter:
    Info: Parameter "LPM_TYPE" = "LPM_SHIFTREG"
    Info: Parameter "LPM_WIDTH" = "4"
    Info: Parameter "LPM_DIRECTION" = "LEFT"
Info: Ignored 2 buffer(s)
    Info: Ignored 2 CARRY buffer(s)
Warning: Ignored assignments for entity "8lab" -- entity does not exist in design
    Warning: Assignment for entity set_global_assignment -name LL_ROOT_REGION ON -entity 8lab -section_id "Root Region" was ignored
    Warning: Assignment for entity set_global_assignment -name LL_MEMBER_STATE LOCKED -entity 8lab -section_id "Root Region" was ignored
Info: Implemented 52 device resources after synthesis - the final resource count might be different
    Info: Implemented 2 input pins
    Info: Implemented 1 output pins
    Info: Implemented 49 logic cells
Info: Quartus II Analysis & Synthesis was successful. 0 errors, 9 warnings
    Info: Peak virtual memory: 283 megabytes
    Info: Processing ended: Sun Dec 03 20:20:46 2017
    Info: Elapsed time: 00:00:04
    Info: Total CPU time (on all processors): 00:00:03


