Simulator report for 8lab
Sun Dec 03 20:21:13 2017
Quartus II Version 9.1 Build 222 10/21/2009 SJ Web Edition


---------------------
; Table of Contents ;
---------------------
  1. Legal Notice
  2. Simulator Summary
  3. Simulator Settings
  4. Simulation Waveforms
  5. Coverage Summary
  6. Complete 1/0-Value Coverage
  7. Missing 1-Value Coverage
  8. Missing 0-Value Coverage
  9. Simulator INI Usage
 10. Simulator Messages



----------------
; Legal Notice ;
----------------
Copyright (C) 1991-2009 Altera Corporation
Your use of Altera Corporation's design tools, logic functions 
and other software and tools, and its AMPP partner logic 
functions, and any output files from any of the foregoing 
(including device programming or simulation files), and any 
associated documentation or information are expressly subject 
to the terms and conditions of the Altera Program License 
Subscription Agreement, Altera MegaCore Function License 
Agreement, or other applicable license agreement, including, 
without limitation, that your use is for the sole purpose of 
programming logic devices manufactured by Altera and sold by 
Altera or its authorized distributors.  Please refer to the 
applicable agreement for further details.



+--------------------------------------------+
; Simulator Summary                          ;
+-----------------------------+--------------+
; Type                        ; Value        ;
+-----------------------------+--------------+
; Simulation Start Time       ; 0 ps         ;
; Simulation End Time         ; 50.0 us      ;
; Simulation Netlist Size     ; 131 nodes    ;
; Simulation Coverage         ;      89.55 % ;
; Total Number of Transitions ; 201142       ;
; Simulation Breakpoints      ; 0            ;
; Family                      ; Stratix II   ;
+-----------------------------+--------------+


+-------------------------------------------------------------------------------------------------------------------------+
; Simulator Settings                                                                                                      ;
+--------------------------------------------------------------------------------------------+------------+---------------+
; Option                                                                                     ; Setting    ; Default Value ;
+--------------------------------------------------------------------------------------------+------------+---------------+
; Simulation mode                                                                            ; Functional ; Timing        ;
; Start time                                                                                 ; 0 ns       ; 0 ns          ;
; Simulation results format                                                                  ; CVWF       ;               ;
; Add pins automatically to simulation output waveforms                                      ; On         ; On            ;
; Check outputs                                                                              ; Off        ; Off           ;
; Report simulation coverage                                                                 ; On         ; On            ;
; Display complete 1/0 value coverage report                                                 ; On         ; On            ;
; Display missing 1-value coverage report                                                    ; On         ; On            ;
; Display missing 0-value coverage report                                                    ; On         ; On            ;
; Detect setup and hold time violations                                                      ; Off        ; Off           ;
; Detect glitches                                                                            ; Off        ; Off           ;
; Disable timing delays in Timing Simulation                                                 ; Off        ; Off           ;
; Generate Signal Activity File                                                              ; Off        ; Off           ;
; Generate VCD File for PowerPlay Power Analyzer                                             ; Off        ; Off           ;
; Group bus channels in simulation results                                                   ; Off        ; Off           ;
; Preserve fewer signal transitions to reduce memory requirements                            ; On         ; On            ;
; Trigger vector comparison with the specified mode                                          ; INPUT_EDGE ; INPUT_EDGE    ;
; Disable setup and hold time violations detection in input registers of bi-directional pins ; Off        ; Off           ;
; Overwrite Waveform Inputs With Simulation Outputs                                          ; On         ;               ;
; Perform Glitch Filtering in Timing Simulation                                              ; Auto       ; Auto          ;
+--------------------------------------------------------------------------------------------+------------+---------------+


+----------------------+
; Simulation Waveforms ;
+----------------------+
Waveform report data cannot be output to ASCII.
Please use Quartus II to view the waveform report data.


+--------------------------------------------------------------------+
; Coverage Summary                                                   ;
+-----------------------------------------------------+--------------+
; Type                                                ; Value        ;
+-----------------------------------------------------+--------------+
; Total coverage as a percentage                      ;      89.55 % ;
; Total nodes checked                                 ; 131          ;
; Total output ports checked                          ; 134          ;
; Total output ports with complete 1/0-value coverage ; 120          ;
; Total output ports with no 1/0-value coverage       ; 14           ;
; Total output ports with no 1-value coverage         ; 14           ;
; Total output ports with no 0-value coverage         ; 14           ;
+-----------------------------------------------------+--------------+


The following table displays output ports that toggle between 1 and 0 during simulation.
+----------------------------------------------------------------------------------------------------------------------------------------------------------------------------------------------------------------------------------------------+
; Complete 1/0-Value Coverage                                                                                                                                                                                                                  ;
+-------------------------------------------------------------------------------------------------------------+-------------------------------------------------------------------------------------------------------------+------------------+
; Node Name                                                                                                   ; Output Port Name                                                                                            ; Output Port Type ;
+-------------------------------------------------------------------------------------------------------------+-------------------------------------------------------------------------------------------------------------+------------------+
; |Main|prediction                                                                                            ; |Main|prediction                                                                                            ; pin_out          ;
; |Main|inst6                                                                                                 ; |Main|inst6                                                                                                 ; regout           ;
; |Main|clock                                                                                                 ; |Main|clock                                                                                                 ; out              ;
; |Main|inst7                                                                                                 ; |Main|inst7                                                                                                 ; out0             ;
; |Main|result                                                                                                ; |Main|result                                                                                                ; out              ;
; |Main|inst4                                                                                                 ; |Main|inst4                                                                                                 ; out0             ;
; |Main|lpm_shiftreg0:inst1|lpm_shiftreg:lpm_shiftreg_component|dffs[3]                                       ; |Main|lpm_shiftreg0:inst1|lpm_shiftreg:lpm_shiftreg_component|dffs[3]                                       ; regout           ;
; |Main|lpm_shiftreg0:inst1|lpm_shiftreg:lpm_shiftreg_component|dffs[2]                                       ; |Main|lpm_shiftreg0:inst1|lpm_shiftreg:lpm_shiftreg_component|dffs[2]                                       ; regout           ;
; |Main|lpm_shiftreg0:inst1|lpm_shiftreg:lpm_shiftreg_component|dffs[1]                                       ; |Main|lpm_shiftreg0:inst1|lpm_shiftreg:lpm_shiftreg_component|dffs[1]                                       ; regout           ;
; |Main|lpm_shiftreg0:inst1|lpm_shiftreg:lpm_shiftreg_component|dffs[0]                                       ; |Main|lpm_shiftreg0:inst1|lpm_shiftreg:lpm_shiftreg_component|dffs[0]                                       ; regout           ;
; |Main|lpm_counter0:inst|lpm_counter:lpm_counter_component|cntr_qlh:auto_generated|counter_comb_bita0        ; |Main|lpm_counter0:inst|lpm_counter:lpm_counter_component|cntr_qlh:auto_generated|counter_comb_bita0        ; sumout           ;
; |Main|lpm_counter0:inst|lpm_counter:lpm_counter_component|cntr_qlh:auto_generated|counter_comb_bita0        ; |Main|lpm_counter0:inst|lpm_counter:lpm_counter_component|cntr_qlh:auto_generated|counter_comb_bita0~COUT   ; cout             ;
; |Main|lpm_counter0:inst|lpm_counter:lpm_counter_component|cntr_qlh:auto_generated|counter_comb_bita1        ; |Main|lpm_counter0:inst|lpm_counter:lpm_counter_component|cntr_qlh:auto_generated|counter_comb_bita1        ; sumout           ;
; |Main|lpm_counter0:inst|lpm_counter:lpm_counter_component|cntr_qlh:auto_generated|counter_comb_bita1        ; |Main|lpm_counter0:inst|lpm_counter:lpm_counter_component|cntr_qlh:auto_generated|counter_comb_bita1~COUT   ; cout             ;
; |Main|lpm_counter0:inst|lpm_counter:lpm_counter_component|cntr_qlh:auto_generated|counter_comb_bita2        ; |Main|lpm_counter0:inst|lpm_counter:lpm_counter_component|cntr_qlh:auto_generated|counter_comb_bita2        ; sumout           ;
; |Main|lpm_counter0:inst|lpm_counter:lpm_counter_component|cntr_qlh:auto_generated|counter_comb_bita2        ; |Main|lpm_counter0:inst|lpm_counter:lpm_counter_component|cntr_qlh:auto_generated|counter_comb_bita2~COUT   ; cout             ;
; |Main|lpm_counter0:inst|lpm_counter:lpm_counter_component|cntr_qlh:auto_generated|counter_comb_bita3        ; |Main|lpm_counter0:inst|lpm_counter:lpm_counter_component|cntr_qlh:auto_generated|counter_comb_bita3        ; sumout           ;
; |Main|lpm_counter0:inst|lpm_counter:lpm_counter_component|cntr_qlh:auto_generated|counter_reg_bit1a[3]      ; |Main|lpm_counter0:inst|lpm_counter:lpm_counter_component|cntr_qlh:auto_generated|safe_q[3]                 ; regout           ;
; |Main|lpm_counter0:inst|lpm_counter:lpm_counter_component|cntr_qlh:auto_generated|counter_reg_bit1a[2]      ; |Main|lpm_counter0:inst|lpm_counter:lpm_counter_component|cntr_qlh:auto_generated|safe_q[2]                 ; regout           ;
; |Main|lpm_counter0:inst|lpm_counter:lpm_counter_component|cntr_qlh:auto_generated|counter_reg_bit1a[1]      ; |Main|lpm_counter0:inst|lpm_counter:lpm_counter_component|cntr_qlh:auto_generated|safe_q[1]                 ; regout           ;
; |Main|lpm_counter0:inst|lpm_counter:lpm_counter_component|cntr_qlh:auto_generated|counter_reg_bit1a[0]      ; |Main|lpm_counter0:inst|lpm_counter:lpm_counter_component|cntr_qlh:auto_generated|safe_q[0]                 ; regout           ;
; |Main|lpm_or0:inst2|lpm_or:lpm_or_component|or_node[3][1]                                                   ; |Main|lpm_or0:inst2|lpm_or:lpm_or_component|or_node[3][1]                                                   ; out0             ;
; |Main|lpm_or0:inst2|lpm_or:lpm_or_component|or_node[2][1]                                                   ; |Main|lpm_or0:inst2|lpm_or:lpm_or_component|or_node[2][1]                                                   ; out0             ;
; |Main|lpm_or0:inst2|lpm_or:lpm_or_component|or_node[1][1]                                                   ; |Main|lpm_or0:inst2|lpm_or:lpm_or_component|or_node[1][1]                                                   ; out0             ;
; |Main|lpm_or0:inst2|lpm_or:lpm_or_component|or_node[0][1]                                                   ; |Main|lpm_or0:inst2|lpm_or:lpm_or_component|or_node[0][1]                                                   ; out0             ;
; |Main|PHT:inst3|lpm_dff0:inst25|lpm_ff:lpm_ff_component|dffs[0]                                             ; |Main|PHT:inst3|lpm_dff0:inst25|lpm_ff:lpm_ff_component|dffs[0]                                             ; regout           ;
; |Main|PHT:inst3|lpm_dff0:inst23|lpm_ff:lpm_ff_component|dffs[0]                                             ; |Main|PHT:inst3|lpm_dff0:inst23|lpm_ff:lpm_ff_component|dffs[0]                                             ; regout           ;
; |Main|PHT:inst3|lpm_dff0:inst21|lpm_ff:lpm_ff_component|dffs[0]                                             ; |Main|PHT:inst3|lpm_dff0:inst21|lpm_ff:lpm_ff_component|dffs[0]                                             ; regout           ;
; |Main|PHT:inst3|lpm_dff0:inst19|lpm_ff:lpm_ff_component|dffs[0]                                             ; |Main|PHT:inst3|lpm_dff0:inst19|lpm_ff:lpm_ff_component|dffs[0]                                             ; regout           ;
; |Main|PHT:inst3|lpm_dff0:inst17|lpm_ff:lpm_ff_component|dffs[0]                                             ; |Main|PHT:inst3|lpm_dff0:inst17|lpm_ff:lpm_ff_component|dffs[0]                                             ; regout           ;
; |Main|PHT:inst3|lpm_dff0:inst31|lpm_ff:lpm_ff_component|dffs[0]                                             ; |Main|PHT:inst3|lpm_dff0:inst31|lpm_ff:lpm_ff_component|dffs[0]                                             ; regout           ;
; |Main|PHT:inst3|lpm_dff0:inst29|lpm_ff:lpm_ff_component|dffs[0]                                             ; |Main|PHT:inst3|lpm_dff0:inst29|lpm_ff:lpm_ff_component|dffs[0]                                             ; regout           ;
; |Main|PHT:inst3|lpm_dff0:inst27|lpm_ff:lpm_ff_component|dffs[0]                                             ; |Main|PHT:inst3|lpm_dff0:inst27|lpm_ff:lpm_ff_component|dffs[0]                                             ; regout           ;
; |Main|PHT:inst3|lpm_decode0:inst16|lpm_decode:lpm_decode_component|decode_e9f:auto_generated|w_anode102w[3] ; |Main|PHT:inst3|lpm_decode0:inst16|lpm_decode:lpm_decode_component|decode_e9f:auto_generated|w_anode102w[3] ; out0             ;
; |Main|PHT:inst3|lpm_decode0:inst16|lpm_decode:lpm_decode_component|decode_e9f:auto_generated|w_anode102w[2] ; |Main|PHT:inst3|lpm_decode0:inst16|lpm_decode:lpm_decode_component|decode_e9f:auto_generated|w_anode102w[2] ; out0             ;
; |Main|PHT:inst3|lpm_decode0:inst16|lpm_decode:lpm_decode_component|decode_e9f:auto_generated|w_anode102w[1] ; |Main|PHT:inst3|lpm_decode0:inst16|lpm_decode:lpm_decode_component|decode_e9f:auto_generated|w_anode102w[1] ; out0             ;
; |Main|PHT:inst3|lpm_decode0:inst16|lpm_decode:lpm_decode_component|decode_e9f:auto_generated|w_anode112w[3] ; |Main|PHT:inst3|lpm_decode0:inst16|lpm_decode:lpm_decode_component|decode_e9f:auto_generated|w_anode112w[3] ; out0             ;
; |Main|PHT:inst3|lpm_decode0:inst16|lpm_decode:lpm_decode_component|decode_e9f:auto_generated|w_anode112w[2] ; |Main|PHT:inst3|lpm_decode0:inst16|lpm_decode:lpm_decode_component|decode_e9f:auto_generated|w_anode112w[2] ; out0             ;
; |Main|PHT:inst3|lpm_decode0:inst16|lpm_decode:lpm_decode_component|decode_e9f:auto_generated|w_anode112w[1] ; |Main|PHT:inst3|lpm_decode0:inst16|lpm_decode:lpm_decode_component|decode_e9f:auto_generated|w_anode112w[1] ; out0             ;
; |Main|PHT:inst3|lpm_decode0:inst16|lpm_decode:lpm_decode_component|decode_e9f:auto_generated|w_anode122w[3] ; |Main|PHT:inst3|lpm_decode0:inst16|lpm_decode:lpm_decode_component|decode_e9f:auto_generated|w_anode122w[3] ; out0             ;
; |Main|PHT:inst3|lpm_decode0:inst16|lpm_decode:lpm_decode_component|decode_e9f:auto_generated|w_anode122w[2] ; |Main|PHT:inst3|lpm_decode0:inst16|lpm_decode:lpm_decode_component|decode_e9f:auto_generated|w_anode122w[2] ; out0             ;
; |Main|PHT:inst3|lpm_decode0:inst16|lpm_decode:lpm_decode_component|decode_e9f:auto_generated|w_anode122w[1] ; |Main|PHT:inst3|lpm_decode0:inst16|lpm_decode:lpm_decode_component|decode_e9f:auto_generated|w_anode122w[1] ; out0             ;
; |Main|PHT:inst3|lpm_decode0:inst16|lpm_decode:lpm_decode_component|decode_e9f:auto_generated|w_anode132w[3] ; |Main|PHT:inst3|lpm_decode0:inst16|lpm_decode:lpm_decode_component|decode_e9f:auto_generated|w_anode132w[3] ; out0             ;
; |Main|PHT:inst3|lpm_decode0:inst16|lpm_decode:lpm_decode_component|decode_e9f:auto_generated|w_anode132w[2] ; |Main|PHT:inst3|lpm_decode0:inst16|lpm_decode:lpm_decode_component|decode_e9f:auto_generated|w_anode132w[2] ; out0             ;
; |Main|PHT:inst3|lpm_decode0:inst16|lpm_decode:lpm_decode_component|decode_e9f:auto_generated|w_anode132w[1] ; |Main|PHT:inst3|lpm_decode0:inst16|lpm_decode:lpm_decode_component|decode_e9f:auto_generated|w_anode132w[1] ; out0             ;
; |Main|PHT:inst3|lpm_decode0:inst16|lpm_decode:lpm_decode_component|decode_e9f:auto_generated|w_anode142w[3] ; |Main|PHT:inst3|lpm_decode0:inst16|lpm_decode:lpm_decode_component|decode_e9f:auto_generated|w_anode142w[3] ; out0             ;
; |Main|PHT:inst3|lpm_decode0:inst16|lpm_decode:lpm_decode_component|decode_e9f:auto_generated|w_anode142w[2] ; |Main|PHT:inst3|lpm_decode0:inst16|lpm_decode:lpm_decode_component|decode_e9f:auto_generated|w_anode142w[2] ; out0             ;
; |Main|PHT:inst3|lpm_decode0:inst16|lpm_decode:lpm_decode_component|decode_e9f:auto_generated|w_anode142w[1] ; |Main|PHT:inst3|lpm_decode0:inst16|lpm_decode:lpm_decode_component|decode_e9f:auto_generated|w_anode142w[1] ; out0             ;
; |Main|PHT:inst3|lpm_decode0:inst16|lpm_decode:lpm_decode_component|decode_e9f:auto_generated|w_anode152w[3] ; |Main|PHT:inst3|lpm_decode0:inst16|lpm_decode:lpm_decode_component|decode_e9f:auto_generated|w_anode152w[3] ; out0             ;
; |Main|PHT:inst3|lpm_decode0:inst16|lpm_decode:lpm_decode_component|decode_e9f:auto_generated|w_anode152w[2] ; |Main|PHT:inst3|lpm_decode0:inst16|lpm_decode:lpm_decode_component|decode_e9f:auto_generated|w_anode152w[2] ; out0             ;
; |Main|PHT:inst3|lpm_decode0:inst16|lpm_decode:lpm_decode_component|decode_e9f:auto_generated|w_anode152w[1] ; |Main|PHT:inst3|lpm_decode0:inst16|lpm_decode:lpm_decode_component|decode_e9f:auto_generated|w_anode152w[1] ; out0             ;
; |Main|PHT:inst3|lpm_decode0:inst16|lpm_decode:lpm_decode_component|decode_e9f:auto_generated|w_anode162w[3] ; |Main|PHT:inst3|lpm_decode0:inst16|lpm_decode:lpm_decode_component|decode_e9f:auto_generated|w_anode162w[3] ; out0             ;
; |Main|PHT:inst3|lpm_decode0:inst16|lpm_decode:lpm_decode_component|decode_e9f:auto_generated|w_anode162w[2] ; |Main|PHT:inst3|lpm_decode0:inst16|lpm_decode:lpm_decode_component|decode_e9f:auto_generated|w_anode162w[2] ; out0             ;
; |Main|PHT:inst3|lpm_decode0:inst16|lpm_decode:lpm_decode_component|decode_e9f:auto_generated|w_anode162w[1] ; |Main|PHT:inst3|lpm_decode0:inst16|lpm_decode:lpm_decode_component|decode_e9f:auto_generated|w_anode162w[1] ; out0             ;
; |Main|PHT:inst3|lpm_decode0:inst16|lpm_decode:lpm_decode_component|decode_e9f:auto_generated|w_anode21w[3]  ; |Main|PHT:inst3|lpm_decode0:inst16|lpm_decode:lpm_decode_component|decode_e9f:auto_generated|w_anode21w[3]  ; out0             ;
; |Main|PHT:inst3|lpm_decode0:inst16|lpm_decode:lpm_decode_component|decode_e9f:auto_generated|w_anode21w[2]  ; |Main|PHT:inst3|lpm_decode0:inst16|lpm_decode:lpm_decode_component|decode_e9f:auto_generated|w_anode21w[2]  ; out0             ;
; |Main|PHT:inst3|lpm_decode0:inst16|lpm_decode:lpm_decode_component|decode_e9f:auto_generated|w_anode21w[1]  ; |Main|PHT:inst3|lpm_decode0:inst16|lpm_decode:lpm_decode_component|decode_e9f:auto_generated|w_anode21w[1]  ; out0             ;
; |Main|PHT:inst3|lpm_decode0:inst16|lpm_decode:lpm_decode_component|decode_e9f:auto_generated|w_anode31w[3]  ; |Main|PHT:inst3|lpm_decode0:inst16|lpm_decode:lpm_decode_component|decode_e9f:auto_generated|w_anode31w[3]  ; out0             ;
; |Main|PHT:inst3|lpm_decode0:inst16|lpm_decode:lpm_decode_component|decode_e9f:auto_generated|w_anode31w[2]  ; |Main|PHT:inst3|lpm_decode0:inst16|lpm_decode:lpm_decode_component|decode_e9f:auto_generated|w_anode31w[2]  ; out0             ;
; |Main|PHT:inst3|lpm_decode0:inst16|lpm_decode:lpm_decode_component|decode_e9f:auto_generated|w_anode31w[1]  ; |Main|PHT:inst3|lpm_decode0:inst16|lpm_decode:lpm_decode_component|decode_e9f:auto_generated|w_anode31w[1]  ; out0             ;
; |Main|PHT:inst3|lpm_decode0:inst16|lpm_decode:lpm_decode_component|decode_e9f:auto_generated|w_anode41w[3]  ; |Main|PHT:inst3|lpm_decode0:inst16|lpm_decode:lpm_decode_component|decode_e9f:auto_generated|w_anode41w[3]  ; out0             ;
; |Main|PHT:inst3|lpm_decode0:inst16|lpm_decode:lpm_decode_component|decode_e9f:auto_generated|w_anode41w[2]  ; |Main|PHT:inst3|lpm_decode0:inst16|lpm_decode:lpm_decode_component|decode_e9f:auto_generated|w_anode41w[2]  ; out0             ;
; |Main|PHT:inst3|lpm_decode0:inst16|lpm_decode:lpm_decode_component|decode_e9f:auto_generated|w_anode41w[1]  ; |Main|PHT:inst3|lpm_decode0:inst16|lpm_decode:lpm_decode_component|decode_e9f:auto_generated|w_anode41w[1]  ; out0             ;
; |Main|PHT:inst3|lpm_decode0:inst16|lpm_decode:lpm_decode_component|decode_e9f:auto_generated|w_anode4w[3]   ; |Main|PHT:inst3|lpm_decode0:inst16|lpm_decode:lpm_decode_component|decode_e9f:auto_generated|w_anode4w[3]   ; out0             ;
; |Main|PHT:inst3|lpm_decode0:inst16|lpm_decode:lpm_decode_component|decode_e9f:auto_generated|w_anode4w[2]   ; |Main|PHT:inst3|lpm_decode0:inst16|lpm_decode:lpm_decode_component|decode_e9f:auto_generated|w_anode4w[2]   ; out0             ;
; |Main|PHT:inst3|lpm_decode0:inst16|lpm_decode:lpm_decode_component|decode_e9f:auto_generated|w_anode4w[1]   ; |Main|PHT:inst3|lpm_decode0:inst16|lpm_decode:lpm_decode_component|decode_e9f:auto_generated|w_anode4w[1]   ; out0             ;
; |Main|PHT:inst3|lpm_decode0:inst16|lpm_decode:lpm_decode_component|decode_e9f:auto_generated|w_anode51w[3]  ; |Main|PHT:inst3|lpm_decode0:inst16|lpm_decode:lpm_decode_component|decode_e9f:auto_generated|w_anode51w[3]  ; out0             ;
; |Main|PHT:inst3|lpm_decode0:inst16|lpm_decode:lpm_decode_component|decode_e9f:auto_generated|w_anode51w[2]  ; |Main|PHT:inst3|lpm_decode0:inst16|lpm_decode:lpm_decode_component|decode_e9f:auto_generated|w_anode51w[2]  ; out0             ;
; |Main|PHT:inst3|lpm_decode0:inst16|lpm_decode:lpm_decode_component|decode_e9f:auto_generated|w_anode51w[1]  ; |Main|PHT:inst3|lpm_decode0:inst16|lpm_decode:lpm_decode_component|decode_e9f:auto_generated|w_anode51w[1]  ; out0             ;
; |Main|PHT:inst3|lpm_decode0:inst16|lpm_decode:lpm_decode_component|decode_e9f:auto_generated|w_anode61w[3]  ; |Main|PHT:inst3|lpm_decode0:inst16|lpm_decode:lpm_decode_component|decode_e9f:auto_generated|w_anode61w[3]  ; out0             ;
; |Main|PHT:inst3|lpm_decode0:inst16|lpm_decode:lpm_decode_component|decode_e9f:auto_generated|w_anode61w[2]  ; |Main|PHT:inst3|lpm_decode0:inst16|lpm_decode:lpm_decode_component|decode_e9f:auto_generated|w_anode61w[2]  ; out0             ;
; |Main|PHT:inst3|lpm_decode0:inst16|lpm_decode:lpm_decode_component|decode_e9f:auto_generated|w_anode61w[1]  ; |Main|PHT:inst3|lpm_decode0:inst16|lpm_decode:lpm_decode_component|decode_e9f:auto_generated|w_anode61w[1]  ; out0             ;
; |Main|PHT:inst3|lpm_decode0:inst16|lpm_decode:lpm_decode_component|decode_e9f:auto_generated|w_anode71w[3]  ; |Main|PHT:inst3|lpm_decode0:inst16|lpm_decode:lpm_decode_component|decode_e9f:auto_generated|w_anode71w[3]  ; out0             ;
; |Main|PHT:inst3|lpm_decode0:inst16|lpm_decode:lpm_decode_component|decode_e9f:auto_generated|w_anode71w[2]  ; |Main|PHT:inst3|lpm_decode0:inst16|lpm_decode:lpm_decode_component|decode_e9f:auto_generated|w_anode71w[2]  ; out0             ;
; |Main|PHT:inst3|lpm_decode0:inst16|lpm_decode:lpm_decode_component|decode_e9f:auto_generated|w_anode71w[1]  ; |Main|PHT:inst3|lpm_decode0:inst16|lpm_decode:lpm_decode_component|decode_e9f:auto_generated|w_anode71w[1]  ; out0             ;
; |Main|PHT:inst3|lpm_decode0:inst16|lpm_decode:lpm_decode_component|decode_e9f:auto_generated|w_anode81w[3]  ; |Main|PHT:inst3|lpm_decode0:inst16|lpm_decode:lpm_decode_component|decode_e9f:auto_generated|w_anode81w[3]  ; out0             ;
; |Main|PHT:inst3|lpm_decode0:inst16|lpm_decode:lpm_decode_component|decode_e9f:auto_generated|w_anode81w[2]  ; |Main|PHT:inst3|lpm_decode0:inst16|lpm_decode:lpm_decode_component|decode_e9f:auto_generated|w_anode81w[2]  ; out0             ;
; |Main|PHT:inst3|lpm_decode0:inst16|lpm_decode:lpm_decode_component|decode_e9f:auto_generated|w_anode81w[1]  ; |Main|PHT:inst3|lpm_decode0:inst16|lpm_decode:lpm_decode_component|decode_e9f:auto_generated|w_anode81w[1]  ; out0             ;
; |Main|PHT:inst3|lpm_decode0:inst16|lpm_decode:lpm_decode_component|decode_e9f:auto_generated|w_anode91w[3]  ; |Main|PHT:inst3|lpm_decode0:inst16|lpm_decode:lpm_decode_component|decode_e9f:auto_generated|w_anode91w[3]  ; out0             ;
; |Main|PHT:inst3|lpm_decode0:inst16|lpm_decode:lpm_decode_component|decode_e9f:auto_generated|w_anode91w[2]  ; |Main|PHT:inst3|lpm_decode0:inst16|lpm_decode:lpm_decode_component|decode_e9f:auto_generated|w_anode91w[2]  ; out0             ;
; |Main|PHT:inst3|lpm_decode0:inst16|lpm_decode:lpm_decode_component|decode_e9f:auto_generated|w_anode91w[1]  ; |Main|PHT:inst3|lpm_decode0:inst16|lpm_decode:lpm_decode_component|decode_e9f:auto_generated|w_anode91w[1]  ; out0             ;
; |Main|PHT:inst3|lpm_dff0:inst|lpm_ff:lpm_ff_component|dffs[0]                                               ; |Main|PHT:inst3|lpm_dff0:inst|lpm_ff:lpm_ff_component|dffs[0]                                               ; regout           ;
; |Main|PHT:inst3|lpm_mux0:inst32|lpm_mux:lpm_mux_component|mux_gpc:auto_generated|l1_w0_n0_mux_dataout~0     ; |Main|PHT:inst3|lpm_mux0:inst32|lpm_mux:lpm_mux_component|mux_gpc:auto_generated|l1_w0_n0_mux_dataout~0     ; out0             ;
; |Main|PHT:inst3|lpm_mux0:inst32|lpm_mux:lpm_mux_component|mux_gpc:auto_generated|l1_w0_n0_mux_dataout~1     ; |Main|PHT:inst3|lpm_mux0:inst32|lpm_mux:lpm_mux_component|mux_gpc:auto_generated|l1_w0_n0_mux_dataout~1     ; out0             ;
; |Main|PHT:inst3|lpm_mux0:inst32|lpm_mux:lpm_mux_component|mux_gpc:auto_generated|l1_w0_n0_mux_dataout       ; |Main|PHT:inst3|lpm_mux0:inst32|lpm_mux:lpm_mux_component|mux_gpc:auto_generated|l1_w0_n0_mux_dataout       ; out0             ;
; |Main|PHT:inst3|lpm_mux0:inst32|lpm_mux:lpm_mux_component|mux_gpc:auto_generated|l1_w0_n1_mux_dataout~0     ; |Main|PHT:inst3|lpm_mux0:inst32|lpm_mux:lpm_mux_component|mux_gpc:auto_generated|l1_w0_n1_mux_dataout~0     ; out0             ;
; |Main|PHT:inst3|lpm_mux0:inst32|lpm_mux:lpm_mux_component|mux_gpc:auto_generated|l1_w0_n1_mux_dataout       ; |Main|PHT:inst3|lpm_mux0:inst32|lpm_mux:lpm_mux_component|mux_gpc:auto_generated|l1_w0_n1_mux_dataout       ; out0             ;
; |Main|PHT:inst3|lpm_mux0:inst32|lpm_mux:lpm_mux_component|mux_gpc:auto_generated|l1_w0_n2_mux_dataout~0     ; |Main|PHT:inst3|lpm_mux0:inst32|lpm_mux:lpm_mux_component|mux_gpc:auto_generated|l1_w0_n2_mux_dataout~0     ; out0             ;
; |Main|PHT:inst3|lpm_mux0:inst32|lpm_mux:lpm_mux_component|mux_gpc:auto_generated|l1_w0_n2_mux_dataout       ; |Main|PHT:inst3|lpm_mux0:inst32|lpm_mux:lpm_mux_component|mux_gpc:auto_generated|l1_w0_n2_mux_dataout       ; out0             ;
; |Main|PHT:inst3|lpm_mux0:inst32|lpm_mux:lpm_mux_component|mux_gpc:auto_generated|l1_w0_n3_mux_dataout~0     ; |Main|PHT:inst3|lpm_mux0:inst32|lpm_mux:lpm_mux_component|mux_gpc:auto_generated|l1_w0_n3_mux_dataout~0     ; out0             ;
; |Main|PHT:inst3|lpm_mux0:inst32|lpm_mux:lpm_mux_component|mux_gpc:auto_generated|l1_w0_n3_mux_dataout       ; |Main|PHT:inst3|lpm_mux0:inst32|lpm_mux:lpm_mux_component|mux_gpc:auto_generated|l1_w0_n3_mux_dataout       ; out0             ;
; |Main|PHT:inst3|lpm_mux0:inst32|lpm_mux:lpm_mux_component|mux_gpc:auto_generated|l1_w0_n4_mux_dataout~0     ; |Main|PHT:inst3|lpm_mux0:inst32|lpm_mux:lpm_mux_component|mux_gpc:auto_generated|l1_w0_n4_mux_dataout~0     ; out0             ;
; |Main|PHT:inst3|lpm_mux0:inst32|lpm_mux:lpm_mux_component|mux_gpc:auto_generated|l1_w0_n4_mux_dataout       ; |Main|PHT:inst3|lpm_mux0:inst32|lpm_mux:lpm_mux_component|mux_gpc:auto_generated|l1_w0_n4_mux_dataout       ; out0             ;
; |Main|PHT:inst3|lpm_mux0:inst32|lpm_mux:lpm_mux_component|mux_gpc:auto_generated|l1_w0_n5_mux_dataout~0     ; |Main|PHT:inst3|lpm_mux0:inst32|lpm_mux:lpm_mux_component|mux_gpc:auto_generated|l1_w0_n5_mux_dataout~0     ; out0             ;
; |Main|PHT:inst3|lpm_mux0:inst32|lpm_mux:lpm_mux_component|mux_gpc:auto_generated|l1_w0_n5_mux_dataout       ; |Main|PHT:inst3|lpm_mux0:inst32|lpm_mux:lpm_mux_component|mux_gpc:auto_generated|l1_w0_n5_mux_dataout       ; out0             ;
; |Main|PHT:inst3|lpm_mux0:inst32|lpm_mux:lpm_mux_component|mux_gpc:auto_generated|l1_w0_n6_mux_dataout~0     ; |Main|PHT:inst3|lpm_mux0:inst32|lpm_mux:lpm_mux_component|mux_gpc:auto_generated|l1_w0_n6_mux_dataout~0     ; out0             ;
; |Main|PHT:inst3|lpm_mux0:inst32|lpm_mux:lpm_mux_component|mux_gpc:auto_generated|l1_w0_n6_mux_dataout       ; |Main|PHT:inst3|lpm_mux0:inst32|lpm_mux:lpm_mux_component|mux_gpc:auto_generated|l1_w0_n6_mux_dataout       ; out0             ;
; |Main|PHT:inst3|lpm_mux0:inst32|lpm_mux:lpm_mux_component|mux_gpc:auto_generated|l1_w0_n7_mux_dataout~0     ; |Main|PHT:inst3|lpm_mux0:inst32|lpm_mux:lpm_mux_component|mux_gpc:auto_generated|l1_w0_n7_mux_dataout~0     ; out0             ;
; |Main|PHT:inst3|lpm_mux0:inst32|lpm_mux:lpm_mux_component|mux_gpc:auto_generated|l1_w0_n7_mux_dataout       ; |Main|PHT:inst3|lpm_mux0:inst32|lpm_mux:lpm_mux_component|mux_gpc:auto_generated|l1_w0_n7_mux_dataout       ; out0             ;
; |Main|PHT:inst3|lpm_mux0:inst32|lpm_mux:lpm_mux_component|mux_gpc:auto_generated|l2_w0_n0_mux_dataout~0     ; |Main|PHT:inst3|lpm_mux0:inst32|lpm_mux:lpm_mux_component|mux_gpc:auto_generated|l2_w0_n0_mux_dataout~0     ; out0             ;
; |Main|PHT:inst3|lpm_mux0:inst32|lpm_mux:lpm_mux_component|mux_gpc:auto_generated|l2_w0_n0_mux_dataout~1     ; |Main|PHT:inst3|lpm_mux0:inst32|lpm_mux:lpm_mux_component|mux_gpc:auto_generated|l2_w0_n0_mux_dataout~1     ; out0             ;
; |Main|PHT:inst3|lpm_mux0:inst32|lpm_mux:lpm_mux_component|mux_gpc:auto_generated|l2_w0_n0_mux_dataout       ; |Main|PHT:inst3|lpm_mux0:inst32|lpm_mux:lpm_mux_component|mux_gpc:auto_generated|l2_w0_n0_mux_dataout       ; out0             ;
; |Main|PHT:inst3|lpm_mux0:inst32|lpm_mux:lpm_mux_component|mux_gpc:auto_generated|l2_w0_n1_mux_dataout~0     ; |Main|PHT:inst3|lpm_mux0:inst32|lpm_mux:lpm_mux_component|mux_gpc:auto_generated|l2_w0_n1_mux_dataout~0     ; out0             ;
; |Main|PHT:inst3|lpm_mux0:inst32|lpm_mux:lpm_mux_component|mux_gpc:auto_generated|l2_w0_n1_mux_dataout~1     ; |Main|PHT:inst3|lpm_mux0:inst32|lpm_mux:lpm_mux_component|mux_gpc:auto_generated|l2_w0_n1_mux_dataout~1     ; out0             ;
; |Main|PHT:inst3|lpm_mux0:inst32|lpm_mux:lpm_mux_component|mux_gpc:auto_generated|l2_w0_n1_mux_dataout       ; |Main|PHT:inst3|lpm_mux0:inst32|lpm_mux:lpm_mux_component|mux_gpc:auto_generated|l2_w0_n1_mux_dataout       ; out0             ;
; |Main|PHT:inst3|lpm_mux0:inst32|lpm_mux:lpm_mux_component|mux_gpc:auto_generated|l2_w0_n2_mux_dataout~0     ; |Main|PHT:inst3|lpm_mux0:inst32|lpm_mux:lpm_mux_component|mux_gpc:auto_generated|l2_w0_n2_mux_dataout~0     ; out0             ;
; |Main|PHT:inst3|lpm_mux0:inst32|lpm_mux:lpm_mux_component|mux_gpc:auto_generated|l2_w0_n2_mux_dataout~1     ; |Main|PHT:inst3|lpm_mux0:inst32|lpm_mux:lpm_mux_component|mux_gpc:auto_generated|l2_w0_n2_mux_dataout~1     ; out0             ;
; |Main|PHT:inst3|lpm_mux0:inst32|lpm_mux:lpm_mux_component|mux_gpc:auto_generated|l2_w0_n2_mux_dataout       ; |Main|PHT:inst3|lpm_mux0:inst32|lpm_mux:lpm_mux_component|mux_gpc:auto_generated|l2_w0_n2_mux_dataout       ; out0             ;
; |Main|PHT:inst3|lpm_mux0:inst32|lpm_mux:lpm_mux_component|mux_gpc:auto_generated|l2_w0_n3_mux_dataout~0     ; |Main|PHT:inst3|lpm_mux0:inst32|lpm_mux:lpm_mux_component|mux_gpc:auto_generated|l2_w0_n3_mux_dataout~0     ; out0             ;
; |Main|PHT:inst3|lpm_mux0:inst32|lpm_mux:lpm_mux_component|mux_gpc:auto_generated|l2_w0_n3_mux_dataout~1     ; |Main|PHT:inst3|lpm_mux0:inst32|lpm_mux:lpm_mux_component|mux_gpc:auto_generated|l2_w0_n3_mux_dataout~1     ; out0             ;
; |Main|PHT:inst3|lpm_mux0:inst32|lpm_mux:lpm_mux_component|mux_gpc:auto_generated|l2_w0_n3_mux_dataout       ; |Main|PHT:inst3|lpm_mux0:inst32|lpm_mux:lpm_mux_component|mux_gpc:auto_generated|l2_w0_n3_mux_dataout       ; out0             ;
; |Main|PHT:inst3|lpm_mux0:inst32|lpm_mux:lpm_mux_component|mux_gpc:auto_generated|l3_w0_n0_mux_dataout~0     ; |Main|PHT:inst3|lpm_mux0:inst32|lpm_mux:lpm_mux_component|mux_gpc:auto_generated|l3_w0_n0_mux_dataout~0     ; out0             ;
; |Main|PHT:inst3|lpm_mux0:inst32|lpm_mux:lpm_mux_component|mux_gpc:auto_generated|l3_w0_n0_mux_dataout~1     ; |Main|PHT:inst3|lpm_mux0:inst32|lpm_mux:lpm_mux_component|mux_gpc:auto_generated|l3_w0_n0_mux_dataout~1     ; out0             ;
; |Main|PHT:inst3|lpm_mux0:inst32|lpm_mux:lpm_mux_component|mux_gpc:auto_generated|l3_w0_n0_mux_dataout       ; |Main|PHT:inst3|lpm_mux0:inst32|lpm_mux:lpm_mux_component|mux_gpc:auto_generated|l3_w0_n0_mux_dataout       ; out0             ;
; |Main|PHT:inst3|lpm_mux0:inst32|lpm_mux:lpm_mux_component|mux_gpc:auto_generated|l3_w0_n1_mux_dataout~0     ; |Main|PHT:inst3|lpm_mux0:inst32|lpm_mux:lpm_mux_component|mux_gpc:auto_generated|l3_w0_n1_mux_dataout~0     ; out0             ;
; |Main|PHT:inst3|lpm_mux0:inst32|lpm_mux:lpm_mux_component|mux_gpc:auto_generated|l3_w0_n1_mux_dataout~1     ; |Main|PHT:inst3|lpm_mux0:inst32|lpm_mux:lpm_mux_component|mux_gpc:auto_generated|l3_w0_n1_mux_dataout~1     ; out0             ;
; |Main|PHT:inst3|lpm_mux0:inst32|lpm_mux:lpm_mux_component|mux_gpc:auto_generated|l3_w0_n1_mux_dataout       ; |Main|PHT:inst3|lpm_mux0:inst32|lpm_mux:lpm_mux_component|mux_gpc:auto_generated|l3_w0_n1_mux_dataout       ; out0             ;
; |Main|PHT:inst3|lpm_mux0:inst32|lpm_mux:lpm_mux_component|mux_gpc:auto_generated|l4_w0_n0_mux_dataout~0     ; |Main|PHT:inst3|lpm_mux0:inst32|lpm_mux:lpm_mux_component|mux_gpc:auto_generated|l4_w0_n0_mux_dataout~0     ; out0             ;
; |Main|PHT:inst3|lpm_mux0:inst32|lpm_mux:lpm_mux_component|mux_gpc:auto_generated|l4_w0_n0_mux_dataout~1     ; |Main|PHT:inst3|lpm_mux0:inst32|lpm_mux:lpm_mux_component|mux_gpc:auto_generated|l4_w0_n0_mux_dataout~1     ; out0             ;
; |Main|PHT:inst3|lpm_mux0:inst32|lpm_mux:lpm_mux_component|mux_gpc:auto_generated|l4_w0_n0_mux_dataout       ; |Main|PHT:inst3|lpm_mux0:inst32|lpm_mux:lpm_mux_component|mux_gpc:auto_generated|l4_w0_n0_mux_dataout       ; out0             ;
+-------------------------------------------------------------------------------------------------------------+-------------------------------------------------------------------------------------------------------------+------------------+


The following table displays output ports that do not toggle to 1 during simulation.
+--------------------------------------------------------------------------------------------------------------------------------------------------------------------------------------------------------------------------------------+
; Missing 1-Value Coverage                                                                                                                                                                                                             ;
+---------------------------------------------------------------------------------------------------------+---------------------------------------------------------------------------------------------------------+------------------+
; Node Name                                                                                               ; Output Port Name                                                                                        ; Output Port Type ;
+---------------------------------------------------------------------------------------------------------+---------------------------------------------------------------------------------------------------------+------------------+
; |Main|PHT:inst3|lpm_dff0:inst24|lpm_ff:lpm_ff_component|dffs[0]                                         ; |Main|PHT:inst3|lpm_dff0:inst24|lpm_ff:lpm_ff_component|dffs[0]                                         ; regout           ;
; |Main|PHT:inst3|lpm_dff0:inst22|lpm_ff:lpm_ff_component|dffs[0]                                         ; |Main|PHT:inst3|lpm_dff0:inst22|lpm_ff:lpm_ff_component|dffs[0]                                         ; regout           ;
; |Main|PHT:inst3|lpm_dff0:inst20|lpm_ff:lpm_ff_component|dffs[0]                                         ; |Main|PHT:inst3|lpm_dff0:inst20|lpm_ff:lpm_ff_component|dffs[0]                                         ; regout           ;
; |Main|PHT:inst3|lpm_dff0:inst18|lpm_ff:lpm_ff_component|dffs[0]                                         ; |Main|PHT:inst3|lpm_dff0:inst18|lpm_ff:lpm_ff_component|dffs[0]                                         ; regout           ;
; |Main|PHT:inst3|lpm_dff0:inst30|lpm_ff:lpm_ff_component|dffs[0]                                         ; |Main|PHT:inst3|lpm_dff0:inst30|lpm_ff:lpm_ff_component|dffs[0]                                         ; regout           ;
; |Main|PHT:inst3|lpm_dff0:inst28|lpm_ff:lpm_ff_component|dffs[0]                                         ; |Main|PHT:inst3|lpm_dff0:inst28|lpm_ff:lpm_ff_component|dffs[0]                                         ; regout           ;
; |Main|PHT:inst3|lpm_dff0:inst26|lpm_ff:lpm_ff_component|dffs[0]                                         ; |Main|PHT:inst3|lpm_dff0:inst26|lpm_ff:lpm_ff_component|dffs[0]                                         ; regout           ;
; |Main|PHT:inst3|lpm_mux0:inst32|lpm_mux:lpm_mux_component|mux_gpc:auto_generated|l1_w0_n1_mux_dataout~1 ; |Main|PHT:inst3|lpm_mux0:inst32|lpm_mux:lpm_mux_component|mux_gpc:auto_generated|l1_w0_n1_mux_dataout~1 ; out0             ;
; |Main|PHT:inst3|lpm_mux0:inst32|lpm_mux:lpm_mux_component|mux_gpc:auto_generated|l1_w0_n2_mux_dataout~1 ; |Main|PHT:inst3|lpm_mux0:inst32|lpm_mux:lpm_mux_component|mux_gpc:auto_generated|l1_w0_n2_mux_dataout~1 ; out0             ;
; |Main|PHT:inst3|lpm_mux0:inst32|lpm_mux:lpm_mux_component|mux_gpc:auto_generated|l1_w0_n3_mux_dataout~1 ; |Main|PHT:inst3|lpm_mux0:inst32|lpm_mux:lpm_mux_component|mux_gpc:auto_generated|l1_w0_n3_mux_dataout~1 ; out0             ;
; |Main|PHT:inst3|lpm_mux0:inst32|lpm_mux:lpm_mux_component|mux_gpc:auto_generated|l1_w0_n4_mux_dataout~1 ; |Main|PHT:inst3|lpm_mux0:inst32|lpm_mux:lpm_mux_component|mux_gpc:auto_generated|l1_w0_n4_mux_dataout~1 ; out0             ;
; |Main|PHT:inst3|lpm_mux0:inst32|lpm_mux:lpm_mux_component|mux_gpc:auto_generated|l1_w0_n5_mux_dataout~1 ; |Main|PHT:inst3|lpm_mux0:inst32|lpm_mux:lpm_mux_component|mux_gpc:auto_generated|l1_w0_n5_mux_dataout~1 ; out0             ;
; |Main|PHT:inst3|lpm_mux0:inst32|lpm_mux:lpm_mux_component|mux_gpc:auto_generated|l1_w0_n6_mux_dataout~1 ; |Main|PHT:inst3|lpm_mux0:inst32|lpm_mux:lpm_mux_component|mux_gpc:auto_generated|l1_w0_n6_mux_dataout~1 ; out0             ;
; |Main|PHT:inst3|lpm_mux0:inst32|lpm_mux:lpm_mux_component|mux_gpc:auto_generated|l1_w0_n7_mux_dataout~1 ; |Main|PHT:inst3|lpm_mux0:inst32|lpm_mux:lpm_mux_component|mux_gpc:auto_generated|l1_w0_n7_mux_dataout~1 ; out0             ;
+---------------------------------------------------------------------------------------------------------+---------------------------------------------------------------------------------------------------------+------------------+


The following table displays output ports that do not toggle to 0 during simulation.
+--------------------------------------------------------------------------------------------------------------------------------------------------------------------------------------------------------------------------------------+
; Missing 0-Value Coverage                                                                                                                                                                                                             ;
+---------------------------------------------------------------------------------------------------------+---------------------------------------------------------------------------------------------------------+------------------+
; Node Name                                                                                               ; Output Port Name                                                                                        ; Output Port Type ;
+---------------------------------------------------------------------------------------------------------+---------------------------------------------------------------------------------------------------------+------------------+
; |Main|PHT:inst3|lpm_dff0:inst24|lpm_ff:lpm_ff_component|dffs[0]                                         ; |Main|PHT:inst3|lpm_dff0:inst24|lpm_ff:lpm_ff_component|dffs[0]                                         ; regout           ;
; |Main|PHT:inst3|lpm_dff0:inst22|lpm_ff:lpm_ff_component|dffs[0]                                         ; |Main|PHT:inst3|lpm_dff0:inst22|lpm_ff:lpm_ff_component|dffs[0]                                         ; regout           ;
; |Main|PHT:inst3|lpm_dff0:inst20|lpm_ff:lpm_ff_component|dffs[0]                                         ; |Main|PHT:inst3|lpm_dff0:inst20|lpm_ff:lpm_ff_component|dffs[0]                                         ; regout           ;
; |Main|PHT:inst3|lpm_dff0:inst18|lpm_ff:lpm_ff_component|dffs[0]                                         ; |Main|PHT:inst3|lpm_dff0:inst18|lpm_ff:lpm_ff_component|dffs[0]                                         ; regout           ;
; |Main|PHT:inst3|lpm_dff0:inst30|lpm_ff:lpm_ff_component|dffs[0]                                         ; |Main|PHT:inst3|lpm_dff0:inst30|lpm_ff:lpm_ff_component|dffs[0]                                         ; regout           ;
; |Main|PHT:inst3|lpm_dff0:inst28|lpm_ff:lpm_ff_component|dffs[0]                                         ; |Main|PHT:inst3|lpm_dff0:inst28|lpm_ff:lpm_ff_component|dffs[0]                                         ; regout           ;
; |Main|PHT:inst3|lpm_dff0:inst26|lpm_ff:lpm_ff_component|dffs[0]                                         ; |Main|PHT:inst3|lpm_dff0:inst26|lpm_ff:lpm_ff_component|dffs[0]                                         ; regout           ;
; |Main|PHT:inst3|lpm_mux0:inst32|lpm_mux:lpm_mux_component|mux_gpc:auto_generated|l1_w0_n1_mux_dataout~1 ; |Main|PHT:inst3|lpm_mux0:inst32|lpm_mux:lpm_mux_component|mux_gpc:auto_generated|l1_w0_n1_mux_dataout~1 ; out0             ;
; |Main|PHT:inst3|lpm_mux0:inst32|lpm_mux:lpm_mux_component|mux_gpc:auto_generated|l1_w0_n2_mux_dataout~1 ; |Main|PHT:inst3|lpm_mux0:inst32|lpm_mux:lpm_mux_component|mux_gpc:auto_generated|l1_w0_n2_mux_dataout~1 ; out0             ;
; |Main|PHT:inst3|lpm_mux0:inst32|lpm_mux:lpm_mux_component|mux_gpc:auto_generated|l1_w0_n3_mux_dataout~1 ; |Main|PHT:inst3|lpm_mux0:inst32|lpm_mux:lpm_mux_component|mux_gpc:auto_generated|l1_w0_n3_mux_dataout~1 ; out0             ;
; |Main|PHT:inst3|lpm_mux0:inst32|lpm_mux:lpm_mux_component|mux_gpc:auto_generated|l1_w0_n4_mux_dataout~1 ; |Main|PHT:inst3|lpm_mux0:inst32|lpm_mux:lpm_mux_component|mux_gpc:auto_generated|l1_w0_n4_mux_dataout~1 ; out0             ;
; |Main|PHT:inst3|lpm_mux0:inst32|lpm_mux:lpm_mux_component|mux_gpc:auto_generated|l1_w0_n5_mux_dataout~1 ; |Main|PHT:inst3|lpm_mux0:inst32|lpm_mux:lpm_mux_component|mux_gpc:auto_generated|l1_w0_n5_mux_dataout~1 ; out0             ;
; |Main|PHT:inst3|lpm_mux0:inst32|lpm_mux:lpm_mux_component|mux_gpc:auto_generated|l1_w0_n6_mux_dataout~1 ; |Main|PHT:inst3|lpm_mux0:inst32|lpm_mux:lpm_mux_component|mux_gpc:auto_generated|l1_w0_n6_mux_dataout~1 ; out0             ;
; |Main|PHT:inst3|lpm_mux0:inst32|lpm_mux:lpm_mux_component|mux_gpc:auto_generated|l1_w0_n7_mux_dataout~1 ; |Main|PHT:inst3|lpm_mux0:inst32|lpm_mux:lpm_mux_component|mux_gpc:auto_generated|l1_w0_n7_mux_dataout~1 ; out0             ;
+---------------------------------------------------------------------------------------------------------+---------------------------------------------------------------------------------------------------------+------------------+


+---------------------+
; Simulator INI Usage ;
+--------+------------+
; Option ; Usage      ;
+--------+------------+


+--------------------+
; Simulator Messages ;
+--------------------+
Info: *******************************************************************
Info: Running Quartus II Simulator
    Info: Version 9.1 Build 222 10/21/2009 SJ Web Edition
    Info: Processing started: Sun Dec 03 20:21:12 2017
Info: Command: quartus_sim --read_settings_files=on --write_settings_files=off 8lab -c 8lab
Info: Using vector source file "D:/SIFO/8lab/8lab.vwf"
Info: Overwriting simulation input file with simulation results
    Info: A backup of 8lab.vwf called 8lab.sim_ori.vwf has been created in the db folder
Info: Option to preserve fewer signal transitions to reduce memory requirements is enabled
    Info: Simulation has been partitioned into sub-simulations according to the maximum transition count determined by the engine. Transitions from memory will be flushed out to disk at the end of each sub-simulation to reduce memory requirements.
Info: Simulation partitioned into 1 sub-simulations
Info: Simulation coverage is      89.55 %
Info: Number of transitions in simulation is 201142
Info: Vector file 8lab.vwf is saved in VWF text format. You can compress it into CVWF format in order to reduce file size. For more details please refer to the Quartus II Help.
Info: Quartus II Simulator was successful. 0 errors, 0 warnings
    Info: Peak virtual memory: 204 megabytes
    Info: Processing ended: Sun Dec 03 20:21:13 2017
    Info: Elapsed time: 00:00:01
    Info: Total CPU time (on all processors): 00:00:01


